        -:    0:Source:/Users/jubair/CLionProjects/untitled/test/catch.hh
        -:    0:Graph:./CMakeFiles/test_run.dir/test/gameTest.cpp.gcno
        -:    0:Data:./CMakeFiles/test_run.dir/test/gameTest.cpp.gcda
        -:    0:Runs:2
        -:    0:Programs:1
        -:    1:
        -:    2://              Copyright Catch2 Authors
        -:    3:// Distributed under the Boost Software License, Version 1.0.
        -:    4://   (See accompanying file LICENSE.txt or copy at
        -:    5://        https://www.boost.org/LICENSE_1_0.txt)
        -:    6:
        -:    7:// SPDX-License-Identifier: BSL-1.0
        -:    8:
        -:    9://  Catch v3.5.3
        -:   10://  Generated: 2024-03-01 22:05:55.031514
        -:   11://  ----------------------------------------------------------
        -:   12://  This file is an amalgamation of multiple different files.
        -:   13://  You probably shouldn't edit it directly.
        -:   14://  ----------------------------------------------------------
        -:   15:#ifndef CATCH_AMALGAMATED_HPP_INCLUDED
        -:   16:#define CATCH_AMALGAMATED_HPP_INCLUDED
        -:   17:
        -:   18:
        -:   19:/** \file
        -:   20: * This is a convenience header for Catch2. It includes **all** of Catch2 headers.
        -:   21: *
        -:   22: * Generally the Catch2 users should use specific includes they need,
        -:   23: * but this header can be used instead for ease-of-experimentation, or
        -:   24: * just plain convenience, at the cost of (significantly) increased
        -:   25: * compilation times.
        -:   26: *
        -:   27: * When a new header is added to either the top level folder, or to the
        -:   28: * corresponding internal subfolder, it should be added here. Headers
        -:   29: * added to the various subparts (e.g. matchers, generators, etc...),
        -:   30: * should go their respective catch-all headers.
        -:   31: */
        -:   32:
        -:   33:#ifndef CATCH_ALL_HPP_INCLUDED
        -:   34:#define CATCH_ALL_HPP_INCLUDED
        -:   35:
        -:   36:
        -:   37:
        -:   38:/** \file
        -:   39: * This is a convenience header for Catch2's benchmarking. It includes
        -:   40: * **all** of Catch2 headers related to benchmarking.
        -:   41: *
        -:   42: * Generally the Catch2 users should use specific includes they need,
        -:   43: * but this header can be used instead for ease-of-experimentation, or
        -:   44: * just plain convenience, at the cost of (significantly) increased
        -:   45: * compilation times.
        -:   46: *
        -:   47: * When a new header is added to either the `benchmark` folder, or to
        -:   48: * the corresponding internal (detail) subfolder, it should be added here.
        -:   49: */
        -:   50:
        -:   51:#ifndef CATCH_BENCHMARK_ALL_HPP_INCLUDED
        -:   52:#define CATCH_BENCHMARK_ALL_HPP_INCLUDED
        -:   53:
        -:   54:
        -:   55:
        -:   56:// Adapted from donated nonius code.
        -:   57:
        -:   58:#ifndef CATCH_BENCHMARK_HPP_INCLUDED
        -:   59:#define CATCH_BENCHMARK_HPP_INCLUDED
        -:   60:
        -:   61:
        -:   62:
        -:   63:#ifndef CATCH_COMPILER_CAPABILITIES_HPP_INCLUDED
        -:   64:#define CATCH_COMPILER_CAPABILITIES_HPP_INCLUDED
        -:   65:
        -:   66:// Detect a number of compiler features - by compiler
        -:   67:// The following features are defined:
        -:   68://
        -:   69:// CATCH_CONFIG_WINDOWS_SEH : is Windows SEH supported?
        -:   70:// CATCH_CONFIG_POSIX_SIGNALS : are POSIX signals supported?
        -:   71:// CATCH_CONFIG_DISABLE_EXCEPTIONS : Are exceptions enabled?
        -:   72:// ****************
        -:   73:// Note to maintainers: if new toggles are added please document them
        -:   74:// in configuration.md, too
        -:   75:// ****************
        -:   76:
        -:   77:// In general each macro has a _NO_<feature name> form
        -:   78:// (e.g. CATCH_CONFIG_NO_POSIX_SIGNALS) which disables the feature.
        -:   79:// Many features, at point of detection, define an _INTERNAL_ macro, so they
        -:   80:// can be combined, en-mass, with the _NO_ forms later.
        -:   81:
        -:   82:
        -:   83:
        -:   84:#ifndef CATCH_PLATFORM_HPP_INCLUDED
        -:   85:#define CATCH_PLATFORM_HPP_INCLUDED
        -:   86:
        -:   87:// See e.g.:
        -:   88:// https://opensource.apple.com/source/CarbonHeaders/CarbonHeaders-18.1/TargetConditionals.h.auto.html
        -:   89:#ifdef __APPLE__
        -:   90:#  include <TargetConditionals.h>
        -:   91:#  if (defined(TARGET_OS_OSX) && TARGET_OS_OSX == 1) || \
        -:   92:      (defined(TARGET_OS_MAC) && TARGET_OS_MAC == 1)
        -:   93:#    define CATCH_PLATFORM_MAC
        -:   94:#  elif (defined(TARGET_OS_IPHONE) && TARGET_OS_IPHONE == 1)
        -:   95:#    define CATCH_PLATFORM_IPHONE
        -:   96:#  endif
        -:   97:
        -:   98:#elif defined(linux) || defined(__linux) || defined(__linux__)
        -:   99:#  define CATCH_PLATFORM_LINUX
        -:  100:
        -:  101:#elif defined(WIN32) || defined(__WIN32__) || defined(_WIN32) || defined(_MSC_VER) || defined(__MINGW32__)
        -:  102:#  define CATCH_PLATFORM_WINDOWS
        -:  103:
        -:  104:#  if defined( WINAPI_FAMILY ) && ( WINAPI_FAMILY == WINAPI_FAMILY_APP )
        -:  105:#      define CATCH_PLATFORM_WINDOWS_UWP
        -:  106:#  endif
        -:  107:
        -:  108:#elif defined(__ORBIS__) || defined(__PROSPERO__)
        -:  109:#  define CATCH_PLATFORM_PLAYSTATION
        -:  110:
        -:  111:#endif
        -:  112:
        -:  113:#endif // CATCH_PLATFORM_HPP_INCLUDED
        -:  114:
        -:  115:#ifdef __cplusplus
        -:  116:
        -:  117:#  if (__cplusplus >= 201703L) || (defined(_MSVC_LANG) && _MSVC_LANG >= 201703L)
        -:  118:#    define CATCH_CPP17_OR_GREATER
        -:  119:#  endif
        -:  120:
        -:  121:#  if (__cplusplus >= 202002L) || (defined(_MSVC_LANG) && _MSVC_LANG >= 202002L)
        -:  122:#    define CATCH_CPP20_OR_GREATER
        -:  123:#  endif
        -:  124:
        -:  125:#endif
        -:  126:
        -:  127:// Only GCC compiler should be used in this block, so other compilers trying to
        -:  128:// mask themselves as GCC should be ignored.
        -:  129:#if defined(__GNUC__) && !defined(__clang__) && !defined(__ICC) && !defined(__CUDACC__) && !defined(__LCC__) && !defined(__NVCOMPILER)
        -:  130:#    define CATCH_INTERNAL_START_WARNINGS_SUPPRESSION _Pragma( "GCC diagnostic push" )
        -:  131:#    define CATCH_INTERNAL_STOP_WARNINGS_SUPPRESSION  _Pragma( "GCC diagnostic pop" )
        -:  132:
        -:  133:// This only works on GCC 9+. so we have to also add a global suppression of Wparentheses
        -:  134:// for older versions of GCC.
        -:  135:#    define CATCH_INTERNAL_SUPPRESS_PARENTHESES_WARNINGS \
        -:  136:         _Pragma( "GCC diagnostic ignored \"-Wparentheses\"" )
        -:  137:
        -:  138:#    define CATCH_INTERNAL_SUPPRESS_UNUSED_RESULT \
        -:  139:         _Pragma( "GCC diagnostic ignored \"-Wunused-result\"" )
        -:  140:
        -:  141:#    define CATCH_INTERNAL_SUPPRESS_UNUSED_VARIABLE_WARNINGS \
        -:  142:         _Pragma( "GCC diagnostic ignored \"-Wunused-variable\"" )
        -:  143:
        -:  144:#    define CATCH_INTERNAL_SUPPRESS_USELESS_CAST_WARNINGS \
        -:  145:         _Pragma( "GCC diagnostic ignored \"-Wuseless-cast\"" )
        -:  146:
        -:  147:#    define CATCH_INTERNAL_SUPPRESS_SHADOW_WARNINGS \
        -:  148:         _Pragma( "GCC diagnostic ignored \"-Wshadow\"" )
        -:  149:
        -:  150:#    define CATCH_INTERNAL_IGNORE_BUT_WARN(...) (void)__builtin_constant_p(__VA_ARGS__)
        -:  151:
        -:  152:#endif
        -:  153:
        -:  154:#if defined(__NVCOMPILER)
        -:  155:#    define CATCH_INTERNAL_START_WARNINGS_SUPPRESSION _Pragma( "diag push" )
        -:  156:#    define CATCH_INTERNAL_STOP_WARNINGS_SUPPRESSION  _Pragma( "diag pop" )
        -:  157:#    define CATCH_INTERNAL_SUPPRESS_UNUSED_VARIABLE_WARNINGS _Pragma( "diag_suppress declared_but_not_referenced" )
        -:  158:#endif
        -:  159:
        -:  160:#if defined(__CUDACC__) && !defined(__clang__)
        -:  161:#  ifdef __NVCC_DIAG_PRAGMA_SUPPORT__
        -:  162:// New pragmas introduced in CUDA 11.5+
        -:  163:#    define CATCH_INTERNAL_START_WARNINGS_SUPPRESSION _Pragma( "nv_diagnostic push" )
        -:  164:#    define CATCH_INTERNAL_STOP_WARNINGS_SUPPRESSION  _Pragma( "nv_diagnostic pop" )
        -:  165:#    define CATCH_INTERNAL_SUPPRESS_UNUSED_VARIABLE_WARNINGS _Pragma( "nv_diag_suppress 177" )
        -:  166:#  else
        -:  167:#    define CATCH_INTERNAL_SUPPRESS_UNUSED_VARIABLE_WARNINGS _Pragma( "diag_suppress 177" )
        -:  168:#  endif
        -:  169:#endif
        -:  170:
        -:  171:// clang-cl defines _MSC_VER as well as __clang__, which could cause the
        -:  172:// start/stop internal suppression macros to be double defined.
        -:  173:#if defined(__clang__) && !defined(_MSC_VER)
        -:  174:
        -:  175:#    define CATCH_INTERNAL_START_WARNINGS_SUPPRESSION _Pragma( "clang diagnostic push" )
        -:  176:#    define CATCH_INTERNAL_STOP_WARNINGS_SUPPRESSION  _Pragma( "clang diagnostic pop" )
        -:  177:
        -:  178:#endif // __clang__ && !_MSC_VER
        -:  179:
        -:  180:#if defined(__clang__)
        -:  181:
        -:  182:// As of this writing, IBM XL's implementation of __builtin_constant_p has a bug
        -:  183:// which results in calls to destructors being emitted for each temporary,
        -:  184:// without a matching initialization. In practice, this can result in something
        -:  185:// like `std::string::~string` being called on an uninitialized value.
        -:  186://
        -:  187:// For example, this code will likely segfault under IBM XL:
        -:  188:// ```
        -:  189:// REQUIRE(std::string("12") + "34" == "1234")
        -:  190:// ```
        -:  191://
        -:  192:// Similarly, NVHPC's implementation of `__builtin_constant_p` has a bug which
        -:  193:// results in calls to the immediately evaluated lambda expressions to be
        -:  194:// reported as unevaluated lambdas.
        -:  195:// https://developer.nvidia.com/nvidia_bug/3321845.
        -:  196://
        -:  197:// Therefore, `CATCH_INTERNAL_IGNORE_BUT_WARN` is not implemented.
        -:  198:#  if !defined(__ibmxl__) && !defined(__CUDACC__) && !defined( __NVCOMPILER )
        -:  199:#    define CATCH_INTERNAL_IGNORE_BUT_WARN(...) (void)__builtin_constant_p(__VA_ARGS__) /* NOLINT(cppcoreguidelines-pro-type-vararg, hicpp-vararg) */
        -:  200:#  endif
        -:  201:
        -:  202:
        -:  203:#    define CATCH_INTERNAL_SUPPRESS_GLOBALS_WARNINGS \
        -:  204:         _Pragma( "clang diagnostic ignored \"-Wexit-time-destructors\"" ) \
        -:  205:         _Pragma( "clang diagnostic ignored \"-Wglobal-constructors\"")
        -:  206:
        -:  207:#    define CATCH_INTERNAL_SUPPRESS_PARENTHESES_WARNINGS \
        -:  208:         _Pragma( "clang diagnostic ignored \"-Wparentheses\"" )
        -:  209:
        -:  210:#    define CATCH_INTERNAL_SUPPRESS_UNUSED_VARIABLE_WARNINGS \
        -:  211:         _Pragma( "clang diagnostic ignored \"-Wunused-variable\"" )
        -:  212:
        -:  213:#    define CATCH_INTERNAL_SUPPRESS_ZERO_VARIADIC_WARNINGS \
        -:  214:         _Pragma( "clang diagnostic ignored \"-Wgnu-zero-variadic-macro-arguments\"" )
        -:  215:
        -:  216:#    define CATCH_INTERNAL_SUPPRESS_UNUSED_TEMPLATE_WARNINGS \
        -:  217:         _Pragma( "clang diagnostic ignored \"-Wunused-template\"" )
        -:  218:
        -:  219:#    define CATCH_INTERNAL_SUPPRESS_COMMA_WARNINGS \
        -:  220:        _Pragma( "clang diagnostic ignored \"-Wcomma\"" )
        -:  221:
        -:  222:#    define CATCH_INTERNAL_SUPPRESS_SHADOW_WARNINGS \
        -:  223:        _Pragma( "clang diagnostic ignored \"-Wshadow\"" )
        -:  224:
        -:  225:#endif // __clang__
        -:  226:
        -:  227:
        -:  228:////////////////////////////////////////////////////////////////////////////////
        -:  229:// We know some environments not to support full POSIX signals
        -:  230:#if defined( CATCH_PLATFORM_WINDOWS ) ||                                       \
        -:  231:    defined( CATCH_PLATFORM_PLAYSTATION ) ||                                   \
        -:  232:    defined( __CYGWIN__ ) ||                                                   \
        -:  233:    defined( __QNX__ ) ||                                                      \
        -:  234:    defined( __EMSCRIPTEN__ ) ||                                               \
        -:  235:    defined( __DJGPP__ ) ||                                                    \
        -:  236:    defined( __OS400__ )
        -:  237:#    define CATCH_INTERNAL_CONFIG_NO_POSIX_SIGNALS
        -:  238:#else
        -:  239:#    define CATCH_INTERNAL_CONFIG_POSIX_SIGNALS
        -:  240:#endif
        -:  241:
        -:  242:////////////////////////////////////////////////////////////////////////////////
        -:  243:// Assume that some platforms do not support getenv.
        -:  244:#if defined( CATCH_PLATFORM_WINDOWS_UWP ) ||                                   \
        -:  245:    defined( CATCH_PLATFORM_PLAYSTATION ) ||                                   \
        -:  246:    defined( _GAMING_XBOX )
        -:  247:#    define CATCH_INTERNAL_CONFIG_NO_GETENV
        -:  248:#else
        -:  249:#    define CATCH_INTERNAL_CONFIG_GETENV
        -:  250:#endif
        -:  251:
        -:  252:////////////////////////////////////////////////////////////////////////////////
        -:  253:// Android somehow still does not support std::to_string
        -:  254:#if defined(__ANDROID__)
        -:  255:#    define CATCH_INTERNAL_CONFIG_NO_CPP11_TO_STRING
        -:  256:#endif
        -:  257:
        -:  258:////////////////////////////////////////////////////////////////////////////////
        -:  259:// Not all Windows environments support SEH properly
        -:  260:#if defined(__MINGW32__)
        -:  261:#    define CATCH_INTERNAL_CONFIG_NO_WINDOWS_SEH
        -:  262:#endif
        -:  263:
        -:  264:////////////////////////////////////////////////////////////////////////////////
        -:  265:// PS4
        -:  266:#if defined(__ORBIS__)
        -:  267:#    define CATCH_INTERNAL_CONFIG_NO_NEW_CAPTURE
        -:  268:#endif
        -:  269:
        -:  270:////////////////////////////////////////////////////////////////////////////////
        -:  271:// Cygwin
        -:  272:#ifdef __CYGWIN__
        -:  273:
        -:  274:// Required for some versions of Cygwin to declare gettimeofday
        -:  275:// see: http://stackoverflow.com/questions/36901803/gettimeofday-not-declared-in-this-scope-cygwin
        -:  276:#   define _BSD_SOURCE
        -:  277:// some versions of cygwin (most) do not support std::to_string. Use the libstd check.
        -:  278:// https://gcc.gnu.org/onlinedocs/gcc-4.8.2/libstdc++/api/a01053_source.html line 2812-2813
        -:  279:# if !((__cplusplus >= 201103L) && defined(_GLIBCXX_USE_C99) \
        -:  280:           && !defined(_GLIBCXX_HAVE_BROKEN_VSWPRINTF))
        -:  281:
        -:  282:#    define CATCH_INTERNAL_CONFIG_NO_CPP11_TO_STRING
        -:  283:
        -:  284:# endif
        -:  285:#endif // __CYGWIN__
        -:  286:
        -:  287:////////////////////////////////////////////////////////////////////////////////
        -:  288:// Visual C++
        -:  289:#if defined(_MSC_VER)
        -:  290:
        -:  291:// We want to defer to nvcc-specific warning suppression if we are compiled
        -:  292:// with nvcc masquerading for MSVC.
        -:  293:#    if !defined( __CUDACC__ )
        -:  294:#        define CATCH_INTERNAL_START_WARNINGS_SUPPRESSION \
        -:  295:            __pragma( warning( push ) )
        -:  296:#        define CATCH_INTERNAL_STOP_WARNINGS_SUPPRESSION \
        -:  297:            __pragma( warning( pop ) )
        -:  298:#    endif
        -:  299:
        -:  300:// Universal Windows platform does not support SEH
        -:  301:// Or console colours (or console at all...)
        -:  302:#  if defined(CATCH_PLATFORM_WINDOWS_UWP)
        -:  303:#    define CATCH_INTERNAL_CONFIG_NO_COLOUR_WIN32
        -:  304:#  else
        -:  305:#    define CATCH_INTERNAL_CONFIG_WINDOWS_SEH
        -:  306:#  endif
        -:  307:
        -:  308:// MSVC traditional preprocessor needs some workaround for __VA_ARGS__
        -:  309:// _MSVC_TRADITIONAL == 0 means new conformant preprocessor
        -:  310:// _MSVC_TRADITIONAL == 1 means old traditional non-conformant preprocessor
        -:  311:#  if !defined(__clang__) // Handle Clang masquerading for msvc
        -:  312:#    if !defined(_MSVC_TRADITIONAL) || (defined(_MSVC_TRADITIONAL) && _MSVC_TRADITIONAL)
        -:  313:#      define CATCH_INTERNAL_CONFIG_TRADITIONAL_MSVC_PREPROCESSOR
        -:  314:#    endif // MSVC_TRADITIONAL
        -:  315:#  endif // __clang__
        -:  316:
        -:  317:#endif // _MSC_VER
        -:  318:
        -:  319:#if defined(_REENTRANT) || defined(_MSC_VER)
        -:  320:// Enable async processing, as -pthread is specified or no additional linking is required
        -:  321:# define CATCH_INTERNAL_CONFIG_USE_ASYNC
        -:  322:#endif // _MSC_VER
        -:  323:
        -:  324:////////////////////////////////////////////////////////////////////////////////
        -:  325:// Check if we are compiled with -fno-exceptions or equivalent
        -:  326:#if defined(__EXCEPTIONS) || defined(__cpp_exceptions) || defined(_CPPUNWIND)
        -:  327:#  define CATCH_INTERNAL_CONFIG_EXCEPTIONS_ENABLED
        -:  328:#endif
        -:  329:
        -:  330:
        -:  331:////////////////////////////////////////////////////////////////////////////////
        -:  332:// Embarcadero C++Build
        -:  333:#if defined(__BORLANDC__)
        -:  334:    #define CATCH_INTERNAL_CONFIG_POLYFILL_ISNAN
        -:  335:#endif
        -:  336:
        -:  337:////////////////////////////////////////////////////////////////////////////////
        -:  338:
        -:  339:// RTX is a special version of Windows that is real time.
        -:  340:// This means that it is detected as Windows, but does not provide
        -:  341:// the same set of capabilities as real Windows does.
        -:  342:#if defined(UNDER_RTSS) || defined(RTX64_BUILD)
        -:  343:    #define CATCH_INTERNAL_CONFIG_NO_WINDOWS_SEH
        -:  344:    #define CATCH_INTERNAL_CONFIG_NO_ASYNC
        -:  345:    #define CATCH_INTERNAL_CONFIG_NO_COLOUR_WIN32
        -:  346:#endif
        -:  347:
        -:  348:#if !defined(_GLIBCXX_USE_C99_MATH_TR1)
        -:  349:#define CATCH_INTERNAL_CONFIG_GLOBAL_NEXTAFTER
        -:  350:#endif
        -:  351:
        -:  352:// Various stdlib support checks that require __has_include
        -:  353:#if defined(__has_include)
        -:  354:  // Check if string_view is available and usable
        -:  355:  #if __has_include(<string_view>) && defined(CATCH_CPP17_OR_GREATER)
        -:  356:  #    define CATCH_INTERNAL_CONFIG_CPP17_STRING_VIEW
        -:  357:  #endif
        -:  358:
        -:  359:  // Check if optional is available and usable
        -:  360:  #  if __has_include(<optional>) && defined(CATCH_CPP17_OR_GREATER)
        -:  361:  #    define CATCH_INTERNAL_CONFIG_CPP17_OPTIONAL
        -:  362:  #  endif // __has_include(<optional>) && defined(CATCH_CPP17_OR_GREATER)
        -:  363:
        -:  364:  // Check if byte is available and usable
        -:  365:  #  if __has_include(<cstddef>) && defined(CATCH_CPP17_OR_GREATER)
        -:  366:  #    include <cstddef>
        -:  367:  #    if defined(__cpp_lib_byte) && (__cpp_lib_byte > 0)
        -:  368:  #      define CATCH_INTERNAL_CONFIG_CPP17_BYTE
        -:  369:  #    endif
        -:  370:  #  endif // __has_include(<cstddef>) && defined(CATCH_CPP17_OR_GREATER)
        -:  371:
        -:  372:  // Check if variant is available and usable
        -:  373:  #  if __has_include(<variant>) && defined(CATCH_CPP17_OR_GREATER)
        -:  374:  #    if defined(__clang__) && (__clang_major__ < 8)
        -:  375:         // work around clang bug with libstdc++ https://bugs.llvm.org/show_bug.cgi?id=31852
        -:  376:         // fix should be in clang 8, workaround in libstdc++ 8.2
        -:  377:  #      include <ciso646>
        -:  378:  #      if defined(__GLIBCXX__) && defined(_GLIBCXX_RELEASE) && (_GLIBCXX_RELEASE < 9)
        -:  379:  #        define CATCH_CONFIG_NO_CPP17_VARIANT
        -:  380:  #      else
        -:  381:  #        define CATCH_INTERNAL_CONFIG_CPP17_VARIANT
        -:  382:  #      endif // defined(__GLIBCXX__) && defined(_GLIBCXX_RELEASE) && (_GLIBCXX_RELEASE < 9)
        -:  383:  #    else
        -:  384:  #      define CATCH_INTERNAL_CONFIG_CPP17_VARIANT
        -:  385:  #    endif // defined(__clang__) && (__clang_major__ < 8)
        -:  386:  #  endif // __has_include(<variant>) && defined(CATCH_CPP17_OR_GREATER)
        -:  387:#endif // defined(__has_include)
        -:  388:
        -:  389:
        -:  390:#if defined(CATCH_INTERNAL_CONFIG_WINDOWS_SEH) && !defined(CATCH_CONFIG_NO_WINDOWS_SEH) && !defined(CATCH_CONFIG_WINDOWS_SEH) && !defined(CATCH_INTERNAL_CONFIG_NO_WINDOWS_SEH)
        -:  391:#   define CATCH_CONFIG_WINDOWS_SEH
        -:  392:#endif
        -:  393:// This is set by default, because we assume that unix compilers are posix-signal-compatible by default.
        -:  394:#if defined(CATCH_INTERNAL_CONFIG_POSIX_SIGNALS) && !defined(CATCH_INTERNAL_CONFIG_NO_POSIX_SIGNALS) && !defined(CATCH_CONFIG_NO_POSIX_SIGNALS) && !defined(CATCH_CONFIG_POSIX_SIGNALS)
        -:  395:#   define CATCH_CONFIG_POSIX_SIGNALS
        -:  396:#endif
        -:  397:
        -:  398:#if defined(CATCH_INTERNAL_CONFIG_GETENV) && !defined(CATCH_INTERNAL_CONFIG_NO_GETENV) && !defined(CATCH_CONFIG_NO_GETENV) && !defined(CATCH_CONFIG_GETENV)
        -:  399:#   define CATCH_CONFIG_GETENV
        -:  400:#endif
        -:  401:
        -:  402:#if !defined(CATCH_INTERNAL_CONFIG_NO_CPP11_TO_STRING) && !defined(CATCH_CONFIG_NO_CPP11_TO_STRING) && !defined(CATCH_CONFIG_CPP11_TO_STRING)
        -:  403:#    define CATCH_CONFIG_CPP11_TO_STRING
        -:  404:#endif
        -:  405:
        -:  406:#if defined(CATCH_INTERNAL_CONFIG_CPP17_OPTIONAL) && !defined(CATCH_CONFIG_NO_CPP17_OPTIONAL) && !defined(CATCH_CONFIG_CPP17_OPTIONAL)
        -:  407:#  define CATCH_CONFIG_CPP17_OPTIONAL
        -:  408:#endif
        -:  409:
        -:  410:#if defined(CATCH_INTERNAL_CONFIG_CPP17_STRING_VIEW) && !defined(CATCH_CONFIG_NO_CPP17_STRING_VIEW) && !defined(CATCH_CONFIG_CPP17_STRING_VIEW)
        -:  411:#  define CATCH_CONFIG_CPP17_STRING_VIEW
        -:  412:#endif
        -:  413:
        -:  414:#if defined(CATCH_INTERNAL_CONFIG_CPP17_VARIANT) && !defined(CATCH_CONFIG_NO_CPP17_VARIANT) && !defined(CATCH_CONFIG_CPP17_VARIANT)
        -:  415:#  define CATCH_CONFIG_CPP17_VARIANT
        -:  416:#endif
        -:  417:
        -:  418:#if defined(CATCH_INTERNAL_CONFIG_CPP17_BYTE) && !defined(CATCH_CONFIG_NO_CPP17_BYTE) && !defined(CATCH_CONFIG_CPP17_BYTE)
        -:  419:#  define CATCH_CONFIG_CPP17_BYTE
        -:  420:#endif
        -:  421:
        -:  422:
        -:  423:#if defined(CATCH_CONFIG_EXPERIMENTAL_REDIRECT)
        -:  424:#  define CATCH_INTERNAL_CONFIG_NEW_CAPTURE
        -:  425:#endif
        -:  426:
        -:  427:#if defined(CATCH_INTERNAL_CONFIG_NEW_CAPTURE) && !defined(CATCH_INTERNAL_CONFIG_NO_NEW_CAPTURE) && !defined(CATCH_CONFIG_NO_NEW_CAPTURE) && !defined(CATCH_CONFIG_NEW_CAPTURE)
        -:  428:#  define CATCH_CONFIG_NEW_CAPTURE
        -:  429:#endif
        -:  430:
        -:  431:#if !defined( CATCH_INTERNAL_CONFIG_EXCEPTIONS_ENABLED ) && \
        -:  432:    !defined( CATCH_CONFIG_DISABLE_EXCEPTIONS ) &&          \
        -:  433:    !defined( CATCH_CONFIG_NO_DISABLE_EXCEPTIONS )
        -:  434:#  define CATCH_CONFIG_DISABLE_EXCEPTIONS
        -:  435:#endif
        -:  436:
        -:  437:#if defined(CATCH_INTERNAL_CONFIG_POLYFILL_ISNAN) && !defined(CATCH_CONFIG_NO_POLYFILL_ISNAN) && !defined(CATCH_CONFIG_POLYFILL_ISNAN)
        -:  438:#  define CATCH_CONFIG_POLYFILL_ISNAN
        -:  439:#endif
        -:  440:
        -:  441:#if defined(CATCH_INTERNAL_CONFIG_USE_ASYNC)  && !defined(CATCH_INTERNAL_CONFIG_NO_ASYNC) && !defined(CATCH_CONFIG_NO_USE_ASYNC) && !defined(CATCH_CONFIG_USE_ASYNC)
        -:  442:#  define CATCH_CONFIG_USE_ASYNC
        -:  443:#endif
        -:  444:
        -:  445:#if defined(CATCH_INTERNAL_CONFIG_GLOBAL_NEXTAFTER) && !defined(CATCH_CONFIG_NO_GLOBAL_NEXTAFTER) && !defined(CATCH_CONFIG_GLOBAL_NEXTAFTER)
        -:  446:#  define CATCH_CONFIG_GLOBAL_NEXTAFTER
        -:  447:#endif
        -:  448:
        -:  449:
        -:  450:// Even if we do not think the compiler has that warning, we still have
        -:  451:// to provide a macro that can be used by the code.
        -:  452:#if !defined(CATCH_INTERNAL_START_WARNINGS_SUPPRESSION)
        -:  453:#   define CATCH_INTERNAL_START_WARNINGS_SUPPRESSION
        -:  454:#endif
        -:  455:#if !defined(CATCH_INTERNAL_STOP_WARNINGS_SUPPRESSION)
        -:  456:#   define CATCH_INTERNAL_STOP_WARNINGS_SUPPRESSION
        -:  457:#endif
        -:  458:#if !defined(CATCH_INTERNAL_SUPPRESS_PARENTHESES_WARNINGS)
        -:  459:#   define CATCH_INTERNAL_SUPPRESS_PARENTHESES_WARNINGS
        -:  460:#endif
        -:  461:#if !defined(CATCH_INTERNAL_SUPPRESS_GLOBALS_WARNINGS)
        -:  462:#   define CATCH_INTERNAL_SUPPRESS_GLOBALS_WARNINGS
        -:  463:#endif
        -:  464:#if !defined(CATCH_INTERNAL_SUPPRESS_UNUSED_RESULT)
        -:  465:#   define CATCH_INTERNAL_SUPPRESS_UNUSED_RESULT
        -:  466:#endif
        -:  467:#if !defined(CATCH_INTERNAL_SUPPRESS_UNUSED_VARIABLE_WARNINGS)
        -:  468:#   define CATCH_INTERNAL_SUPPRESS_UNUSED_VARIABLE_WARNINGS
        -:  469:#endif
        -:  470:#if !defined(CATCH_INTERNAL_SUPPRESS_USELESS_CAST_WARNINGS)
        -:  471:#   define CATCH_INTERNAL_SUPPRESS_USELESS_CAST_WARNINGS
        -:  472:#endif
        -:  473:#if !defined(CATCH_INTERNAL_SUPPRESS_ZERO_VARIADIC_WARNINGS)
        -:  474:#   define CATCH_INTERNAL_SUPPRESS_ZERO_VARIADIC_WARNINGS
        -:  475:#endif
        -:  476:#if !defined( CATCH_INTERNAL_SUPPRESS_UNUSED_TEMPLATE_WARNINGS )
        -:  477:#    define CATCH_INTERNAL_SUPPRESS_UNUSED_TEMPLATE_WARNINGS
        -:  478:#endif
        -:  479:#if !defined( CATCH_INTERNAL_SUPPRESS_COMMA_WARNINGS )
        -:  480:#    define CATCH_INTERNAL_SUPPRESS_COMMA_WARNINGS
        -:  481:#endif
        -:  482:#if !defined( CATCH_INTERNAL_SUPPRESS_SHADOW_WARNINGS )
        -:  483:#    define CATCH_INTERNAL_SUPPRESS_SHADOW_WARNINGS
        -:  484:#endif
        -:  485:
        -:  486:
        -:  487:// The goal of this macro is to avoid evaluation of the arguments, but
        -:  488:// still have the compiler warn on problems inside...
        -:  489:#if !defined(CATCH_INTERNAL_IGNORE_BUT_WARN)
        -:  490:#   define CATCH_INTERNAL_IGNORE_BUT_WARN(...)
        -:  491:#endif
        -:  492:
        -:  493:#if defined(__APPLE__) && defined(__apple_build_version__) && (__clang_major__ < 10)
        -:  494:#   undef CATCH_INTERNAL_SUPPRESS_UNUSED_TEMPLATE_WARNINGS
        -:  495:#elif defined(__clang__) && (__clang_major__ < 5)
        -:  496:#   undef CATCH_INTERNAL_SUPPRESS_UNUSED_TEMPLATE_WARNINGS
        -:  497:#endif
        -:  498:
        -:  499:
        -:  500:#if defined(CATCH_CONFIG_DISABLE_EXCEPTIONS)
        -:  501:#define CATCH_TRY if ((true))
        -:  502:#define CATCH_CATCH_ALL if ((false))
        -:  503:#define CATCH_CATCH_ANON(type) if ((false))
        -:  504:#else
        -:  505:#define CATCH_TRY try
        -:  506:#define CATCH_CATCH_ALL catch (...)
        -:  507:#define CATCH_CATCH_ANON(type) catch (type)
        -:  508:#endif
        -:  509:
        -:  510:#if defined(CATCH_INTERNAL_CONFIG_TRADITIONAL_MSVC_PREPROCESSOR) && !defined(CATCH_CONFIG_NO_TRADITIONAL_MSVC_PREPROCESSOR) && !defined(CATCH_CONFIG_TRADITIONAL_MSVC_PREPROCESSOR)
        -:  511:#define CATCH_CONFIG_TRADITIONAL_MSVC_PREPROCESSOR
        -:  512:#endif
        -:  513:
        -:  514:#if defined( CATCH_PLATFORM_WINDOWS ) &&       \
        -:  515:    !defined( CATCH_CONFIG_COLOUR_WIN32 ) && \
        -:  516:    !defined( CATCH_CONFIG_NO_COLOUR_WIN32 ) && \
        -:  517:    !defined( CATCH_INTERNAL_CONFIG_NO_COLOUR_WIN32 )
        -:  518:#    define CATCH_CONFIG_COLOUR_WIN32
        -:  519:#endif
        -:  520:
        -:  521:#if defined( CATCH_CONFIG_SHARED_LIBRARY ) && defined( _MSC_VER ) && \
        -:  522:    !defined( CATCH_CONFIG_STATIC )
        -:  523:#    ifdef Catch2_EXPORTS
        -:  524:#        define CATCH_EXPORT //__declspec( dllexport ) // not needed
        -:  525:#    else
        -:  526:#        define CATCH_EXPORT __declspec( dllimport )
        -:  527:#    endif
        -:  528:#else
        -:  529:#    define CATCH_EXPORT
        -:  530:#endif
        -:  531:
        -:  532:#endif // CATCH_COMPILER_CAPABILITIES_HPP_INCLUDED
        -:  533:
        -:  534:
        -:  535:#ifndef CATCH_CONTEXT_HPP_INCLUDED
        -:  536:#define CATCH_CONTEXT_HPP_INCLUDED
        -:  537:
        -:  538:
        -:  539:namespace Catch {
        -:  540:
        -:  541:    class IResultCapture;
        -:  542:    class IConfig;
        -:  543:
        -:  544:    class Context {
        -:  545:        IConfig const* m_config = nullptr;
        -:  546:        IResultCapture* m_resultCapture = nullptr;
        -:  547:
        -:  548:        CATCH_EXPORT static Context* currentContext;
        -:  549:        friend Context& getCurrentMutableContext();
        -:  550:        friend Context const& getCurrentContext();
        -:  551:        static void createContext();
        -:  552:        friend void cleanUpContext();
        -:  553:
        -:  554:    public:
        -:  555:        IResultCapture* getResultCapture() const { return m_resultCapture; }
        -:  556:        IConfig const* getConfig() const { return m_config; }
        -:  557:        void setResultCapture( IResultCapture* resultCapture );
        -:  558:        void setConfig( IConfig const* config );
        -:  559:    };
        -:  560:
        -:  561:    Context& getCurrentMutableContext();
        -:  562:
        -:  563:    inline Context const& getCurrentContext() {
        -:  564:        // We duplicate the logic from `getCurrentMutableContext` here,
        -:  565:        // to avoid paying the call overhead in debug mode.
        -:  566:        if ( !Context::currentContext ) { Context::createContext(); }
        -:  567:        // NOLINTNEXTLINE(clang-analyzer-core.uninitialized.UndefReturn)
        -:  568:        return *Context::currentContext;
        -:  569:    }
        -:  570:
        -:  571:    void cleanUpContext();
        -:  572:
        -:  573:    class SimplePcg32;
        -:  574:    SimplePcg32& sharedRng();
        -:  575:}
        -:  576:
        -:  577:#endif // CATCH_CONTEXT_HPP_INCLUDED
        -:  578:
        -:  579:
        -:  580:#ifndef CATCH_MOVE_AND_FORWARD_HPP_INCLUDED
        -:  581:#define CATCH_MOVE_AND_FORWARD_HPP_INCLUDED
        -:  582:
        -:  583:#include <type_traits>
        -:  584:
        -:  585://! Replacement for std::move with better compile time performance
        -:  586:#define CATCH_MOVE(...) static_cast<std::remove_reference_t<decltype(__VA_ARGS__)>&&>(__VA_ARGS__)
        -:  587:
        -:  588://! Replacement for std::forward with better compile time performance
        -:  589:#define CATCH_FORWARD(...) static_cast<decltype(__VA_ARGS__)&&>(__VA_ARGS__)
        -:  590:
        -:  591:#endif // CATCH_MOVE_AND_FORWARD_HPP_INCLUDED
        -:  592:
        -:  593:
        -:  594:#ifndef CATCH_TEST_FAILURE_EXCEPTION_HPP_INCLUDED
        -:  595:#define CATCH_TEST_FAILURE_EXCEPTION_HPP_INCLUDED
        -:  596:
        -:  597:namespace Catch {
        -:  598:
        -:  599:    //! Used to signal that an assertion macro failed
        -:  600:    struct TestFailureException{};
        -:  601:    //! Used to signal that the remainder of a test should be skipped
        -:  602:    struct TestSkipException {};
        -:  603:
        -:  604:    /**
        -:  605:     * Outlines throwing of `TestFailureException` into a single TU
        -:  606:     *
        -:  607:     * Also handles `CATCH_CONFIG_DISABLE_EXCEPTIONS` for callers.
        -:  608:     */
        -:  609:    [[noreturn]] void throw_test_failure_exception();
        -:  610:
        -:  611:    /**
        -:  612:     * Outlines throwing of `TestSkipException` into a single TU
        -:  613:     *
        -:  614:     * Also handles `CATCH_CONFIG_DISABLE_EXCEPTIONS` for callers.
        -:  615:     */
        -:  616:    [[noreturn]] void throw_test_skip_exception();
        -:  617:
        -:  618:} // namespace Catch
        -:  619:
        -:  620:#endif // CATCH_TEST_FAILURE_EXCEPTION_HPP_INCLUDED
        -:  621:
        -:  622:
        -:  623:#ifndef CATCH_UNIQUE_NAME_HPP_INCLUDED
        -:  624:#define CATCH_UNIQUE_NAME_HPP_INCLUDED
        -:  625:
        -:  626:
        -:  627:
        -:  628:
        -:  629:/** \file
        -:  630: * Wrapper for the CONFIG configuration option
        -:  631: *
        -:  632: * When generating internal unique names, there are two options. Either
        -:  633: * we mix in the current line number, or mix in an incrementing number.
        -:  634: * We prefer the latter, using `__COUNTER__`, but users might want to
        -:  635: * use the former.
        -:  636: */
        -:  637:
        -:  638:#ifndef CATCH_CONFIG_COUNTER_HPP_INCLUDED
        -:  639:#define CATCH_CONFIG_COUNTER_HPP_INCLUDED
        -:  640:
        -:  641:
        -:  642:#if ( !defined(__JETBRAINS_IDE__) || __JETBRAINS_IDE__ >= 20170300L )
        -:  643:    #define CATCH_INTERNAL_CONFIG_COUNTER
        -:  644:#endif
        -:  645:
        -:  646:#if defined( CATCH_INTERNAL_CONFIG_COUNTER ) && \
        -:  647:    !defined( CATCH_CONFIG_NO_COUNTER ) && \
        -:  648:    !defined( CATCH_CONFIG_COUNTER )
        -:  649:#    define CATCH_CONFIG_COUNTER
        -:  650:#endif
        -:  651:
        -:  652:
        -:  653:#endif // CATCH_CONFIG_COUNTER_HPP_INCLUDED
        -:  654:#define INTERNAL_CATCH_UNIQUE_NAME_LINE2( name, line ) name##line
        -:  655:#define INTERNAL_CATCH_UNIQUE_NAME_LINE( name, line ) INTERNAL_CATCH_UNIQUE_NAME_LINE2( name, line )
        -:  656:#ifdef CATCH_CONFIG_COUNTER
        -:  657:#  define INTERNAL_CATCH_UNIQUE_NAME( name ) INTERNAL_CATCH_UNIQUE_NAME_LINE( name, __COUNTER__ )
        -:  658:#else
        -:  659:#  define INTERNAL_CATCH_UNIQUE_NAME( name ) INTERNAL_CATCH_UNIQUE_NAME_LINE( name, __LINE__ )
        -:  660:#endif
        -:  661:
        -:  662:#endif // CATCH_UNIQUE_NAME_HPP_INCLUDED
        -:  663:
        -:  664:
        -:  665:#ifndef CATCH_INTERFACES_CAPTURE_HPP_INCLUDED
        -:  666:#define CATCH_INTERFACES_CAPTURE_HPP_INCLUDED
        -:  667:
        -:  668:#include <string>
        -:  669:#include <chrono>
        -:  670:
        -:  671:
        -:  672:
        -:  673:#ifndef CATCH_STRINGREF_HPP_INCLUDED
        -:  674:#define CATCH_STRINGREF_HPP_INCLUDED
        -:  675:
        -:  676:#include <cstddef>
        -:  677:#include <string>
        -:  678:#include <iosfwd>
        -:  679:#include <cassert>
        -:  680:
        -:  681:#include <cstring>
        -:  682:
        -:  683:namespace Catch {
        -:  684:
        -:  685:    /// A non-owning string class (similar to the forthcoming std::string_view)
        -:  686:    /// Note that, because a StringRef may be a substring of another string,
        -:  687:    /// it may not be null terminated.
        -:  688:    class StringRef {
        -:  689:    public:
        -:  690:        using size_type = std::size_t;
        -:  691:        using const_iterator = const char*;
        -:  692:
        -:  693:        static constexpr size_type npos{ static_cast<size_type>( -1 ) };
        -:  694:
        -:  695:    private:
        -:  696:        static constexpr char const* const s_empty = "";
        -:  697:
      169:  698:        char const* m_start = s_empty;
      169:  699:        size_type m_size = 0;
        -:  700:
        -:  701:    public: // construction
      507:  702:        constexpr StringRef() noexcept = default;
        -:  703:
        -:  704:        StringRef( char const* rawChars ) noexcept;
        -:  705:
     1434:  706:        constexpr StringRef( char const* rawChars, size_type size ) noexcept
      717:  707:        :   m_start( rawChars ),
      717:  708:            m_size( size )
     1434:  709:        {}
        -:  710:
        -:  711:        StringRef( std::string const& stdString ) noexcept
        -:  712:        :   m_start( stdString.c_str() ),
        -:  713:            m_size( stdString.size() )
        -:  714:        {}
        -:  715:
        -:  716:        explicit operator std::string() const {
        -:  717:            return std::string(m_start, m_size);
        -:  718:        }
        -:  719:
        -:  720:    public: // operators
        -:  721:        auto operator == ( StringRef other ) const noexcept -> bool {
        -:  722:            return m_size == other.m_size
        -:  723:                && (std::memcmp( m_start, other.m_start, m_size ) == 0);
        -:  724:        }
        -:  725:        auto operator != (StringRef other) const noexcept -> bool {
        -:  726:            return !(*this == other);
        -:  727:        }
        -:  728:
        -:  729:        constexpr auto operator[] ( size_type index ) const noexcept -> char {
        -:  730:            assert(index < m_size);
        -:  731:            return m_start[index];
        -:  732:        }
        -:  733:
        -:  734:        bool operator<(StringRef rhs) const noexcept;
        -:  735:
        -:  736:    public: // named queries
        -:  737:        constexpr auto empty() const noexcept -> bool {
        -:  738:            return m_size == 0;
        -:  739:        }
        -:  740:        constexpr auto size() const noexcept -> size_type {
        -:  741:            return m_size;
        -:  742:        }
        -:  743:
        -:  744:        // Returns a substring of [start, start + length).
        -:  745:        // If start + length > size(), then the substring is [start, size()).
        -:  746:        // If start > size(), then the substring is empty.
        -:  747:        constexpr StringRef substr(size_type start, size_type length) const noexcept {
        -:  748:            if (start < m_size) {
        -:  749:                const auto shortened_size = m_size - start;
        -:  750:                return StringRef(m_start + start, (shortened_size < length) ? shortened_size : length);
        -:  751:            } else {
        -:  752:                return StringRef();
        -:  753:            }
        -:  754:        }
        -:  755:
        -:  756:        // Returns the current start pointer. May not be null-terminated.
        -:  757:        constexpr char const* data() const noexcept {
        -:  758:            return m_start;
        -:  759:        }
        -:  760:
        -:  761:        constexpr const_iterator begin() const { return m_start; }
        -:  762:        constexpr const_iterator end() const { return m_start + m_size; }
        -:  763:
        -:  764:
        -:  765:        friend std::string& operator += (std::string& lhs, StringRef rhs);
        -:  766:        friend std::ostream& operator << (std::ostream& os, StringRef str);
        -:  767:        friend std::string operator+(StringRef lhs, StringRef rhs);
        -:  768:
        -:  769:        /**
        -:  770:         * Provides a three-way comparison with rhs
        -:  771:         *
        -:  772:         * Returns negative number if lhs < rhs, 0 if lhs == rhs, and a positive
        -:  773:         * number if lhs > rhs
        -:  774:         */
        -:  775:        int compare( StringRef rhs ) const;
        -:  776:    };
        -:  777:
        -:  778:
      230:  779:    constexpr auto operator ""_sr( char const* rawChars, std::size_t size ) noexcept -> StringRef {
      230:  780:        return StringRef( rawChars, size );
        -:  781:    }
        -:  782:} // namespace Catch
        -:  783:
       40:  784:constexpr auto operator ""_catch_sr( char const* rawChars, std::size_t size ) noexcept -> Catch::StringRef {
       40:  785:    return Catch::StringRef( rawChars, size );
        -:  786:}
        -:  787:
        -:  788:#endif // CATCH_STRINGREF_HPP_INCLUDED
        -:  789:
        -:  790:
        -:  791:#ifndef CATCH_RESULT_TYPE_HPP_INCLUDED
        -:  792:#define CATCH_RESULT_TYPE_HPP_INCLUDED
        -:  793:
        -:  794:namespace Catch {
        -:  795:
        -:  796:    // ResultWas::OfType enum
        -:  797:    struct ResultWas { enum OfType {
        -:  798:        Unknown = -1,
        -:  799:        Ok = 0,
        -:  800:        Info = 1,
        -:  801:        Warning = 2,
        -:  802:        // TODO: Should explicit skip be considered "not OK" (cf. isOk)? I.e., should it have the failure bit?
        -:  803:        ExplicitSkip = 4,
        -:  804:
        -:  805:        FailureBit = 0x10,
        -:  806:
        -:  807:        ExpressionFailed = FailureBit | 1,
        -:  808:        ExplicitFailure = FailureBit | 2,
        -:  809:
        -:  810:        Exception = 0x100 | FailureBit,
        -:  811:
        -:  812:        ThrewException = Exception | 1,
        -:  813:        DidntThrowException = Exception | 2,
        -:  814:
        -:  815:        FatalErrorCondition = 0x200 | FailureBit
        -:  816:
        -:  817:    }; };
        -:  818:
        -:  819:    bool isOk( ResultWas::OfType resultType );
        -:  820:    bool isJustInfo( int flags );
        -:  821:
        -:  822:
        -:  823:    // ResultDisposition::Flags enum
        -:  824:    struct ResultDisposition { enum Flags {
        -:  825:        Normal = 0x01,
        -:  826:
        -:  827:        ContinueOnFailure = 0x02,   // Failures fail test, but execution continues
        -:  828:        FalseTest = 0x04,           // Prefix expression with !
        -:  829:        SuppressFail = 0x08         // Failures are reported but do not fail the test
        -:  830:    }; };
        -:  831:
        -:  832:    ResultDisposition::Flags operator | ( ResultDisposition::Flags lhs, ResultDisposition::Flags rhs );
        -:  833:
        -:  834:    bool shouldContinueOnFailure( int flags );
        -:  835:    inline bool isFalseTest( int flags ) { return ( flags & ResultDisposition::FalseTest ) != 0; }
        -:  836:    bool shouldSuppressFailure( int flags );
        -:  837:
        -:  838:} // end namespace Catch
        -:  839:
        -:  840:#endif // CATCH_RESULT_TYPE_HPP_INCLUDED
        -:  841:
        -:  842:
        -:  843:#ifndef CATCH_UNIQUE_PTR_HPP_INCLUDED
        -:  844:#define CATCH_UNIQUE_PTR_HPP_INCLUDED
        -:  845:
        -:  846:#include <cassert>
        -:  847:#include <type_traits>
        -:  848:
        -:  849:
        -:  850:namespace Catch {
        -:  851:namespace Detail {
        -:  852:    /**
        -:  853:     * A reimplementation of `std::unique_ptr` for improved compilation performance
        -:  854:     *
        -:  855:     * Does not support arrays nor custom deleters.
        -:  856:     */
        -:  857:    template <typename T>
        -:  858:    class unique_ptr {
        -:  859:        T* m_ptr;
        -:  860:    public:
        -:  861:        constexpr unique_ptr(std::nullptr_t = nullptr):
        -:  862:            m_ptr{}
        -:  863:        {}
        -:  864:        explicit constexpr unique_ptr(T* ptr):
        -:  865:            m_ptr(ptr)
        -:  866:        {}
        -:  867:
        -:  868:        template <typename U, typename = std::enable_if_t<std::is_base_of<T, U>::value>>
        -:  869:        unique_ptr(unique_ptr<U>&& from):
        -:  870:            m_ptr(from.release())
        -:  871:        {}
        -:  872:
        -:  873:        template <typename U, typename = std::enable_if_t<std::is_base_of<T, U>::value>>
        -:  874:        unique_ptr& operator=(unique_ptr<U>&& from) {
        -:  875:            reset(from.release());
        -:  876:
        -:  877:            return *this;
        -:  878:        }
        -:  879:
        -:  880:        unique_ptr(unique_ptr const&) = delete;
        -:  881:        unique_ptr& operator=(unique_ptr const&) = delete;
        -:  882:
        -:  883:        unique_ptr(unique_ptr&& rhs) noexcept:
        -:  884:            m_ptr(rhs.m_ptr) {
        -:  885:            rhs.m_ptr = nullptr;
        -:  886:        }
        -:  887:        unique_ptr& operator=(unique_ptr&& rhs) noexcept {
        -:  888:            reset(rhs.release());
        -:  889:
        -:  890:            return *this;
        -:  891:        }
        -:  892:
      124:  893:        ~unique_ptr() {
       62:  894:            delete m_ptr;
      124:  895:        }
        -:  896:
        -:  897:        T& operator*() {
        -:  898:            assert(m_ptr);
        -:  899:            return *m_ptr;
        -:  900:        }
        -:  901:        T const& operator*() const {
        -:  902:            assert(m_ptr);
        -:  903:            return *m_ptr;
        -:  904:        }
        -:  905:        T* operator->() noexcept {
        -:  906:            assert(m_ptr);
        -:  907:            return m_ptr;
        -:  908:        }
        -:  909:        T const* operator->() const noexcept {
        -:  910:            assert(m_ptr);
        -:  911:            return m_ptr;
        -:  912:        }
        -:  913:
        -:  914:        T* get() { return m_ptr; }
        -:  915:        T const* get() const { return m_ptr; }
        -:  916:
        -:  917:        void reset(T* ptr = nullptr) {
        -:  918:            delete m_ptr;
        -:  919:            m_ptr = ptr;
        -:  920:        }
        -:  921:
        -:  922:        T* release() {
        -:  923:            auto temp = m_ptr;
        -:  924:            m_ptr = nullptr;
        -:  925:            return temp;
        -:  926:        }
        -:  927:
        -:  928:        explicit operator bool() const {
        -:  929:            return m_ptr;
        -:  930:        }
        -:  931:
        -:  932:        friend void swap(unique_ptr& lhs, unique_ptr& rhs) {
        -:  933:            auto temp = lhs.m_ptr;
        -:  934:            lhs.m_ptr = rhs.m_ptr;
        -:  935:            rhs.m_ptr = temp;
        -:  936:        }
        -:  937:    };
        -:  938:
        -:  939:    //! Specialization to cause compile-time error for arrays
        -:  940:    template <typename T>
        -:  941:    class unique_ptr<T[]>;
        -:  942:
        -:  943:    template <typename T, typename... Args>
        -:  944:    unique_ptr<T> make_unique(Args&&... args) {
        -:  945:        return unique_ptr<T>(new T(CATCH_FORWARD(args)...));
        -:  946:    }
        -:  947:
        -:  948:
        -:  949:} // end namespace Detail
        -:  950:} // end namespace Catch
        -:  951:
        -:  952:#endif // CATCH_UNIQUE_PTR_HPP_INCLUDED
        -:  953:
        -:  954:
        -:  955:#ifndef CATCH_BENCHMARK_STATS_FWD_HPP_INCLUDED
        -:  956:#define CATCH_BENCHMARK_STATS_FWD_HPP_INCLUDED
        -:  957:
        -:  958:
        -:  959:
        -:  960:// Adapted from donated nonius code.
        -:  961:
        -:  962:#ifndef CATCH_CLOCK_HPP_INCLUDED
        -:  963:#define CATCH_CLOCK_HPP_INCLUDED
        -:  964:
        -:  965:#include <chrono>
        -:  966:
        -:  967:namespace Catch {
        -:  968:    namespace Benchmark {
        -:  969:        using IDuration = std::chrono::nanoseconds;
        -:  970:        using FDuration = std::chrono::duration<double, std::nano>;
        -:  971:
        -:  972:        template <typename Clock>
        -:  973:        using TimePoint = typename Clock::time_point;
        -:  974:
        -:  975:        using default_clock = std::chrono::steady_clock;
        -:  976:    } // namespace Benchmark
        -:  977:} // namespace Catch
        -:  978:
        -:  979:#endif // CATCH_CLOCK_HPP_INCLUDED
        -:  980:
        -:  981:namespace Catch {
        -:  982:
        -:  983:    // We cannot forward declare the type with default template argument
        -:  984:    // multiple times, so it is split out into a separate header so that
        -:  985:    // we can prevent multiple declarations in dependees
        -:  986:    template <typename Duration = Benchmark::FDuration>
        -:  987:    struct BenchmarkStats;
        -:  988:
        -:  989:} // end namespace Catch
        -:  990:
        -:  991:#endif // CATCH_BENCHMARK_STATS_FWD_HPP_INCLUDED
        -:  992:
        -:  993:namespace Catch {
        -:  994:
        -:  995:    class AssertionResult;
        -:  996:    struct AssertionInfo;
        -:  997:    struct SectionInfo;
        -:  998:    struct SectionEndInfo;
        -:  999:    struct MessageInfo;
        -: 1000:    struct MessageBuilder;
        -: 1001:    struct Counts;
        -: 1002:    struct AssertionReaction;
        -: 1003:    struct SourceLineInfo;
        -: 1004:
        -: 1005:    class ITransientExpression;
        -: 1006:    class IGeneratorTracker;
        -: 1007:
        -: 1008:    struct BenchmarkInfo;
        -: 1009:
        -: 1010:    namespace Generators {
        -: 1011:        class GeneratorUntypedBase;
        -: 1012:        using GeneratorBasePtr = Catch::Detail::unique_ptr<GeneratorUntypedBase>;
        -: 1013:    }
        -: 1014:
        -: 1015:
        -: 1016:    class IResultCapture {
        -: 1017:    public:
        -: 1018:        virtual ~IResultCapture();
        -: 1019:
        -: 1020:        virtual void notifyAssertionStarted( AssertionInfo const& info ) = 0;
        -: 1021:        virtual bool sectionStarted( StringRef sectionName,
        -: 1022:                                     SourceLineInfo const& sectionLineInfo,
        -: 1023:                                     Counts& assertions ) = 0;
        -: 1024:        virtual void sectionEnded( SectionEndInfo&& endInfo ) = 0;
        -: 1025:        virtual void sectionEndedEarly( SectionEndInfo&& endInfo ) = 0;
        -: 1026:
        -: 1027:        virtual IGeneratorTracker*
        -: 1028:        acquireGeneratorTracker( StringRef generatorName,
        -: 1029:                                 SourceLineInfo const& lineInfo ) = 0;
        -: 1030:        virtual IGeneratorTracker*
        -: 1031:        createGeneratorTracker( StringRef generatorName,
        -: 1032:                                SourceLineInfo lineInfo,
        -: 1033:                                Generators::GeneratorBasePtr&& generator ) = 0;
        -: 1034:
        -: 1035:        virtual void benchmarkPreparing( StringRef name ) = 0;
        -: 1036:        virtual void benchmarkStarting( BenchmarkInfo const& info ) = 0;
        -: 1037:        virtual void benchmarkEnded( BenchmarkStats<> const& stats ) = 0;
        -: 1038:        virtual void benchmarkFailed( StringRef error ) = 0;
        -: 1039:
        -: 1040:        virtual void pushScopedMessage( MessageInfo const& message ) = 0;
        -: 1041:        virtual void popScopedMessage( MessageInfo const& message ) = 0;
        -: 1042:
        -: 1043:        virtual void emplaceUnscopedMessage( MessageBuilder&& builder ) = 0;
        -: 1044:
        -: 1045:        virtual void handleFatalErrorCondition( StringRef message ) = 0;
        -: 1046:
        -: 1047:        virtual void handleExpr
        -: 1048:                (   AssertionInfo const& info,
        -: 1049:                    ITransientExpression const& expr,
        -: 1050:                    AssertionReaction& reaction ) = 0;
        -: 1051:        virtual void handleMessage
        -: 1052:                (   AssertionInfo const& info,
        -: 1053:                    ResultWas::OfType resultType,
        -: 1054:                    StringRef message,
        -: 1055:                    AssertionReaction& reaction ) = 0;
        -: 1056:        virtual void handleUnexpectedExceptionNotThrown
        -: 1057:                (   AssertionInfo const& info,
        -: 1058:                    AssertionReaction& reaction ) = 0;
        -: 1059:        virtual void handleUnexpectedInflightException
        -: 1060:                (   AssertionInfo const& info,
        -: 1061:                    std::string&& message,
        -: 1062:                    AssertionReaction& reaction ) = 0;
        -: 1063:        virtual void handleIncomplete
        -: 1064:                (   AssertionInfo const& info ) = 0;
        -: 1065:        virtual void handleNonExpr
        -: 1066:                (   AssertionInfo const &info,
        -: 1067:                    ResultWas::OfType resultType,
        -: 1068:                    AssertionReaction &reaction ) = 0;
        -: 1069:
        -: 1070:
        -: 1071:
        -: 1072:        virtual bool lastAssertionPassed() = 0;
        -: 1073:        virtual void assertionPassed() = 0;
        -: 1074:
        -: 1075:        // Deprecated, do not use:
        -: 1076:        virtual std::string getCurrentTestName() const = 0;
        -: 1077:        virtual const AssertionResult* getLastResult() const = 0;
        -: 1078:        virtual void exceptionEarlyReported() = 0;
        -: 1079:    };
        -: 1080:
        -: 1081:    IResultCapture& getResultCapture();
        -: 1082:}
        -: 1083:
        -: 1084:#endif // CATCH_INTERFACES_CAPTURE_HPP_INCLUDED
        -: 1085:
        -: 1086:
        -: 1087:#ifndef CATCH_INTERFACES_CONFIG_HPP_INCLUDED
        -: 1088:#define CATCH_INTERFACES_CONFIG_HPP_INCLUDED
        -: 1089:
        -: 1090:
        -: 1091:
        -: 1092:#ifndef CATCH_NONCOPYABLE_HPP_INCLUDED
        -: 1093:#define CATCH_NONCOPYABLE_HPP_INCLUDED
        -: 1094:
        -: 1095:namespace Catch {
        -: 1096:    namespace Detail {
        -: 1097:
        -: 1098:        //! Deriving classes become noncopyable and nonmovable
        -: 1099:        class NonCopyable {
        -: 1100:            NonCopyable( NonCopyable const& ) = delete;
        -: 1101:            NonCopyable( NonCopyable&& ) = delete;
        -: 1102:            NonCopyable& operator=( NonCopyable const& ) = delete;
        -: 1103:            NonCopyable& operator=( NonCopyable&& ) = delete;
        -: 1104:
        -: 1105:        protected:
        -: 1106:            NonCopyable() noexcept = default;
        -: 1107:        };
        -: 1108:
        -: 1109:    } // namespace Detail
        -: 1110:} // namespace Catch
        -: 1111:
        -: 1112:#endif // CATCH_NONCOPYABLE_HPP_INCLUDED
        -: 1113:
        -: 1114:#include <chrono>
        -: 1115:#include <iosfwd>
        -: 1116:#include <string>
        -: 1117:#include <vector>
        -: 1118:
        -: 1119:namespace Catch {
        -: 1120:
        -: 1121:    enum class Verbosity {
        -: 1122:        Quiet = 0,
        -: 1123:        Normal,
        -: 1124:        High
        -: 1125:    };
        -: 1126:
        -: 1127:    struct WarnAbout { enum What {
        -: 1128:        Nothing = 0x00,
        -: 1129:        //! A test case or leaf section did not run any assertions
        -: 1130:        NoAssertions = 0x01,
        -: 1131:        //! A command line test spec matched no test cases
        -: 1132:        UnmatchedTestSpec = 0x02,
        -: 1133:    }; };
        -: 1134:
        -: 1135:    enum class ShowDurations {
        -: 1136:        DefaultForReporter,
        -: 1137:        Always,
        -: 1138:        Never
        -: 1139:    };
        -: 1140:    enum class TestRunOrder {
        -: 1141:        Declared,
        -: 1142:        LexicographicallySorted,
        -: 1143:        Randomized
        -: 1144:    };
        -: 1145:    enum class ColourMode : std::uint8_t {
        -: 1146:        //! Let Catch2 pick implementation based on platform detection
        -: 1147:        PlatformDefault,
        -: 1148:        //! Use ANSI colour code escapes
        -: 1149:        ANSI,
        -: 1150:        //! Use Win32 console colour API
        -: 1151:        Win32,
        -: 1152:        //! Don't use any colour
        -: 1153:        None
        -: 1154:    };
        -: 1155:    struct WaitForKeypress { enum When {
        -: 1156:        Never,
        -: 1157:        BeforeStart = 1,
        -: 1158:        BeforeExit = 2,
        -: 1159:        BeforeStartAndExit = BeforeStart | BeforeExit
        -: 1160:    }; };
        -: 1161:
        -: 1162:    class TestSpec;
        -: 1163:    class IStream;
        -: 1164:
        -: 1165:    class IConfig : public Detail::NonCopyable {
        -: 1166:    public:
        -: 1167:        virtual ~IConfig();
        -: 1168:
        -: 1169:        virtual bool allowThrows() const = 0;
        -: 1170:        virtual StringRef name() const = 0;
        -: 1171:        virtual bool includeSuccessfulResults() const = 0;
        -: 1172:        virtual bool shouldDebugBreak() const = 0;
        -: 1173:        virtual bool warnAboutMissingAssertions() const = 0;
        -: 1174:        virtual bool warnAboutUnmatchedTestSpecs() const = 0;
        -: 1175:        virtual bool zeroTestsCountAsSuccess() const = 0;
        -: 1176:        virtual int abortAfter() const = 0;
        -: 1177:        virtual bool showInvisibles() const = 0;
        -: 1178:        virtual ShowDurations showDurations() const = 0;
        -: 1179:        virtual double minDuration() const = 0;
        -: 1180:        virtual TestSpec const& testSpec() const = 0;
        -: 1181:        virtual bool hasTestFilters() const = 0;
        -: 1182:        virtual std::vector<std::string> const& getTestsOrTags() const = 0;
        -: 1183:        virtual TestRunOrder runOrder() const = 0;
        -: 1184:        virtual uint32_t rngSeed() const = 0;
        -: 1185:        virtual unsigned int shardCount() const = 0;
        -: 1186:        virtual unsigned int shardIndex() const = 0;
        -: 1187:        virtual ColourMode defaultColourMode() const = 0;
        -: 1188:        virtual std::vector<std::string> const& getSectionsToRun() const = 0;
        -: 1189:        virtual Verbosity verbosity() const = 0;
        -: 1190:
        -: 1191:        virtual bool skipBenchmarks() const = 0;
        -: 1192:        virtual bool benchmarkNoAnalysis() const = 0;
        -: 1193:        virtual unsigned int benchmarkSamples() const = 0;
        -: 1194:        virtual double benchmarkConfidenceInterval() const = 0;
        -: 1195:        virtual unsigned int benchmarkResamples() const = 0;
        -: 1196:        virtual std::chrono::milliseconds benchmarkWarmupTime() const = 0;
        -: 1197:    };
        -: 1198:}
        -: 1199:
        -: 1200:#endif // CATCH_INTERFACES_CONFIG_HPP_INCLUDED
        -: 1201:
        -: 1202:
        -: 1203:#ifndef CATCH_INTERFACES_REGISTRY_HUB_HPP_INCLUDED
        -: 1204:#define CATCH_INTERFACES_REGISTRY_HUB_HPP_INCLUDED
        -: 1205:
        -: 1206:
        -: 1207:#include <string>
        -: 1208:
        -: 1209:namespace Catch {
        -: 1210:
        -: 1211:    class TestCaseHandle;
        -: 1212:    struct TestCaseInfo;
        -: 1213:    class ITestCaseRegistry;
        -: 1214:    class IExceptionTranslatorRegistry;
        -: 1215:    class IExceptionTranslator;
        -: 1216:    class ReporterRegistry;
        -: 1217:    class IReporterFactory;
        -: 1218:    class ITagAliasRegistry;
        -: 1219:    class ITestInvoker;
        -: 1220:    class IMutableEnumValuesRegistry;
        -: 1221:    struct SourceLineInfo;
        -: 1222:
        -: 1223:    class StartupExceptionRegistry;
        -: 1224:    class EventListenerFactory;
        -: 1225:
        -: 1226:    using IReporterFactoryPtr = Detail::unique_ptr<IReporterFactory>;
        -: 1227:
        -: 1228:    class IRegistryHub {
        -: 1229:    public:
        -: 1230:        virtual ~IRegistryHub(); // = default
        -: 1231:
        -: 1232:        virtual ReporterRegistry const& getReporterRegistry() const = 0;
        -: 1233:        virtual ITestCaseRegistry const& getTestCaseRegistry() const = 0;
        -: 1234:        virtual ITagAliasRegistry const& getTagAliasRegistry() const = 0;
        -: 1235:        virtual IExceptionTranslatorRegistry const& getExceptionTranslatorRegistry() const = 0;
        -: 1236:
        -: 1237:
        -: 1238:        virtual StartupExceptionRegistry const& getStartupExceptionRegistry() const = 0;
        -: 1239:    };
        -: 1240:
        -: 1241:    class IMutableRegistryHub {
        -: 1242:    public:
        -: 1243:        virtual ~IMutableRegistryHub(); // = default
        -: 1244:        virtual void registerReporter( std::string const& name, IReporterFactoryPtr factory ) = 0;
        -: 1245:        virtual void registerListener( Detail::unique_ptr<EventListenerFactory> factory ) = 0;
        -: 1246:        virtual void registerTest(Detail::unique_ptr<TestCaseInfo>&& testInfo, Detail::unique_ptr<ITestInvoker>&& invoker) = 0;
        -: 1247:        virtual void registerTranslator( Detail::unique_ptr<IExceptionTranslator>&& translator ) = 0;
        -: 1248:        virtual void registerTagAlias( std::string const& alias, std::string const& tag, SourceLineInfo const& lineInfo ) = 0;
        -: 1249:        virtual void registerStartupException() noexcept = 0;
        -: 1250:        virtual IMutableEnumValuesRegistry& getMutableEnumValuesRegistry() = 0;
        -: 1251:    };
        -: 1252:
        -: 1253:    IRegistryHub const& getRegistryHub();
        -: 1254:    IMutableRegistryHub& getMutableRegistryHub();
        -: 1255:    void cleanUp();
        -: 1256:    std::string translateActiveException();
        -: 1257:
        -: 1258:}
        -: 1259:
        -: 1260:#endif // CATCH_INTERFACES_REGISTRY_HUB_HPP_INCLUDED
        -: 1261:
        -: 1262:
        -: 1263:#ifndef CATCH_BENCHMARK_STATS_HPP_INCLUDED
        -: 1264:#define CATCH_BENCHMARK_STATS_HPP_INCLUDED
        -: 1265:
        -: 1266:
        -: 1267:
        -: 1268:// Adapted from donated nonius code.
        -: 1269:
        -: 1270:#ifndef CATCH_ESTIMATE_HPP_INCLUDED
        -: 1271:#define CATCH_ESTIMATE_HPP_INCLUDED
        -: 1272:
        -: 1273:namespace Catch {
        -: 1274:    namespace Benchmark {
        -: 1275:        template <typename Type>
        -: 1276:        struct Estimate {
        -: 1277:            Type point;
        -: 1278:            Type lower_bound;
        -: 1279:            Type upper_bound;
        -: 1280:            double confidence_interval;
        -: 1281:        };
        -: 1282:    } // namespace Benchmark
        -: 1283:} // namespace Catch
        -: 1284:
        -: 1285:#endif // CATCH_ESTIMATE_HPP_INCLUDED
        -: 1286:
        -: 1287:
        -: 1288:// Adapted from donated nonius code.
        -: 1289:
        -: 1290:#ifndef CATCH_OUTLIER_CLASSIFICATION_HPP_INCLUDED
        -: 1291:#define CATCH_OUTLIER_CLASSIFICATION_HPP_INCLUDED
        -: 1292:
        -: 1293:namespace Catch {
        -: 1294:    namespace Benchmark {
        -: 1295:        struct OutlierClassification {
        -: 1296:            int samples_seen = 0;
        -: 1297:            int low_severe = 0;     // more than 3 times IQR below Q1
        -: 1298:            int low_mild = 0;       // 1.5 to 3 times IQR below Q1
        -: 1299:            int high_mild = 0;      // 1.5 to 3 times IQR above Q3
        -: 1300:            int high_severe = 0;    // more than 3 times IQR above Q3
        -: 1301:
        -: 1302:            int total() const {
        -: 1303:                return low_severe + low_mild + high_mild + high_severe;
        -: 1304:            }
        -: 1305:        };
        -: 1306:    } // namespace Benchmark
        -: 1307:} // namespace Catch
        -: 1308:
        -: 1309:#endif // CATCH_OUTLIERS_CLASSIFICATION_HPP_INCLUDED
        -: 1310:// The fwd decl & default specialization needs to be seen by VS2017 before
        -: 1311:// BenchmarkStats itself, or VS2017 will report compilation error.
        -: 1312:
        -: 1313:#include <string>
        -: 1314:#include <vector>
        -: 1315:
        -: 1316:namespace Catch {
        -: 1317:
        -: 1318:    struct BenchmarkInfo {
        -: 1319:        std::string name;
        -: 1320:        double estimatedDuration;
        -: 1321:        int iterations;
        -: 1322:        unsigned int samples;
        -: 1323:        unsigned int resamples;
        -: 1324:        double clockResolution;
        -: 1325:        double clockCost;
        -: 1326:    };
        -: 1327:
        -: 1328:    // We need to keep template parameter for backwards compatibility,
        -: 1329:    // but we also do not want to use the template paraneter.
        -: 1330:    template <class Dummy>
        -: 1331:    struct BenchmarkStats {
        -: 1332:        BenchmarkInfo info;
        -: 1333:
        -: 1334:        std::vector<Benchmark::FDuration> samples;
        -: 1335:        Benchmark::Estimate<Benchmark::FDuration> mean;
        -: 1336:        Benchmark::Estimate<Benchmark::FDuration> standardDeviation;
        -: 1337:        Benchmark::OutlierClassification outliers;
        -: 1338:        double outlierVariance;
        -: 1339:    };
        -: 1340:
        -: 1341:
        -: 1342:} // end namespace Catch
        -: 1343:
        -: 1344:#endif // CATCH_BENCHMARK_STATS_HPP_INCLUDED
        -: 1345:
        -: 1346:
        -: 1347:// Adapted from donated nonius code.
        -: 1348:
        -: 1349:#ifndef CATCH_ENVIRONMENT_HPP_INCLUDED
        -: 1350:#define CATCH_ENVIRONMENT_HPP_INCLUDED
        -: 1351:
        -: 1352:
        -: 1353:namespace Catch {
        -: 1354:    namespace Benchmark {
        -: 1355:        struct EnvironmentEstimate {
        -: 1356:            FDuration mean;
        -: 1357:            OutlierClassification outliers;
        -: 1358:        };
        -: 1359:        struct Environment {
        -: 1360:            EnvironmentEstimate clock_resolution;
        -: 1361:            EnvironmentEstimate clock_cost;
        -: 1362:        };
        -: 1363:    } // namespace Benchmark
        -: 1364:} // namespace Catch
        -: 1365:
        -: 1366:#endif // CATCH_ENVIRONMENT_HPP_INCLUDED
        -: 1367:
        -: 1368:
        -: 1369:// Adapted from donated nonius code.
        -: 1370:
        -: 1371:#ifndef CATCH_EXECUTION_PLAN_HPP_INCLUDED
        -: 1372:#define CATCH_EXECUTION_PLAN_HPP_INCLUDED
        -: 1373:
        -: 1374:
        -: 1375:
        -: 1376:// Adapted from donated nonius code.
        -: 1377:
        -: 1378:#ifndef CATCH_BENCHMARK_FUNCTION_HPP_INCLUDED
        -: 1379:#define CATCH_BENCHMARK_FUNCTION_HPP_INCLUDED
        -: 1380:
        -: 1381:
        -: 1382:
        -: 1383:// Adapted from donated nonius code.
        -: 1384:
        -: 1385:#ifndef CATCH_CHRONOMETER_HPP_INCLUDED
        -: 1386:#define CATCH_CHRONOMETER_HPP_INCLUDED
        -: 1387:
        -: 1388:
        -: 1389:
        -: 1390:// Adapted from donated nonius code.
        -: 1391:
        -: 1392:#ifndef CATCH_OPTIMIZER_HPP_INCLUDED
        -: 1393:#define CATCH_OPTIMIZER_HPP_INCLUDED
        -: 1394:
        -: 1395:#if defined(_MSC_VER) || defined(__IAR_SYSTEMS_ICC__)
        -: 1396:#   include <atomic> // atomic_thread_fence
        -: 1397:#endif
        -: 1398:
        -: 1399:
        -: 1400:#include <type_traits>
        -: 1401:
        -: 1402:namespace Catch {
        -: 1403:    namespace Benchmark {
        -: 1404:#if defined(__GNUC__) || defined(__clang__)
        -: 1405:        template <typename T>
        -: 1406:        inline void keep_memory(T* p) {
        -: 1407:            asm volatile("" : : "g"(p) : "memory");
        -: 1408:        }
        -: 1409:        inline void keep_memory() {
        -: 1410:            asm volatile("" : : : "memory");
        -: 1411:        }
        -: 1412:
        -: 1413:        namespace Detail {
        -: 1414:            inline void optimizer_barrier() { keep_memory(); }
        -: 1415:        } // namespace Detail
        -: 1416:#elif defined(_MSC_VER) || defined(__IAR_SYSTEMS_ICC__)
        -: 1417:
        -: 1418:#if defined(_MSVC_VER)
        -: 1419:#pragma optimize("", off)
        -: 1420:#elif defined(__IAR_SYSTEMS_ICC__)
        -: 1421:// For IAR the pragma only affects the following function
        -: 1422:#pragma optimize=disable
        -: 1423:#endif
        -: 1424:        template <typename T>
        -: 1425:        inline void keep_memory(T* p) {
        -: 1426:            // thanks @milleniumbug
        -: 1427:            *reinterpret_cast<char volatile*>(p) = *reinterpret_cast<char const volatile*>(p);
        -: 1428:        }
        -: 1429:        // TODO equivalent keep_memory()
        -: 1430:#if defined(_MSVC_VER)
        -: 1431:#pragma optimize("", on)
        -: 1432:#endif
        -: 1433:
        -: 1434:        namespace Detail {
        -: 1435:            inline void optimizer_barrier() {
        -: 1436:                std::atomic_thread_fence(std::memory_order_seq_cst);
        -: 1437:            }
        -: 1438:        } // namespace Detail
        -: 1439:
        -: 1440:#endif
        -: 1441:
        -: 1442:        template <typename T>
        -: 1443:        inline void deoptimize_value(T&& x) {
        -: 1444:            keep_memory(&x);
        -: 1445:        }
        -: 1446:
        -: 1447:        template <typename Fn, typename... Args>
        -: 1448:        inline auto invoke_deoptimized(Fn&& fn, Args&&... args) -> std::enable_if_t<!std::is_same<void, decltype(fn(args...))>::value> {
        -: 1449:            deoptimize_value(CATCH_FORWARD(fn) (CATCH_FORWARD(args)...));
        -: 1450:        }
        -: 1451:
        -: 1452:        template <typename Fn, typename... Args>
        -: 1453:        inline auto invoke_deoptimized(Fn&& fn, Args&&... args) -> std::enable_if_t<std::is_same<void, decltype(fn(args...))>::value> {
        -: 1454:            CATCH_FORWARD((fn)) (CATCH_FORWARD(args)...);
        -: 1455:        }
        -: 1456:    } // namespace Benchmark
        -: 1457:} // namespace Catch
        -: 1458:
        -: 1459:#endif // CATCH_OPTIMIZER_HPP_INCLUDED
        -: 1460:
        -: 1461:
        -: 1462:#ifndef CATCH_META_HPP_INCLUDED
        -: 1463:#define CATCH_META_HPP_INCLUDED
        -: 1464:
        -: 1465:#include <type_traits>
        -: 1466:
        -: 1467:namespace Catch {
        -: 1468:    template <typename>
        -: 1469:    struct true_given : std::true_type {};
        -: 1470:
        -: 1471:    struct is_callable_tester {
        -: 1472:        template <typename Fun, typename... Args>
        -: 1473:        static true_given<decltype(std::declval<Fun>()(std::declval<Args>()...))> test(int);
        -: 1474:        template <typename...>
        -: 1475:        static std::false_type test(...);
        -: 1476:    };
        -: 1477:
        -: 1478:    template <typename T>
        -: 1479:    struct is_callable;
        -: 1480:
        -: 1481:    template <typename Fun, typename... Args>
        -: 1482:    struct is_callable<Fun(Args...)> : decltype(is_callable_tester::test<Fun, Args...>(0)) {};
        -: 1483:
        -: 1484:
        -: 1485:#if defined(__cpp_lib_is_invocable) && __cpp_lib_is_invocable >= 201703
        -: 1486:    // std::result_of is deprecated in C++17 and removed in C++20. Hence, it is
        -: 1487:    // replaced with std::invoke_result here.
        -: 1488:    template <typename Func, typename... U>
        -: 1489:    using FunctionReturnType = std::remove_reference_t<std::remove_cv_t<std::invoke_result_t<Func, U...>>>;
        -: 1490:#else
        -: 1491:    template <typename Func, typename... U>
        -: 1492:    using FunctionReturnType = std::remove_reference_t<std::remove_cv_t<std::result_of_t<Func(U...)>>>;
        -: 1493:#endif
        -: 1494:
        -: 1495:} // namespace Catch
        -: 1496:
        -: 1497:namespace mpl_{
        -: 1498:    struct na;
        -: 1499:}
        -: 1500:
        -: 1501:#endif // CATCH_META_HPP_INCLUDED
        -: 1502:
        -: 1503:namespace Catch {
        -: 1504:    namespace Benchmark {
        -: 1505:        namespace Detail {
        -: 1506:            struct ChronometerConcept {
        -: 1507:                virtual void start() = 0;
        -: 1508:                virtual void finish() = 0;
        -: 1509:                virtual ~ChronometerConcept(); // = default;
        -: 1510:
        -: 1511:                ChronometerConcept() = default;
        -: 1512:                ChronometerConcept(ChronometerConcept const&) = default;
        -: 1513:                ChronometerConcept& operator=(ChronometerConcept const&) = default;
        -: 1514:            };
        -: 1515:            template <typename Clock>
        -: 1516:            struct ChronometerModel final : public ChronometerConcept {
        -: 1517:                void start() override { started = Clock::now(); }
        -: 1518:                void finish() override { finished = Clock::now(); }
        -: 1519:
        -: 1520:                IDuration elapsed() const {
        -: 1521:                    return std::chrono::duration_cast<std::chrono::nanoseconds>(
        -: 1522:                        finished - started );
        -: 1523:                }
        -: 1524:
        -: 1525:                TimePoint<Clock> started;
        -: 1526:                TimePoint<Clock> finished;
        -: 1527:            };
        -: 1528:        } // namespace Detail
        -: 1529:
        -: 1530:        struct Chronometer {
        -: 1531:        public:
        -: 1532:            template <typename Fun>
        -: 1533:            void measure(Fun&& fun) { measure(CATCH_FORWARD(fun), is_callable<Fun(int)>()); }
        -: 1534:
        -: 1535:            int runs() const { return repeats; }
        -: 1536:
        -: 1537:            Chronometer(Detail::ChronometerConcept& meter, int repeats_)
        -: 1538:                : impl(&meter)
        -: 1539:                , repeats(repeats_) {}
        -: 1540:
        -: 1541:        private:
        -: 1542:            template <typename Fun>
        -: 1543:            void measure(Fun&& fun, std::false_type) {
        -: 1544:                measure([&fun](int) { return fun(); }, std::true_type());
        -: 1545:            }
        -: 1546:
        -: 1547:            template <typename Fun>
        -: 1548:            void measure(Fun&& fun, std::true_type) {
        -: 1549:                Detail::optimizer_barrier();
        -: 1550:                impl->start();
        -: 1551:                for (int i = 0; i < repeats; ++i) invoke_deoptimized(fun, i);
        -: 1552:                impl->finish();
        -: 1553:                Detail::optimizer_barrier();
        -: 1554:            }
        -: 1555:
        -: 1556:            Detail::ChronometerConcept* impl;
        -: 1557:            int repeats;
        -: 1558:        };
        -: 1559:    } // namespace Benchmark
        -: 1560:} // namespace Catch
        -: 1561:
        -: 1562:#endif // CATCH_CHRONOMETER_HPP_INCLUDED
        -: 1563:
        -: 1564:#include <type_traits>
        -: 1565:
        -: 1566:namespace Catch {
        -: 1567:    namespace Benchmark {
        -: 1568:        namespace Detail {
        -: 1569:            template <typename T, typename U>
        -: 1570:            struct is_related
        -: 1571:                : std::is_same<std::decay_t<T>, std::decay_t<U>> {};
        -: 1572:
        -: 1573:            /// We need to reinvent std::function because every piece of code that might add overhead
        -: 1574:            /// in a measurement context needs to have consistent performance characteristics so that we
        -: 1575:            /// can account for it in the measurement.
        -: 1576:            /// Implementations of std::function with optimizations that aren't always applicable, like
        -: 1577:            /// small buffer optimizations, are not uncommon.
        -: 1578:            /// This is effectively an implementation of std::function without any such optimizations;
        -: 1579:            /// it may be slow, but it is consistently slow.
        -: 1580:            struct BenchmarkFunction {
        -: 1581:            private:
        -: 1582:                struct callable {
        -: 1583:                    virtual void call(Chronometer meter) const = 0;
        -: 1584:                    virtual Catch::Detail::unique_ptr<callable> clone() const = 0;
        -: 1585:                    virtual ~callable(); // = default;
        -: 1586:
        -: 1587:                    callable() = default;
        -: 1588:                    callable(callable const&) = default;
        -: 1589:                    callable& operator=(callable const&) = default;
        -: 1590:                };
        -: 1591:                template <typename Fun>
        -: 1592:                struct model : public callable {
        -: 1593:                    model(Fun&& fun_) : fun(CATCH_MOVE(fun_)) {}
        -: 1594:                    model(Fun const& fun_) : fun(fun_) {}
        -: 1595:
        -: 1596:                    Catch::Detail::unique_ptr<callable> clone() const override {
        -: 1597:                        return Catch::Detail::make_unique<model<Fun>>( *this );
        -: 1598:                    }
        -: 1599:
        -: 1600:                    void call(Chronometer meter) const override {
        -: 1601:                        call(meter, is_callable<Fun(Chronometer)>());
        -: 1602:                    }
        -: 1603:                    void call(Chronometer meter, std::true_type) const {
        -: 1604:                        fun(meter);
        -: 1605:                    }
        -: 1606:                    void call(Chronometer meter, std::false_type) const {
        -: 1607:                        meter.measure(fun);
        -: 1608:                    }
        -: 1609:
        -: 1610:                    Fun fun;
        -: 1611:                };
        -: 1612:
        -: 1613:                struct do_nothing { void operator()() const {} };
        -: 1614:
[...]
        -:13505:                           SectionNode const& sectionNode,
        -:13506:                           bool testOkToFail );
        -:13507:
        -:13508:        void writeAssertions(SectionNode const& sectionNode);
        -:13509:        void writeAssertion(AssertionStats const& stats);
        -:13510:
        -:13511:        XmlWriter xml;
        -:13512:        Timer suiteTimer;
        -:13513:        std::string stdOutForSuite;
        -:13514:        std::string stdErrForSuite;
        -:13515:        unsigned int unexpectedExceptions = 0;
        -:13516:        bool m_okToFail = false;
        -:13517:    };
        -:13518:
        -:13519:} // end namespace Catch
        -:13520:
        -:13521:#endif // CATCH_REPORTER_JUNIT_HPP_INCLUDED
        -:13522:
        -:13523:
        -:13524:#ifndef CATCH_REPORTER_MULTI_HPP_INCLUDED
        -:13525:#define CATCH_REPORTER_MULTI_HPP_INCLUDED
        -:13526:
        -:13527:
        -:13528:namespace Catch {
        -:13529:
        -:13530:    class MultiReporter final : public IEventListener {
        -:13531:        /*
        -:13532:         * Stores all added reporters and listeners
        -:13533:         *
        -:13534:         * All Listeners are stored before all reporters, and individual
        -:13535:         * listeners/reporters are stored in order of insertion.
        -:13536:         */
        -:13537:        std::vector<IEventListenerPtr> m_reporterLikes;
        -:13538:        bool m_haveNoncapturingReporters = false;
        -:13539:
        -:13540:        // Keep track of how many listeners we have already inserted,
        -:13541:        // so that we can insert them into the main vector at the right place
        -:13542:        size_t m_insertedListeners = 0;
        -:13543:
        -:13544:        void updatePreferences(IEventListener const& reporterish);
        -:13545:
        -:13546:    public:
        -:13547:        using IEventListener::IEventListener;
        -:13548:
        -:13549:        void addListener( IEventListenerPtr&& listener );
        -:13550:        void addReporter( IEventListenerPtr&& reporter );
        -:13551:
        -:13552:    public: // IEventListener
        -:13553:
        -:13554:        void noMatchingTestCases( StringRef unmatchedSpec ) override;
        -:13555:        void fatalErrorEncountered( StringRef error ) override;
        -:13556:        void reportInvalidTestSpec( StringRef arg ) override;
        -:13557:
        -:13558:        void benchmarkPreparing( StringRef name ) override;
        -:13559:        void benchmarkStarting( BenchmarkInfo const& benchmarkInfo ) override;
        -:13560:        void benchmarkEnded( BenchmarkStats<> const& benchmarkStats ) override;
        -:13561:        void benchmarkFailed( StringRef error ) override;
        -:13562:
        -:13563:        void testRunStarting( TestRunInfo const& testRunInfo ) override;
        -:13564:        void testCaseStarting( TestCaseInfo const& testInfo ) override;
        -:13565:        void testCasePartialStarting(TestCaseInfo const& testInfo, uint64_t partNumber) override;
        -:13566:        void sectionStarting( SectionInfo const& sectionInfo ) override;
        -:13567:        void assertionStarting( AssertionInfo const& assertionInfo ) override;
        -:13568:
        -:13569:        void assertionEnded( AssertionStats const& assertionStats ) override;
        -:13570:        void sectionEnded( SectionStats const& sectionStats ) override;
        -:13571:        void testCasePartialEnded(TestCaseStats const& testStats, uint64_t partNumber) override;
        -:13572:        void testCaseEnded( TestCaseStats const& testCaseStats ) override;
        -:13573:        void testRunEnded( TestRunStats const& testRunStats ) override;
        -:13574:
        -:13575:        void skipTest( TestCaseInfo const& testInfo ) override;
        -:13576:
        -:13577:        void listReporters(std::vector<ReporterDescription> const& descriptions) override;
        -:13578:        void listListeners(std::vector<ListenerDescription> const& descriptions) override;
        -:13579:        void listTests(std::vector<TestCaseHandle> const& tests) override;
        -:13580:        void listTags(std::vector<TagInfo> const& tags) override;
        -:13581:
        -:13582:
        -:13583:    };
        -:13584:
        -:13585:} // end namespace Catch
        -:13586:
        -:13587:#endif // CATCH_REPORTER_MULTI_HPP_INCLUDED
        -:13588:
        -:13589:
        -:13590:#ifndef CATCH_REPORTER_REGISTRARS_HPP_INCLUDED
        -:13591:#define CATCH_REPORTER_REGISTRARS_HPP_INCLUDED
        -:13592:
        -:13593:
        -:13594:#include <type_traits>
        -:13595:
        -:13596:namespace Catch {
        -:13597:
        -:13598:    namespace Detail {
        -:13599:
        -:13600:        template <typename T, typename = void>
        -:13601:        struct has_description : std::false_type {};
        -:13602:
        -:13603:        template <typename T>
        -:13604:        struct has_description<
        -:13605:            T,
        -:13606:            void_t<decltype( T::getDescription() )>>
        -:13607:            : std::true_type {};
        -:13608:
        -:13609:        //! Indirection for reporter registration, so that the error handling is
        -:13610:        //! independent on the reporter's concrete type
        -:13611:        void registerReporterImpl( std::string const& name,
        -:13612:                                   IReporterFactoryPtr reporterPtr );
        -:13613:        //! Actually registers the factory, independent on listener's concrete type
        -:13614:        void registerListenerImpl( Detail::unique_ptr<EventListenerFactory> listenerFactory );
        -:13615:    } // namespace Detail
        -:13616:
        -:13617:    class IEventListener;
        -:13618:    using IEventListenerPtr = Detail::unique_ptr<IEventListener>;
        -:13619:
        -:13620:    template <typename T>
        -:13621:    class ReporterFactory : public IReporterFactory {
        -:13622:
        -:13623:        IEventListenerPtr create( ReporterConfig&& config ) const override {
        -:13624:            return Detail::make_unique<T>( CATCH_MOVE(config) );
        -:13625:        }
        -:13626:
        -:13627:        std::string getDescription() const override {
        -:13628:            return T::getDescription();
        -:13629:        }
        -:13630:    };
        -:13631:
        -:13632:
        -:13633:    template<typename T>
        -:13634:    class ReporterRegistrar {
        -:13635:    public:
        -:13636:        explicit ReporterRegistrar( std::string const& name ) {
        -:13637:            registerReporterImpl( name,
        -:13638:                                  Detail::make_unique<ReporterFactory<T>>() );
        -:13639:        }
        -:13640:    };
        -:13641:
        -:13642:    template<typename T>
        -:13643:    class ListenerRegistrar {
        -:13644:
        -:13645:        class TypedListenerFactory : public EventListenerFactory {
        -:13646:            StringRef m_listenerName;
        -:13647:
        -:13648:            std::string getDescriptionImpl( std::true_type ) const {
        -:13649:                return T::getDescription();
        -:13650:            }
        -:13651:
        -:13652:            std::string getDescriptionImpl( std::false_type ) const {
        -:13653:                return "(No description provided)";
        -:13654:            }
        -:13655:
        -:13656:        public:
        -:13657:            TypedListenerFactory( StringRef listenerName ):
        -:13658:                m_listenerName( listenerName ) {}
        -:13659:
        -:13660:            IEventListenerPtr create( IConfig const* config ) const override {
        -:13661:                return Detail::make_unique<T>( config );
        -:13662:            }
        -:13663:
        -:13664:            StringRef getName() const override {
        -:13665:                return m_listenerName;
        -:13666:            }
        -:13667:
        -:13668:            std::string getDescription() const override {
        -:13669:                return getDescriptionImpl( Detail::has_description<T>{} );
        -:13670:            }
        -:13671:        };
        -:13672:
        -:13673:    public:
        -:13674:        ListenerRegistrar(StringRef listenerName) {
        -:13675:            registerListenerImpl( Detail::make_unique<TypedListenerFactory>(listenerName) );
        -:13676:        }
        -:13677:    };
        -:13678:}
        -:13679:
        -:13680:#if !defined(CATCH_CONFIG_DISABLE)
        -:13681:
        -:13682:#    define CATCH_REGISTER_REPORTER( name, reporterType )                      \
        -:13683:        CATCH_INTERNAL_START_WARNINGS_SUPPRESSION                              \
        -:13684:        CATCH_INTERNAL_SUPPRESS_GLOBALS_WARNINGS                               \
        -:13685:        namespace {                                                            \
        -:13686:            Catch::ReporterRegistrar<reporterType> INTERNAL_CATCH_UNIQUE_NAME( \
        -:13687:                catch_internal_RegistrarFor )( name );                         \
        -:13688:        }                                                                      \
        -:13689:        CATCH_INTERNAL_STOP_WARNINGS_SUPPRESSION
        -:13690:
        -:13691:#    define CATCH_REGISTER_LISTENER( listenerType )                            \
        -:13692:        CATCH_INTERNAL_START_WARNINGS_SUPPRESSION                              \
        -:13693:        CATCH_INTERNAL_SUPPRESS_GLOBALS_WARNINGS                               \
        -:13694:        namespace {                                                            \
        -:13695:            Catch::ListenerRegistrar<listenerType> INTERNAL_CATCH_UNIQUE_NAME( \
        -:13696:                catch_internal_RegistrarFor )( #listenerType##_catch_sr );     \
        -:13697:        }                                                                      \
        -:13698:        CATCH_INTERNAL_STOP_WARNINGS_SUPPRESSION
        -:13699:
        -:13700:#else // CATCH_CONFIG_DISABLE
        -:13701:
        -:13702:#define CATCH_REGISTER_REPORTER(name, reporterType)
        -:13703:#define CATCH_REGISTER_LISTENER(listenerType)
        -:13704:
        -:13705:#endif // CATCH_CONFIG_DISABLE
        -:13706:
        -:13707:#endif // CATCH_REPORTER_REGISTRARS_HPP_INCLUDED
        -:13708:
        -:13709:
        -:13710:#ifndef CATCH_REPORTER_SONARQUBE_HPP_INCLUDED
        -:13711:#define CATCH_REPORTER_SONARQUBE_HPP_INCLUDED
        -:13712:
        -:13713:
        -:13714:
        -:13715:namespace Catch {
        -:13716:
        -:13717:    class SonarQubeReporter final : public CumulativeReporterBase {
        -:13718:    public:
        -:13719:        SonarQubeReporter(ReporterConfig&& config)
        -:13720:        : CumulativeReporterBase(CATCH_MOVE(config))
        -:13721:        , xml(m_stream) {
        -:13722:            m_preferences.shouldRedirectStdOut = true;
        -:13723:            m_preferences.shouldReportAllAssertions = true;
        -:13724:            m_shouldStoreSuccesfulAssertions = false;
        -:13725:        }
        -:13726:
        -:13727:        static std::string getDescription() {
        -:13728:            using namespace std::string_literals;
        -:13729:            return "Reports test results in the Generic Test Data SonarQube XML format"s;
        -:13730:        }
        -:13731:
        -:13732:        void testRunStarting( TestRunInfo const& testRunInfo ) override;
        -:13733:
        -:13734:        void testRunEndedCumulative() override {
        -:13735:            writeRun( *m_testRun );
        -:13736:            xml.endElement();
        -:13737:        }
        -:13738:
        -:13739:        void writeRun( TestRunNode const& runNode );
        -:13740:
        -:13741:        void writeTestFile(StringRef filename, std::vector<TestCaseNode const*> const& testCaseNodes);
        -:13742:
        -:13743:        void writeTestCase(TestCaseNode const& testCaseNode);
        -:13744:
        -:13745:        void writeSection(std::string const& rootName, SectionNode const& sectionNode, bool okToFail);
        -:13746:
        -:13747:        void writeAssertions(SectionNode const& sectionNode, bool okToFail);
        -:13748:
        -:13749:        void writeAssertion(AssertionStats const& stats, bool okToFail);
        -:13750:
        -:13751:    private:
        -:13752:        XmlWriter xml;
        -:13753:    };
        -:13754:
        -:13755:
        -:13756:} // end namespace Catch
        -:13757:
        -:13758:#endif // CATCH_REPORTER_SONARQUBE_HPP_INCLUDED
        -:13759:
        -:13760:
        -:13761:#ifndef CATCH_REPORTER_TAP_HPP_INCLUDED
        -:13762:#define CATCH_REPORTER_TAP_HPP_INCLUDED
        -:13763:
        -:13764:
        -:13765:namespace Catch {
        -:13766:
        -:13767:    class TAPReporter final : public StreamingReporterBase {
        -:13768:    public:
        -:13769:        TAPReporter( ReporterConfig&& config ):
        -:13770:            StreamingReporterBase( CATCH_MOVE(config) ) {
        -:13771:            m_preferences.shouldReportAllAssertions = true;
        -:13772:        }
        -:13773:
        -:13774:        static std::string getDescription() {
        -:13775:            using namespace std::string_literals;
        -:13776:            return "Reports test results in TAP format, suitable for test harnesses"s;
        -:13777:        }
        -:13778:
        -:13779:        void testRunStarting( TestRunInfo const& testInfo ) override;
        -:13780:
        -:13781:        void noMatchingTestCases( StringRef unmatchedSpec ) override;
        -:13782:
        -:13783:        void assertionEnded(AssertionStats const& _assertionStats) override;
        -:13784:
        -:13785:        void testRunEnded(TestRunStats const& _testRunStats) override;
        -:13786:
        -:13787:    private:
        -:13788:        std::size_t counter = 0;
        -:13789:    };
        -:13790:
        -:13791:} // end namespace Catch
        -:13792:
        -:13793:#endif // CATCH_REPORTER_TAP_HPP_INCLUDED
        -:13794:
        -:13795:
        -:13796:#ifndef CATCH_REPORTER_TEAMCITY_HPP_INCLUDED
        -:13797:#define CATCH_REPORTER_TEAMCITY_HPP_INCLUDED
        -:13798:
        -:13799:
        -:13800:#include <cstring>
        -:13801:
        -:13802:#ifdef __clang__
        -:13803:#   pragma clang diagnostic push
        -:13804:#   pragma clang diagnostic ignored "-Wpadded"
        -:13805:#endif
        -:13806:
        -:13807:namespace Catch {
        -:13808:
        -:13809:    class TeamCityReporter final : public StreamingReporterBase {
        -:13810:    public:
        -:13811:        TeamCityReporter( ReporterConfig&& _config )
        -:13812:        :   StreamingReporterBase( CATCH_MOVE(_config) )
        -:13813:        {
        -:13814:            m_preferences.shouldRedirectStdOut = true;
        -:13815:        }
        -:13816:
        -:13817:        ~TeamCityReporter() override;
        -:13818:
        -:13819:        static std::string getDescription() {
        -:13820:            using namespace std::string_literals;
        -:13821:            return "Reports test results as TeamCity service messages"s;
        -:13822:        }
        -:13823:
        -:13824:        void testRunStarting( TestRunInfo const& runInfo ) override;
        -:13825:        void testRunEnded( TestRunStats const& runStats ) override;
        -:13826:
        -:13827:
        -:13828:        void assertionEnded(AssertionStats const& assertionStats) override;
        -:13829:
        -:13830:        void sectionStarting(SectionInfo const& sectionInfo) override {
        -:13831:            m_headerPrintedForThisSection = false;
        -:13832:            StreamingReporterBase::sectionStarting( sectionInfo );
        -:13833:        }
        -:13834:
        -:13835:        void testCaseStarting(TestCaseInfo const& testInfo) override;
        -:13836:
        -:13837:        void testCaseEnded(TestCaseStats const& testCaseStats) override;
        -:13838:
        -:13839:    private:
        -:13840:        void printSectionHeader(std::ostream& os);
        -:13841:
        -:13842:        bool m_headerPrintedForThisSection = false;
        -:13843:        Timer m_testTimer;
        -:13844:    };
        -:13845:
        -:13846:} // end namespace Catch
        -:13847:
        -:13848:#ifdef __clang__
        -:13849:#   pragma clang diagnostic pop
        -:13850:#endif
        -:13851:
        -:13852:#endif // CATCH_REPORTER_TEAMCITY_HPP_INCLUDED
        -:13853:
        -:13854:
        -:13855:#ifndef CATCH_REPORTER_XML_HPP_INCLUDED
        -:13856:#define CATCH_REPORTER_XML_HPP_INCLUDED
        -:13857:
        -:13858:
        -:13859:
        -:13860:
        -:13861:namespace Catch {
        -:13862:    class XmlReporter : public StreamingReporterBase {
        -:13863:    public:
        -:13864:        XmlReporter(ReporterConfig&& _config);
        -:13865:
        -:13866:        ~XmlReporter() override;
        -:13867:
        -:13868:        static std::string getDescription();
        -:13869:
        -:13870:        virtual std::string getStylesheetRef() const;
        -:13871:
        -:13872:        void writeSourceInfo(SourceLineInfo const& sourceInfo);
        -:13873:
        -:13874:    public: // StreamingReporterBase
        -:13875:
        -:13876:        void testRunStarting(TestRunInfo const& testInfo) override;
        -:13877:
        -:13878:        void testCaseStarting(TestCaseInfo const& testInfo) override;
        -:13879:
        -:13880:        void sectionStarting(SectionInfo const& sectionInfo) override;
        -:13881:
        -:13882:        void assertionStarting(AssertionInfo const&) override;
        -:13883:
        -:13884:        void assertionEnded(AssertionStats const& assertionStats) override;
        -:13885:
        -:13886:        void sectionEnded(SectionStats const& sectionStats) override;
        -:13887:
        -:13888:        void testCaseEnded(TestCaseStats const& testCaseStats) override;
        -:13889:
        -:13890:        void testRunEnded(TestRunStats const& testRunStats) override;
        -:13891:
        -:13892:        void benchmarkPreparing( StringRef name ) override;
        -:13893:        void benchmarkStarting(BenchmarkInfo const&) override;
        -:13894:        void benchmarkEnded(BenchmarkStats<> const&) override;
        -:13895:        void benchmarkFailed( StringRef error ) override;
        -:13896:
        -:13897:        void listReporters(std::vector<ReporterDescription> const& descriptions) override;
        -:13898:        void listListeners(std::vector<ListenerDescription> const& descriptions) override;
        -:13899:        void listTests(std::vector<TestCaseHandle> const& tests) override;
        -:13900:        void listTags(std::vector<TagInfo> const& tags) override;
        -:13901:
        -:13902:    private:
        -:13903:        Timer m_testCaseTimer;
        -:13904:        XmlWriter m_xml;
        -:13905:        int m_sectionDepth = 0;
        -:13906:    };
        -:13907:
        -:13908:} // end namespace Catch
        -:13909:
        -:13910:#endif // CATCH_REPORTER_XML_HPP_INCLUDED
        -:13911:
        -:13912:#endif // CATCH_REPORTERS_ALL_HPP_INCLUDED
        -:13913:
        -:13914:#endif // CATCH_ALL_HPP_INCLUDED
        -:13915:#endif // CATCH_AMALGAMATED_HPP_INCLUDED
