TN:
SF:/Library/Developer/CommandLineTools/SDKs/MacOSX14.2.sdk/usr/include/c++/v1/__algorithm/comp.h
FN:47,47,_ZNKSt3__16__lessImmEclB7v160006ERKmS3_
FNDA:525,_ZNKSt3__16__lessImmEclB7v160006ERKmS3_
FNF:1
FNH:1
DA:47,525
LF:1
LH:1
end_of_record
TN:
SF:/Library/Developer/CommandLineTools/SDKs/MacOSX14.2.sdk/usr/include/c++/v1/__algorithm/copy.h
FN:104,105,_ZNKSt3__114__copy_trivialclB7v160006IKffLi0EEENS_4pairIPT_PT0_EES5_S5_S7_
FN:111,113,_ZNSt3__16__copyB7v160006INS_17_ClassicAlgPolicyEPKfS3_PfEENS_4pairIT0_T2_EES6_T1_S7_
FN:118,119,_ZNSt3__14copyB7v160006IPKfPfEET0_T_S5_S4_
FNDA:1,_ZNKSt3__114__copy_trivialclB7v160006IKffLi0EEENS_4pairIPT_PT0_EES5_S5_S7_
FNDA:1,_ZNSt3__16__copyB7v160006INS_17_ClassicAlgPolicyEPKfS3_PfEENS_4pairIT0_T2_EES6_T1_S7_
FNDA:1,_ZNSt3__14copyB7v160006IPKfPfEET0_T_S5_S4_
FNF:3
FNH:3
DA:104,1
DA:105,1
DA:111,1
DA:112,1
DA:113,1
DA:118,1
DA:119,1
LF:7
LH:7
end_of_record
TN:
SF:/Library/Developer/CommandLineTools/SDKs/MacOSX14.2.sdk/usr/include/c++/v1/__algorithm/copy_move_common.h
FN:105,109,_ZNSt3__121__unwrap_and_dispatchB7v160006INS_10__overloadINS_11__copy_loopINS_17_ClassicAlgPolicyEEENS_14__copy_trivialEEEPKfS8_PfLi0EEENS_4pairIT0_T2_EESB_T1_SC_
FN:139,158,_ZNSt3__123__dispatch_copy_or_moveB7v160006INS_17_ClassicAlgPolicyENS_11__copy_loopIS1_EENS_14__copy_trivialEPKfS6_PfEENS_4pairIT2_T4_EES9_T3_SA_
FN:62,66,_ZNSt3__119__copy_trivial_implB7v160006IKffEENS_4pairIPT_PT0_EES4_S4_S6_
FNDA:1,_ZNSt3__121__unwrap_and_dispatchB7v160006INS_10__overloadINS_11__copy_loopINS_17_ClassicAlgPolicyEEENS_14__copy_trivialEEEPKfS8_PfLi0EEENS_4pairIT0_T2_EESB_T1_SC_
FNDA:1,_ZNSt3__123__dispatch_copy_or_moveB7v160006INS_17_ClassicAlgPolicyENS_11__copy_loopIS1_EENS_14__copy_trivialEPKfS6_PfEENS_4pairIT2_T4_EES9_T3_SA_
FNDA:1,_ZNSt3__119__copy_trivial_implB7v160006IKffEENS_4pairIPT_PT0_EES4_S4_S6_
FNF:3
FNH:3
DA:62,1
DA:63,1
DA:64,1
DA:66,1
DA:105,1
DA:106,1
DA:107,1
DA:108,2
DA:109,1
DA:139,1
DA:158,1
LF:11
LH:11
end_of_record
TN:
SF:/Library/Developer/CommandLineTools/SDKs/MacOSX14.2.sdk/usr/include/c++/v1/__algorithm/max.h
FN:31,33,_ZNSt3__13maxB7v160006ImNS_6__lessImmEEEERKT_S5_S5_T0_
FN:40,42,_ZNSt3__13maxB7v160006ImEERKT_S3_S3_
FNDA:227,_ZNSt3__13maxB7v160006ImNS_6__lessImmEEEERKT_S5_S5_T0_
FNDA:227,_ZNSt3__13maxB7v160006ImEERKT_S3_S3_
FNF:2
FNH:2
DA:31,227
DA:33,227
DA:40,227
DA:42,227
LF:4
LH:4
end_of_record
TN:
SF:/Library/Developer/CommandLineTools/SDKs/MacOSX14.2.sdk/usr/include/c++/v1/__algorithm/min.h
FN:31,33,_ZNSt3__13minB7v160006ImNS_6__lessImmEEEERKT_S5_S5_T0_
FN:40,42,_ZNSt3__13minB7v160006ImEERKT_S3_S3_
FNDA:298,_ZNSt3__13minB7v160006ImNS_6__lessImmEEEERKT_S5_S5_T0_
FNDA:298,_ZNSt3__13minB7v160006ImEERKT_S3_S3_
FNF:2
FNH:2
DA:31,298
DA:33,298
DA:40,298
DA:42,298
LF:4
LH:4
end_of_record
TN:
SF:/Library/Developer/CommandLineTools/SDKs/MacOSX14.2.sdk/usr/include/c++/v1/__algorithm/unwrap_iter.h
FN:48,49,_ZNSt3__118__unwrap_iter_implIPKfLb1EE8__rewrapB7v160006ES2_S2_
FN:48,49,_ZNSt3__118__unwrap_iter_implIPfLb1EE8__rewrapB7v160006ES1_S1_
FN:52,53,_ZNSt3__118__unwrap_iter_implIPKfLb1EE8__unwrapB7v160006ES2_
FN:52,53,_ZNSt3__118__unwrap_iter_implIPfLb1EE8__unwrapB7v160006ES1_
FN:63,64,_ZNSt3__113__unwrap_iterB7v160006IPKfNS_18__unwrap_iter_implIS2_Lb1EEELi0EEEDTclsrT0_8__unwrapclsr3stdE7declvalIT_EEEES6_
FN:63,64,_ZNSt3__113__unwrap_iterB7v160006IPfNS_18__unwrap_iter_implIS1_Lb1EEELi0EEEDTclsrT0_8__unwrapclsr3stdE7declvalIT_EEEES5_
FN:68,69,_ZNSt3__113__rewrap_iterB7v160006IPKfS2_NS_18__unwrap_iter_implIS2_Lb1EEEEET_S5_T0_
FN:68,69,_ZNSt3__113__rewrap_iterB7v160006IPfS1_NS_18__unwrap_iter_implIS1_Lb1EEEEET_S4_T0_
FNDA:1,_ZNSt3__118__unwrap_iter_implIPKfLb1EE8__rewrapB7v160006ES2_S2_
FNDA:1,_ZNSt3__118__unwrap_iter_implIPfLb1EE8__rewrapB7v160006ES1_S1_
FNDA:2,_ZNSt3__118__unwrap_iter_implIPKfLb1EE8__unwrapB7v160006ES2_
FNDA:1,_ZNSt3__118__unwrap_iter_implIPfLb1EE8__unwrapB7v160006ES1_
FNDA:2,_ZNSt3__113__unwrap_iterB7v160006IPKfNS_18__unwrap_iter_implIS2_Lb1EEELi0EEEDTclsrT0_8__unwrapclsr3stdE7declvalIT_EEEES6_
FNDA:1,_ZNSt3__113__unwrap_iterB7v160006IPfNS_18__unwrap_iter_implIS1_Lb1EEELi0EEEDTclsrT0_8__unwrapclsr3stdE7declvalIT_EEEES5_
FNDA:1,_ZNSt3__113__rewrap_iterB7v160006IPKfS2_NS_18__unwrap_iter_implIS2_Lb1EEEEET_S5_T0_
FNDA:1,_ZNSt3__113__rewrap_iterB7v160006IPfS1_NS_18__unwrap_iter_implIS1_Lb1EEEEET_S4_T0_
FNF:8
FNH:8
DA:48,2
DA:49,2
DA:52,3
DA:53,3
DA:63,3
DA:64,3
DA:68,2
DA:69,2
LF:8
LH:8
end_of_record
TN:
SF:/Library/Developer/CommandLineTools/SDKs/MacOSX14.2.sdk/usr/include/c++/v1/__algorithm/unwrap_range.h
FN:85,86,_ZNSt3__114__unwrap_rangeB7v160006IPKfS2_EENS_4pairIT0_S4_EET_S6_
FN:90,91,_ZNSt3__114__rewrap_rangeB7v160006IPKfS2_EET_S3_T0_
FNDA:1,_ZNSt3__114__unwrap_rangeB7v160006IPKfS2_EENS_4pairIT0_S4_EET_S6_
FNDA:1,_ZNSt3__114__rewrap_rangeB7v160006IPKfS2_EET_S3_T0_
FNF:2
FNH:2
DA:85,1
DA:86,1
DA:90,1
DA:91,1
LF:4
LH:4
end_of_record
TN:
SF:/Library/Developer/CommandLineTools/SDKs/MacOSX14.2.sdk/usr/include/c++/v1/__debug
FN:214,_ZNSt3__119__debug_db_insert_cB7v160006INS_12basic_stringIcNS_11char_traitsIcEENS_9allocatorIcEEEEEEvPT_
FN:214,_ZNSt3__119__debug_db_insert_cB7v160006INS_6vectorI6EntityNS_9allocatorIS2_EEEEEEvPT_
FN:214,_ZNSt3__119__debug_db_insert_cB7v160006INS_6vectorIN2sf6VertexENS_9allocatorIS3_EEEEEEvPT_
FN:214,_ZNSt3__119__debug_db_insert_cB7v160006INS_6vectorINS_4pairIffEENS_9allocatorIS3_EEEEEEvPT_
FN:214,_ZNSt3__119__debug_db_insert_cB7v160006INS_6vectorIfNS_9allocatorIfEEEEEEvPT_
FN:234,_ZNSt3__118__debug_db_erase_cB7v160006INS_12basic_stringIjNS_11char_traitsIjEENS_9allocatorIjEEEEEEvPT_
FN:234,_ZNSt3__118__debug_db_erase_cB7v160006INS_6vectorI6EntityNS_9allocatorIS2_EEEEEEvPT_
FN:234,_ZNSt3__118__debug_db_erase_cB7v160006INS_6vectorIN2sf6VertexENS_9allocatorIS3_EEEEEEvPT_
FN:234,_ZNSt3__118__debug_db_erase_cB7v160006INS_6vectorINS_4pairIffEENS_9allocatorIS3_EEEEEEvPT_
FN:234,_ZNSt3__118__debug_db_erase_cB7v160006INS_6vectorIfNS_9allocatorIfEEEEEEvPT_
FN:255,_ZNSt3__125__debug_db_invalidate_allB7v160006INS_6vectorI6EntityNS_9allocatorIS2_EEEEEEvPT_
FNDA:378,_ZNSt3__119__debug_db_insert_cB7v160006INS_12basic_stringIcNS_11char_traitsIcEENS_9allocatorIcEEEEEEvPT_
FNDA:1,_ZNSt3__119__debug_db_insert_cB7v160006INS_6vectorI6EntityNS_9allocatorIS2_EEEEEEvPT_
FNDA:14,_ZNSt3__119__debug_db_insert_cB7v160006INS_6vectorIN2sf6VertexENS_9allocatorIS3_EEEEEEvPT_
FNDA:1,_ZNSt3__119__debug_db_insert_cB7v160006INS_6vectorINS_4pairIffEENS_9allocatorIS3_EEEEEEvPT_
FNDA:1,_ZNSt3__119__debug_db_insert_cB7v160006INS_6vectorIfNS_9allocatorIfEEEEEEvPT_
FNDA:1,_ZNSt3__118__debug_db_erase_cB7v160006INS_12basic_stringIjNS_11char_traitsIjEENS_9allocatorIjEEEEEEvPT_
FNDA:1,_ZNSt3__118__debug_db_erase_cB7v160006INS_6vectorI6EntityNS_9allocatorIS2_EEEEEEvPT_
FNDA:1,_ZNSt3__118__debug_db_erase_cB7v160006INS_6vectorIN2sf6VertexENS_9allocatorIS3_EEEEEEvPT_
FNDA:1,_ZNSt3__118__debug_db_erase_cB7v160006INS_6vectorINS_4pairIffEENS_9allocatorIS3_EEEEEEvPT_
FNDA:1,_ZNSt3__118__debug_db_erase_cB7v160006INS_6vectorIfNS_9allocatorIfEEEEEEvPT_
FNDA:4,_ZNSt3__125__debug_db_invalidate_allB7v160006INS_6vectorI6EntityNS_9allocatorIS2_EEEEEEvPT_
FNF:11
FNH:11
DA:214,395
DA:221,395
DA:234,5
DA:241,5
DA:255,4
DA:262,4
LF:6
LH:6
end_of_record
TN:
SF:/Library/Developer/CommandLineTools/SDKs/MacOSX14.2.sdk/usr/include/c++/v1/__functional/bind.h
FN:133,136,_ZNSt3__14__muB7v160006INS_12placeholders4__phILi1EEENS_5tupleIJRKNS_5arrayIdLm4EEEEEEEENS_9enable_ifIXltLi0Esr14is_placeholderIT_EE5valueENS_12__mu_return2IXltLi0Esr14is_placeholderISB_EE5valueESB_T0_E4typeEE4typeERSB_RSD_
FN:260,263,_ZNSt3__115__apply_functorB7v160006IMN5boost7numeric6odeint19explicit_generic_rkILm4ELm4ENS_5arrayIdLm4EEEdS6_dNS3_13array_algebraENS3_18default_operationsENS3_17initially_resizerEEEFbRKS6_ENS_5tupleIJNS_17reference_wrapperISA_EENS_12placeholders4__phILi1EEEEEEJLm0ELm1EENSF_IJSC_EEEEENS_13__bind_returnIT_T0_T2_Xsr22__is_valid_bind_returnISO_SP_SQ_EE5valueEE4typeERSO_RSP_NS_15__tuple_indicesIJXspT1_EEEEOSQ_
FN:260,263,_ZNSt3__115__apply_functorB7v160006IMN5boost7numeric6odeint21explicit_stepper_baseINS3_19explicit_generic_rkILm4ELm4ENS_5arrayIdLm4EEEdS7_dNS3_13array_algebraENS3_18default_operationsENS3_17initially_resizerEEELt4ES7_dS7_dS8_S9_SA_EEFbRKS7_ENS_5tupleIJNS_17reference_wrapperISC_EENS_12placeholders4__phILi1EEEEEEJLm0ELm1EENSH_IJSE_EEEEENS_13__bind_returnIT_T0_T2_Xsr22__is_valid_bind_returnISQ_SR_SS_EE5valueEE4typeERSQ_RSR_NS_15__tuple_indicesIJXspT1_EEEEOSS_
FN:286,288,_ZNSt3__16__bindIMN5boost7numeric6odeint19explicit_generic_rkILm4ELm4ENS_5arrayIdLm4EEEdS6_dNS3_13array_algebraENS3_18default_operationsENS3_17initially_resizerEEEFbRKS6_EJNS_17reference_wrapperISA_EERKNS_12placeholders4__phILi1EEEEEC1B7v160006ISE_JSG_SL_EvEEOT_DpOT0_
FN:286,288,_ZNSt3__16__bindIMN5boost7numeric6odeint19explicit_generic_rkILm4ELm4ENS_5arrayIdLm4EEEdS6_dNS3_13array_algebraENS3_18default_operationsENS3_17initially_resizerEEEFbRKS6_EJNS_17reference_wrapperISA_EERKNS_12placeholders4__phILi1EEEEEC2B7v160006ISE_JSG_SL_EvEEOT_DpOT0_
FN:286,288,_ZNSt3__16__bindIMN5boost7numeric6odeint21explicit_stepper_baseINS3_19explicit_generic_rkILm4ELm4ENS_5arrayIdLm4EEEdS7_dNS3_13array_algebraENS3_18default_operationsENS3_17initially_resizerEEELt4ES7_dS7_dS8_S9_SA_EEFbRKS7_EJNS_17reference_wrapperISC_EERKNS_12placeholders4__phILi1EEEEEC1B7v160006ISG_JSI_SN_EvEEOT_DpOT0_
FN:286,288,_ZNSt3__16__bindIMN5boost7numeric6odeint21explicit_stepper_baseINS3_19explicit_generic_rkILm4ELm4ENS_5arrayIdLm4EEEdS7_dNS3_13array_algebraENS3_18default_operationsENS3_17initially_resizerEEELt4ES7_dS7_dS8_S9_SA_EEFbRKS7_EJNS_17reference_wrapperISC_EERKNS_12placeholders4__phILi1EEEEEC2B7v160006ISG_JSI_SN_EvEEOT_DpOT0_
FN:293,296,_ZNSt3__16__bindIMN5boost7numeric6odeint19explicit_generic_rkILm4ELm4ENS_5arrayIdLm4EEEdS6_dNS3_13array_algebraENS3_18default_operationsENS3_17initially_resizerEEEFbRKS6_EJNS_17reference_wrapperISA_EERKNS_12placeholders4__phILi1EEEEEclB7v160006IJSC_EEENS_13__bind_returnISE_NS_5tupleIJSG_SJ_EEENSP_IJDpOT_EEEXsr22__is_valid_bind_returnISE_SQ_SU_EE5valueEE4typeEST_
FN:293,296,_ZNSt3__16__bindIMN5boost7numeric6odeint21explicit_stepper_baseINS3_19explicit_generic_rkILm4ELm4ENS_5arrayIdLm4EEEdS7_dNS3_13array_algebraENS3_18default_operationsENS3_17initially_resizerEEELt4ES7_dS7_dS8_S9_SA_EEFbRKS7_EJNS_17reference_wrapperISC_EERKNS_12placeholders4__phILi1EEEEEclB7v160006IJSE_EEENS_13__bind_returnISG_NS_5tupleIJSI_SL_EEENSR_IJDpOT_EEEXsr22__is_valid_bind_returnISG_SS_SW_EE5valueEE4typeESV_
FN:370,373,_ZNSt3__14bindB7v160006IMN5boost7numeric6odeint19explicit_generic_rkILm4ELm4ENS_5arrayIdLm4EEEdS6_dNS3_13array_algebraENS3_18default_operationsENS3_17initially_resizerEEEFbRKS6_EJNS_17reference_wrapperISA_EERKNS_12placeholders4__phILi1EEEEEENS_6__bindIT_JDpT0_EEEOSN_DpOSO_
FN:370,373,_ZNSt3__14bindB7v160006IMN5boost7numeric6odeint21explicit_stepper_baseINS3_19explicit_generic_rkILm4ELm4ENS_5arrayIdLm4EEEdS7_dNS3_13array_algebraENS3_18default_operationsENS3_17initially_resizerEEELt4ES7_dS7_dS8_S9_SA_EEFbRKS7_EJNS_17reference_wrapperISC_EERKNS_12placeholders4__phILi1EEEEEENS_6__bindIT_JDpT0_EEEOSP_DpOSQ_
FN:91,93,_ZNSt3__14__muB7v160006IN5boost7numeric6odeint19explicit_generic_rkILm4ELm4ENS_5arrayIdLm4EEEdS6_dNS3_13array_algebraENS3_18default_operationsENS3_17initially_resizerEEENS_5tupleIJRKS6_EEEEERT_NS_17reference_wrapperISF_EERT0_
FN:91,93,_ZNSt3__14__muB7v160006IN5boost7numeric6odeint21explicit_stepper_baseINS3_19explicit_generic_rkILm4ELm4ENS_5arrayIdLm4EEEdS7_dNS3_13array_algebraENS3_18default_operationsENS3_17initially_resizerEEELt4ES7_dS7_dS8_S9_SA_EENS_5tupleIJRKS7_EEEEERT_NS_17reference_wrapperISH_EERT0_
FNDA:4,_ZNSt3__14__muB7v160006INS_12placeholders4__phILi1EEENS_5tupleIJRKNS_5arrayIdLm4EEEEEEEENS_9enable_ifIXltLi0Esr14is_placeholderIT_EE5valueENS_12__mu_return2IXltLi0Esr14is_placeholderISB_EE5valueESB_T0_E4typeEE4typeERSB_RSD_
FNDA:2,_ZNSt3__115__apply_functorB7v160006IMN5boost7numeric6odeint19explicit_generic_rkILm4ELm4ENS_5arrayIdLm4EEEdS6_dNS3_13array_algebraENS3_18default_operationsENS3_17initially_resizerEEEFbRKS6_ENS_5tupleIJNS_17reference_wrapperISA_EENS_12placeholders4__phILi1EEEEEEJLm0ELm1EENSF_IJSC_EEEEENS_13__bind_returnIT_T0_T2_Xsr22__is_valid_bind_returnISO_SP_SQ_EE5valueEE4typeERSO_RSP_NS_15__tuple_indicesIJXspT1_EEEEOSQ_
FNDA:2,_ZNSt3__115__apply_functorB7v160006IMN5boost7numeric6odeint21explicit_stepper_baseINS3_19explicit_generic_rkILm4ELm4ENS_5arrayIdLm4EEEdS7_dNS3_13array_algebraENS3_18default_operationsENS3_17initially_resizerEEELt4ES7_dS7_dS8_S9_SA_EEFbRKS7_ENS_5tupleIJNS_17reference_wrapperISC_EENS_12placeholders4__phILi1EEEEEEJLm0ELm1EENSH_IJSE_EEEEENS_13__bind_returnIT_T0_T2_Xsr22__is_valid_bind_returnISQ_SR_SS_EE5valueEE4typeERSQ_RSR_NS_15__tuple_indicesIJXspT1_EEEEOSS_
FNDA:121,_ZNSt3__16__bindIMN5boost7numeric6odeint19explicit_generic_rkILm4ELm4ENS_5arrayIdLm4EEEdS6_dNS3_13array_algebraENS3_18default_operationsENS3_17initially_resizerEEEFbRKS6_EJNS_17reference_wrapperISA_EERKNS_12placeholders4__phILi1EEEEEC1B7v160006ISE_JSG_SL_EvEEOT_DpOT0_
FNDA:121,_ZNSt3__16__bindIMN5boost7numeric6odeint19explicit_generic_rkILm4ELm4ENS_5arrayIdLm4EEEdS6_dNS3_13array_algebraENS3_18default_operationsENS3_17initially_resizerEEEFbRKS6_EJNS_17reference_wrapperISA_EERKNS_12placeholders4__phILi1EEEEEC2B7v160006ISE_JSG_SL_EvEEOT_DpOT0_
FNDA:121,_ZNSt3__16__bindIMN5boost7numeric6odeint21explicit_stepper_baseINS3_19explicit_generic_rkILm4ELm4ENS_5arrayIdLm4EEEdS7_dNS3_13array_algebraENS3_18default_operationsENS3_17initially_resizerEEELt4ES7_dS7_dS8_S9_SA_EEFbRKS7_EJNS_17reference_wrapperISC_EERKNS_12placeholders4__phILi1EEEEEC1B7v160006ISG_JSI_SN_EvEEOT_DpOT0_
FNDA:121,_ZNSt3__16__bindIMN5boost7numeric6odeint21explicit_stepper_baseINS3_19explicit_generic_rkILm4ELm4ENS_5arrayIdLm4EEEdS7_dNS3_13array_algebraENS3_18default_operationsENS3_17initially_resizerEEELt4ES7_dS7_dS8_S9_SA_EEFbRKS7_EJNS_17reference_wrapperISC_EERKNS_12placeholders4__phILi1EEEEEC2B7v160006ISG_JSI_SN_EvEEOT_DpOT0_
FNDA:2,_ZNSt3__16__bindIMN5boost7numeric6odeint19explicit_generic_rkILm4ELm4ENS_5arrayIdLm4EEEdS6_dNS3_13array_algebraENS3_18default_operationsENS3_17initially_resizerEEEFbRKS6_EJNS_17reference_wrapperISA_EERKNS_12placeholders4__phILi1EEEEEclB7v160006IJSC_EEENS_13__bind_returnISE_NS_5tupleIJSG_SJ_EEENSP_IJDpOT_EEEXsr22__is_valid_bind_returnISE_SQ_SU_EE5valueEE4typeEST_
FNDA:2,_ZNSt3__16__bindIMN5boost7numeric6odeint21explicit_stepper_baseINS3_19explicit_generic_rkILm4ELm4ENS_5arrayIdLm4EEEdS7_dNS3_13array_algebraENS3_18default_operationsENS3_17initially_resizerEEELt4ES7_dS7_dS8_S9_SA_EEFbRKS7_EJNS_17reference_wrapperISC_EERKNS_12placeholders4__phILi1EEEEEclB7v160006IJSE_EEENS_13__bind_returnISG_NS_5tupleIJSI_SL_EEENSR_IJDpOT_EEEXsr22__is_valid_bind_returnISG_SS_SW_EE5valueEE4typeESV_
FNDA:121,_ZNSt3__14bindB7v160006IMN5boost7numeric6odeint19explicit_generic_rkILm4ELm4ENS_5arrayIdLm4EEEdS6_dNS3_13array_algebraENS3_18default_operationsENS3_17initially_resizerEEEFbRKS6_EJNS_17reference_wrapperISA_EERKNS_12placeholders4__phILi1EEEEEENS_6__bindIT_JDpT0_EEEOSN_DpOSO_
FNDA:121,_ZNSt3__14bindB7v160006IMN5boost7numeric6odeint21explicit_stepper_baseINS3_19explicit_generic_rkILm4ELm4ENS_5arrayIdLm4EEEdS7_dNS3_13array_algebraENS3_18default_operationsENS3_17initially_resizerEEELt4ES7_dS7_dS8_S9_SA_EEFbRKS7_EJNS_17reference_wrapperISC_EERKNS_12placeholders4__phILi1EEEEEENS_6__bindIT_JDpT0_EEEOSP_DpOSQ_
FNDA:2,_ZNSt3__14__muB7v160006IN5boost7numeric6odeint19explicit_generic_rkILm4ELm4ENS_5arrayIdLm4EEEdS6_dNS3_13array_algebraENS3_18default_operationsENS3_17initially_resizerEEENS_5tupleIJRKS6_EEEEERT_NS_17reference_wrapperISF_EERT0_
FNDA:2,_ZNSt3__14__muB7v160006IN5boost7numeric6odeint21explicit_stepper_baseINS3_19explicit_generic_rkILm4ELm4ENS_5arrayIdLm4EEEdS7_dNS3_13array_algebraENS3_18default_operationsENS3_17initially_resizerEEELt4ES7_dS7_dS8_S9_SA_EENS_5tupleIJRKS7_EEEEERT_NS_17reference_wrapperISH_EERT0_
FNF:13
FNH:13
DA:91,4
DA:93,4
DA:133,4
DA:135,4
DA:136,4
DA:260,4
DA:263,4
DA:286,484
DA:287,242
DA:288,484
DA:293,4
DA:295,8
DA:296,4
DA:370,242
DA:373,242
LF:15
LH:15
end_of_record
TN:
SF:/Library/Developer/CommandLineTools/SDKs/MacOSX14.2.sdk/usr/include/c++/v1/__functional/invoke.h
FN:341,343,_ZNSt3__18__invokeB7v160006IRMN5boost7numeric6odeint19explicit_generic_rkILm4ELm4ENS_5arrayIdLm4EEEdS6_dNS3_13array_algebraENS3_18default_operationsENS3_17initially_resizerEEEFbRKS6_ERSA_JSC_EvEEDTcldsclsr3stdE7declvalIT0_EEclsr3stdE7declvalIT_EEspclsr3stdE7declvalIT1_EEEEOSI_OSH_DpOSJ_
FN:341,343,_ZNSt3__18__invokeB7v160006IRMN5boost7numeric6odeint21explicit_stepper_baseINS3_19explicit_generic_rkILm4ELm4ENS_5arrayIdLm4EEEdS7_dNS3_13array_algebraENS3_18default_operationsENS3_17initially_resizerEEELt4ES7_dS7_dS8_S9_SA_EEFbRKS7_ERSC_JSE_EvEEDTcldsclsr3stdE7declvalIT0_EEclsr3stdE7declvalIT_EEspclsr3stdE7declvalIT1_EEEEOSK_OSJ_DpOSL_
FNDA:2,_ZNSt3__18__invokeB7v160006IRMN5boost7numeric6odeint19explicit_generic_rkILm4ELm4ENS_5arrayIdLm4EEEdS6_dNS3_13array_algebraENS3_18default_operationsENS3_17initially_resizerEEEFbRKS6_ERSA_JSC_EvEEDTcldsclsr3stdE7declvalIT0_EEclsr3stdE7declvalIT_EEspclsr3stdE7declvalIT1_EEEEOSI_OSH_DpOSJ_
FNDA:2,_ZNSt3__18__invokeB7v160006IRMN5boost7numeric6odeint21explicit_stepper_baseINS3_19explicit_generic_rkILm4ELm4ENS_5arrayIdLm4EEEdS7_dNS3_13array_algebraENS3_18default_operationsENS3_17initially_resizerEEELt4ES7_dS7_dS8_S9_SA_EEFbRKS7_ERSC_JSE_EvEEDTcldsclsr3stdE7declvalIT0_EEclsr3stdE7declvalIT_EEspclsr3stdE7declvalIT1_EEEEOSK_OSJ_DpOSL_
FNF:2
FNH:2
DA:341,4
DA:343,4
LF:2
LH:2
end_of_record
TN:
SF:/Library/Developer/CommandLineTools/SDKs/MacOSX14.2.sdk/usr/include/c++/v1/__functional/reference_wrapper.h
FN:43,46,_ZNSt3__117reference_wrapperIN5boost7numeric6odeint19explicit_generic_rkILm4ELm4ENS_5arrayIdLm4EEEdS6_dNS3_13array_algebraENS3_18default_operationsENS3_17initially_resizerEEEEC1B7v160006IRSA_vEEOT_
FN:43,46,_ZNSt3__117reference_wrapperIN5boost7numeric6odeint19explicit_generic_rkILm4ELm4ENS_5arrayIdLm4EEEdS6_dNS3_13array_algebraENS3_18default_operationsENS3_17initially_resizerEEEEC2B7v160006IRSA_vEEOT_
FN:43,46,_ZNSt3__117reference_wrapperIN5boost7numeric6odeint21explicit_stepper_baseINS3_19explicit_generic_rkILm4ELm4ENS_5arrayIdLm4EEEdS7_dNS3_13array_algebraENS3_18default_operationsENS3_17initially_resizerEEELt4ES7_dS7_dS8_S9_SA_EEEC1B7v160006IRSC_vEEOT_
FN:43,46,_ZNSt3__117reference_wrapperIN5boost7numeric6odeint21explicit_stepper_baseINS3_19explicit_generic_rkILm4ELm4ENS_5arrayIdLm4EEEdS7_dNS3_13array_algebraENS3_18default_operationsENS3_17initially_resizerEEELt4ES7_dS7_dS8_S9_SA_EEEC2B7v160006IRSC_vEEOT_
FN:52,52,_ZNKSt3__117reference_wrapperIN5boost7numeric6odeint19explicit_generic_rkILm4ELm4ENS_5arrayIdLm4EEEdS6_dNS3_13array_algebraENS3_18default_operationsENS3_17initially_resizerEEEE3getB7v160006Ev
FN:52,52,_ZNKSt3__117reference_wrapperIN5boost7numeric6odeint21explicit_stepper_baseINS3_19explicit_generic_rkILm4ELm4ENS_5arrayIdLm4EEEdS7_dNS3_13array_algebraENS3_18default_operationsENS3_17initially_resizerEEELt4ES7_dS7_dS8_S9_SA_EEE3getB7v160006Ev
FN:71,73,_ZNSt3__13refB7v160006IN5boost7numeric6odeint19explicit_generic_rkILm4ELm4ENS_5arrayIdLm4EEEdS6_dNS3_13array_algebraENS3_18default_operationsENS3_17initially_resizerEEEEENS_17reference_wrapperIT_EERSC_
FN:71,73,_ZNSt3__13refB7v160006IN5boost7numeric6odeint21explicit_stepper_baseINS3_19explicit_generic_rkILm4ELm4ENS_5arrayIdLm4EEEdS7_dNS3_13array_algebraENS3_18default_operationsENS3_17initially_resizerEEELt4ES7_dS7_dS8_S9_SA_EEEENS_17reference_wrapperIT_EERSE_
FNDA:121,_ZNSt3__117reference_wrapperIN5boost7numeric6odeint19explicit_generic_rkILm4ELm4ENS_5arrayIdLm4EEEdS6_dNS3_13array_algebraENS3_18default_operationsENS3_17initially_resizerEEEEC1B7v160006IRSA_vEEOT_
FNDA:121,_ZNSt3__117reference_wrapperIN5boost7numeric6odeint19explicit_generic_rkILm4ELm4ENS_5arrayIdLm4EEEdS6_dNS3_13array_algebraENS3_18default_operationsENS3_17initially_resizerEEEEC2B7v160006IRSA_vEEOT_
FNDA:121,_ZNSt3__117reference_wrapperIN5boost7numeric6odeint21explicit_stepper_baseINS3_19explicit_generic_rkILm4ELm4ENS_5arrayIdLm4EEEdS7_dNS3_13array_algebraENS3_18default_operationsENS3_17initially_resizerEEELt4ES7_dS7_dS8_S9_SA_EEEC1B7v160006IRSC_vEEOT_
FNDA:121,_ZNSt3__117reference_wrapperIN5boost7numeric6odeint21explicit_stepper_baseINS3_19explicit_generic_rkILm4ELm4ENS_5arrayIdLm4EEEdS7_dNS3_13array_algebraENS3_18default_operationsENS3_17initially_resizerEEELt4ES7_dS7_dS8_S9_SA_EEEC2B7v160006IRSC_vEEOT_
FNDA:2,_ZNKSt3__117reference_wrapperIN5boost7numeric6odeint19explicit_generic_rkILm4ELm4ENS_5arrayIdLm4EEEdS6_dNS3_13array_algebraENS3_18default_operationsENS3_17initially_resizerEEEE3getB7v160006Ev
FNDA:2,_ZNKSt3__117reference_wrapperIN5boost7numeric6odeint21explicit_stepper_baseINS3_19explicit_generic_rkILm4ELm4ENS_5arrayIdLm4EEEdS7_dNS3_13array_algebraENS3_18default_operationsENS3_17initially_resizerEEELt4ES7_dS7_dS8_S9_SA_EEE3getB7v160006Ev
FNDA:121,_ZNSt3__13refB7v160006IN5boost7numeric6odeint19explicit_generic_rkILm4ELm4ENS_5arrayIdLm4EEEdS6_dNS3_13array_algebraENS3_18default_operationsENS3_17initially_resizerEEEEENS_17reference_wrapperIT_EERSC_
FNDA:121,_ZNSt3__13refB7v160006IN5boost7numeric6odeint21explicit_stepper_baseINS3_19explicit_generic_rkILm4ELm4ENS_5arrayIdLm4EEEdS7_dNS3_13array_algebraENS3_18default_operationsENS3_17initially_resizerEEELt4ES7_dS7_dS8_S9_SA_EEEENS_17reference_wrapperIT_EERSE_
FNF:8
FNH:8
DA:43,484
DA:44,242
DA:45,242
DA:46,484
DA:52,4
DA:71,242
DA:73,242
LF:7
LH:7
end_of_record
TN:
SF:/Library/Developer/CommandLineTools/SDKs/MacOSX14.2.sdk/usr/include/c++/v1/__iterator/ostreambuf_iterator.h
FN:51,52,_ZNSt3__119ostreambuf_iteratorIcNS_11char_traitsIcEEEC1B7v160006ERNS_13basic_ostreamIcS2_EE
FN:51,52,_ZNSt3__119ostreambuf_iteratorIcNS_11char_traitsIcEEEC2B7v160006ERNS_13basic_ostreamIcS2_EE
FN:64,64,_ZNKSt3__119ostreambuf_iteratorIcNS_11char_traitsIcEEE6failedB7v160006Ev
FNDA:167,_ZNSt3__119ostreambuf_iteratorIcNS_11char_traitsIcEEEC1B7v160006ERNS_13basic_ostreamIcS2_EE
FNDA:167,_ZNSt3__119ostreambuf_iteratorIcNS_11char_traitsIcEEEC2B7v160006ERNS_13basic_ostreamIcS2_EE
FNDA:167,_ZNKSt3__119ostreambuf_iteratorIcNS_11char_traitsIcEEE6failedB7v160006Ev
FNF:3
FNH:3
DA:51,334
DA:52,334
DA:64,167
LF:3
LH:3
end_of_record
TN:
SF:/Library/Developer/CommandLineTools/SDKs/MacOSX14.2.sdk/usr/include/c++/v1/__iterator/reverse_iterator.h
FN:143,143,_ZNKSt3__116reverse_iteratorINS0_IP6EntityEEE4baseB7v160006Ev
FN:143,143,_ZNKSt3__116reverse_iteratorIP6EntityE4baseB7v160006Ev
FN:143,143,_ZNKSt3__116reverse_iteratorIPN2sf6VertexEE4baseB7v160006Ev
FN:143,143,_ZNKSt3__116reverse_iteratorIPNS_4pairIffEEE4baseB7v160006Ev
FN:145,145,_ZNKSt3__116reverse_iteratorINS0_IP6EntityEEEdeB7v160006Ev
FN:145,145,_ZNKSt3__116reverse_iteratorIP6EntityEdeB7v160006Ev
FN:145,145,_ZNKSt3__116reverse_iteratorIPN2sf6VertexEEdeB7v160006Ev
FN:145,145,_ZNKSt3__116reverse_iteratorIPNS_4pairIffEEEdeB7v160006Ev
FN:160,161,_ZNKSt3__116reverse_iteratorINS0_IP6EntityEEEptB7v160006Ev
FN:160,161,_ZNKSt3__116reverse_iteratorIP6EntityEptB7v160006Ev
FN:160,161,_ZNKSt3__116reverse_iteratorIPN2sf6VertexEEptB7v160006Ev
FN:160,161,_ZNKSt3__116reverse_iteratorIPNS_4pairIffEEEptB7v160006Ev
FN:166,166,_ZNSt3__116reverse_iteratorINS0_IP6EntityEEEppB7v160006Ev
FN:166,166,_ZNSt3__116reverse_iteratorIP6EntityEppB7v160006Ev
FN:166,166,_ZNSt3__116reverse_iteratorIPN2sf6VertexEEppB7v160006Ev
FN:166,166,_ZNSt3__116reverse_iteratorIPNS_4pairIffEEEppB7v160006Ev
FN:170,170,_ZNSt3__116reverse_iteratorIP6EntityEmmB7v160006Ev
FN:235,242,_ZNSt3__1neB7v160006INS_16reverse_iteratorIP6EntityEES4_EEbRKNS1_IT_EERKNS1_IT0_EE
FN:235,242,_ZNSt3__1neB7v160006IP6EntityS2_EEbRKNS_16reverse_iteratorIT_EERKNS3_IT0_EE
FN:235,242,_ZNSt3__1neB7v160006IPN2sf6VertexES3_EEbRKNS_16reverse_iteratorIT_EERKNS4_IT0_EE
FN:235,242,_ZNSt3__1neB7v160006IPNS_4pairIffEES3_EEbRKNS_16reverse_iteratorIT_EERKNS4_IT0_EE
FN:96,96,_ZNSt3__116reverse_iteratorINS0_IP6EntityEEEC1B7v160006ES3_
FN:96,96,_ZNSt3__116reverse_iteratorINS0_IP6EntityEEEC2B7v160006ES3_
FN:96,96,_ZNSt3__116reverse_iteratorIP6EntityEC1B7v160006ES2_
FN:96,96,_ZNSt3__116reverse_iteratorIP6EntityEC2B7v160006ES2_
FN:96,96,_ZNSt3__116reverse_iteratorIPN2sf6VertexEEC1B7v160006ES3_
FN:96,96,_ZNSt3__116reverse_iteratorIPN2sf6VertexEEC2B7v160006ES3_
FN:96,96,_ZNSt3__116reverse_iteratorIPNS_4pairIffEEEC1B7v160006ES3_
FN:96,96,_ZNSt3__116reverse_iteratorIPNS_4pairIffEEEC2B7v160006ES3_
FNDA:0,_ZNKSt3__116reverse_iteratorINS0_IP6EntityEEE4baseB7v160006Ev
FNDA:26,_ZNKSt3__116reverse_iteratorIP6EntityE4baseB7v160006Ev
FNDA:0,_ZNKSt3__116reverse_iteratorIPN2sf6VertexEE4baseB7v160006Ev
FNDA:0,_ZNKSt3__116reverse_iteratorIPNS_4pairIffEEE4baseB7v160006Ev
FNDA:0,_ZNKSt3__116reverse_iteratorINS0_IP6EntityEEEdeB7v160006Ev
FNDA:14,_ZNKSt3__116reverse_iteratorIP6EntityEdeB7v160006Ev
FNDA:0,_ZNKSt3__116reverse_iteratorIPN2sf6VertexEEdeB7v160006Ev
FNDA:0,_ZNKSt3__116reverse_iteratorIPNS_4pairIffEEEdeB7v160006Ev
FNDA:0,_ZNKSt3__116reverse_iteratorINS0_IP6EntityEEEptB7v160006Ev
FNDA:7,_ZNKSt3__116reverse_iteratorIP6EntityEptB7v160006Ev
FNDA:0,_ZNKSt3__116reverse_iteratorIPN2sf6VertexEEptB7v160006Ev
FNDA:0,_ZNKSt3__116reverse_iteratorIPNS_4pairIffEEEptB7v160006Ev
FNDA:0,_ZNSt3__116reverse_iteratorINS0_IP6EntityEEEppB7v160006Ev
FNDA:14,_ZNSt3__116reverse_iteratorIP6EntityEppB7v160006Ev
FNDA:0,_ZNSt3__116reverse_iteratorIPN2sf6VertexEEppB7v160006Ev
FNDA:0,_ZNSt3__116reverse_iteratorIPNS_4pairIffEEEppB7v160006Ev
FNDA:0,_ZNSt3__116reverse_iteratorIP6EntityEmmB7v160006Ev
FNDA:0,_ZNSt3__1neB7v160006INS_16reverse_iteratorIP6EntityEES4_EEbRKNS1_IT_EERKNS1_IT0_EE
FNDA:11,_ZNSt3__1neB7v160006IP6EntityS2_EEbRKNS_16reverse_iteratorIT_EERKNS3_IT0_EE
FNDA:0,_ZNSt3__1neB7v160006IPN2sf6VertexES3_EEbRKNS_16reverse_iteratorIT_EERKNS4_IT0_EE
FNDA:0,_ZNSt3__1neB7v160006IPNS_4pairIffEES3_EEbRKNS_16reverse_iteratorIT_EERKNS4_IT0_EE
FNDA:0,_ZNSt3__116reverse_iteratorINS0_IP6EntityEEEC1B7v160006ES3_
FNDA:0,_ZNSt3__116reverse_iteratorINS0_IP6EntityEEEC2B7v160006ES3_
FNDA:12,_ZNSt3__116reverse_iteratorIP6EntityEC1B7v160006ES2_
FNDA:12,_ZNSt3__116reverse_iteratorIP6EntityEC2B7v160006ES2_
FNDA:0,_ZNSt3__116reverse_iteratorIPN2sf6VertexEEC1B7v160006ES3_
FNDA:0,_ZNSt3__116reverse_iteratorIPN2sf6VertexEEC2B7v160006ES3_
FNDA:0,_ZNSt3__116reverse_iteratorIPNS_4pairIffEEEC1B7v160006ES3_
FNDA:0,_ZNSt3__116reverse_iteratorIPNS_4pairIffEEEC2B7v160006ES3_
FNF:29
FNH:7
DA:96,24
DA:143,26
DA:145,14
DA:160,7
DA:161,7
DA:166,14
DA:170,0
DA:235,11
DA:242,11
LF:9
LH:8
end_of_record
TN:
SF:/Library/Developer/CommandLineTools/SDKs/MacOSX14.2.sdk/usr/include/c++/v1/__iterator/wrap_iter.h
FN:136,136,_ZNKSt3__111__wrap_iterIP6EntityE4baseB7v160006Ev
FN:140,147,_ZNSt3__111__wrap_iterIP6EntityEC1B7v160006EPKvS2_
FN:140,147,_ZNSt3__111__wrap_iterIP6EntityEC2B7v160006EPKvS2_
FN:157,159,_ZNSt3__1eqB7v160006IP6EntityEEbRKNS_11__wrap_iterIT_EES7_
FN:189,191,_ZNSt3__1neB7v160006IP6EntityEEbRKNS_11__wrap_iterIT_EES7_
FN:85,89,_ZNKSt3__111__wrap_iterIP6EntityEdeB7v160006Ev
FN:97,102,_ZNSt3__111__wrap_iterIP6EntityEppB7v160006Ev
FNDA:0,_ZNKSt3__111__wrap_iterIP6EntityE4baseB7v160006Ev
FNDA:0,_ZNSt3__111__wrap_iterIP6EntityEC1B7v160006EPKvS2_
FNDA:0,_ZNSt3__111__wrap_iterIP6EntityEC2B7v160006EPKvS2_
FNDA:0,_ZNSt3__1eqB7v160006IP6EntityEEbRKNS_11__wrap_iterIT_EES7_
FNDA:0,_ZNSt3__1neB7v160006IP6EntityEEbRKNS_11__wrap_iterIT_EES7_
FNDA:0,_ZNKSt3__111__wrap_iterIP6EntityEdeB7v160006Ev
FNDA:0,_ZNSt3__111__wrap_iterIP6EntityEppB7v160006Ev
FNF:7
FNH:0
DA:85,0
DA:89,0
DA:97,0
DA:101,0
DA:102,0
DA:136,0
DA:140,0
DA:141,0
DA:147,0
DA:157,0
DA:159,0
DA:189,0
DA:191,0
LF:13
LH:0
end_of_record
TN:
SF:/Library/Developer/CommandLineTools/SDKs/MacOSX14.2.sdk/usr/include/c++/v1/__locale
FN:256,_ZNSt3__19use_facetB7v160006INS_5ctypeIcEEEERKT_RKNS_6localeE
FN:738,_ZNKSt3__15ctypeIcE5widenB7v160006Ec
FNDA:11,_ZNSt3__19use_facetB7v160006INS_5ctypeIcEEEERKT_RKNS_6localeE
FNDA:11,_ZNKSt3__15ctypeIcE5widenB7v160006Ec
FNF:2
FNH:2
DA:256,11
DA:258,11
DA:738,11
DA:740,11
LF:4
LH:4
end_of_record
TN:
SF:/Library/Developer/CommandLineTools/SDKs/MacOSX14.2.sdk/usr/include/c++/v1/__memory/allocate_at_least.h
FN:54,55,_ZNSt3__119__allocate_at_leastB7v160006INS_9allocatorI6EntityEEEENS_19__allocation_resultINS_16allocator_traitsIT_E7pointerEEERS6_m
FN:54,55,_ZNSt3__119__allocate_at_leastB7v160006INS_9allocatorIN2sf6VertexEEEEENS_19__allocation_resultINS_16allocator_traitsIT_E7pointerEEERS7_m
FN:54,55,_ZNSt3__119__allocate_at_leastB7v160006INS_9allocatorINS_4pairIffEEEEEENS_19__allocation_resultINS_16allocator_traitsIT_E7pointerEEERS7_m
FN:54,55,_ZNSt3__119__allocate_at_leastB7v160006INS_9allocatorIfEEEENS_19__allocation_resultINS_16allocator_traitsIT_E7pointerEEERS5_m
FNDA:4,_ZNSt3__119__allocate_at_leastB7v160006INS_9allocatorI6EntityEEEENS_19__allocation_resultINS_16allocator_traitsIT_E7pointerEEERS6_m
FNDA:7,_ZNSt3__119__allocate_at_leastB7v160006INS_9allocatorIN2sf6VertexEEEEENS_19__allocation_resultINS_16allocator_traitsIT_E7pointerEEERS7_m
FNDA:1,_ZNSt3__119__allocate_at_leastB7v160006INS_9allocatorINS_4pairIffEEEEEENS_19__allocation_resultINS_16allocator_traitsIT_E7pointerEEERS7_m
FNDA:1,_ZNSt3__119__allocate_at_leastB7v160006INS_9allocatorIfEEEENS_19__allocation_resultINS_16allocator_traitsIT_E7pointerEEERS5_m
FNF:4
FNH:4
DA:54,13
DA:55,13
LF:2
LH:2
end_of_record
TN:
SF:/Library/Developer/CommandLineTools/SDKs/MacOSX14.2.sdk/usr/include/c++/v1/__memory/allocator.h
FN:102,102,_ZNSt3__19allocatorI6EntityEC2B7v160006Ev
FN:102,102,_ZNSt3__19allocatorINS_4pairIffEEEC2B7v160006Ev
FN:102,102,_ZNSt3__19allocatorIcEC2B7v160006Ev
FN:102,102,_ZNSt3__19allocatorIfEC2B7v160006Ev
FN:109,115,_ZNSt3__19allocatorI6EntityE8allocateB7v160006Em
FN:109,115,_ZNSt3__19allocatorIN2sf6VertexEE8allocateB7v160006Em
FN:109,115,_ZNSt3__19allocatorINS_4pairIffEEE8allocateB7v160006Em
FN:109,115,_ZNSt3__19allocatorIfE8allocateB7v160006Em
FN:127,133,_ZNSt3__19allocatorI6EntityE10deallocateB7v160006EPS1_m
FN:127,133,_ZNSt3__19allocatorIN2sf6VertexEE10deallocateB7v160006EPS2_m
FN:127,133,_ZNSt3__19allocatorINS_4pairIffEEE10deallocateB7v160006EPS2_m
FN:127,133,_ZNSt3__19allocatorIfE10deallocateB7v160006EPfm
FN:127,133,_ZNSt3__19allocatorIjE10deallocateB7v160006EPjm
FN:161,162,_ZNKSt3__19allocatorI6EntityE8max_sizeB7v160006Ev
FN:161,162,_ZNKSt3__19allocatorIN2sf6VertexEE8max_sizeB7v160006Ev
FN:161,162,_ZNKSt3__19allocatorINS_4pairIffEEE8max_sizeB7v160006Ev
FN:161,162,_ZNKSt3__19allocatorIfE8max_sizeB7v160006Ev
FN:167,169,_ZNSt3__19allocatorI6EntityE9constructB7v160006IS1_JRKS1_EEEvPT_DpOT0_
FN:167,169,_ZNSt3__19allocatorI6EntityE9constructB7v160006IS1_JfRKN2sf5ColorEdbbEEEvPT_DpOT0_
FN:167,169,_ZNSt3__19allocatorIN2sf6VertexEE9constructB7v160006IS2_JRS2_EEEvPT_DpOT0_
FN:167,169,_ZNSt3__19allocatorINS_4pairIffEEE9constructB7v160006IS2_JRKS2_EEEvPT_DpOT0_
FN:172,174,_ZNSt3__19allocatorI6EntityE7destroyB7v160006EPS1_
FN:172,174,_ZNSt3__19allocatorIN2sf6VertexEE7destroyB7v160006EPS2_
FN:172,174,_ZNSt3__19allocatorINS_4pairIffEEE7destroyB7v160006EPS2_
FN:172,174,_ZNSt3__19allocatorIfE7destroyB7v160006EPf
FN:81,81,_ZNSt3__116__non_trivial_ifILb1ENS_9allocatorI6EntityEEEC2B7v160006Ev
FN:81,81,_ZNSt3__116__non_trivial_ifILb1ENS_9allocatorINS_4pairIffEEEEEC2B7v160006Ev
FN:81,81,_ZNSt3__116__non_trivial_ifILb1ENS_9allocatorIcEEEC2B7v160006Ev
FN:81,81,_ZNSt3__116__non_trivial_ifILb1ENS_9allocatorIfEEEC2B7v160006Ev
FNDA:1,_ZNSt3__19allocatorI6EntityEC2B7v160006Ev
FNDA:1,_ZNSt3__19allocatorINS_4pairIffEEEC2B7v160006Ev
FNDA:240,_ZNSt3__19allocatorIcEC2B7v160006Ev
FNDA:1,_ZNSt3__19allocatorIfEC2B7v160006Ev
FNDA:4,_ZNSt3__19allocatorI6EntityE8allocateB7v160006Em
FNDA:7,_ZNSt3__19allocatorIN2sf6VertexEE8allocateB7v160006Em
FNDA:1,_ZNSt3__19allocatorINS_4pairIffEEE8allocateB7v160006Em
FNDA:1,_ZNSt3__19allocatorIfE8allocateB7v160006Em
FNDA:4,_ZNSt3__19allocatorI6EntityE10deallocateB7v160006EPS1_m
FNDA:1,_ZNSt3__19allocatorIN2sf6VertexEE10deallocateB7v160006EPS2_m
FNDA:1,_ZNSt3__19allocatorINS_4pairIffEEE10deallocateB7v160006EPS2_m
FNDA:1,_ZNSt3__19allocatorIfE10deallocateB7v160006EPfm
FNDA:1,_ZNSt3__19allocatorIjE10deallocateB7v160006EPjm
FNDA:8,_ZNKSt3__19allocatorI6EntityE8max_sizeB7v160006Ev
FNDA:14,_ZNKSt3__19allocatorIN2sf6VertexEE8max_sizeB7v160006Ev
FNDA:2,_ZNKSt3__19allocatorINS_4pairIffEEE8max_sizeB7v160006Ev
FNDA:2,_ZNKSt3__19allocatorIfE8max_sizeB7v160006Ev
FNDA:7,_ZNSt3__19allocatorI6EntityE9constructB7v160006IS1_JRKS1_EEEvPT_DpOT0_
FNDA:6,_ZNSt3__19allocatorI6EntityE9constructB7v160006IS1_JfRKN2sf5ColorEdbbEEEvPT_DpOT0_
FNDA:224,_ZNSt3__19allocatorIN2sf6VertexEE9constructB7v160006IS2_JRS2_EEEvPT_DpOT0_
FNDA:3,_ZNSt3__19allocatorINS_4pairIffEEE9constructB7v160006IS2_JRKS2_EEEvPT_DpOT0_
FNDA:13,_ZNSt3__19allocatorI6EntityE7destroyB7v160006EPS1_
FNDA:60,_ZNSt3__19allocatorIN2sf6VertexEE7destroyB7v160006EPS2_
FNDA:3,_ZNSt3__19allocatorINS_4pairIffEEE7destroyB7v160006EPS2_
FNDA:3,_ZNSt3__19allocatorIfE7destroyB7v160006EPf
FNDA:1,_ZNSt3__116__non_trivial_ifILb1ENS_9allocatorI6EntityEEEC2B7v160006Ev
FNDA:1,_ZNSt3__116__non_trivial_ifILb1ENS_9allocatorINS_4pairIffEEEEEC2B7v160006Ev
FNDA:240,_ZNSt3__116__non_trivial_ifILb1ENS_9allocatorIcEEEC2B7v160006Ev
FNDA:1,_ZNSt3__116__non_trivial_ifILb1ENS_9allocatorIfEEEC2B7v160006Ev
FNF:29
FNH:29
DA:81,243
DA:102,243
DA:109,13
DA:110,13
DA:111,0
DA:115,13
DA:127,8
DA:131,8
DA:133,8
DA:161,26
DA:162,26
DA:167,240
DA:168,240
DA:169,240
DA:172,79
DA:173,79
DA:174,79
LF:17
LH:16
end_of_record
TN:
SF:/Library/Developer/CommandLineTools/SDKs/MacOSX14.2.sdk/usr/include/c++/v1/__memory/allocator_traits.h
FN:287,289,_ZNSt3__116allocator_traitsINS_9allocatorI6EntityEEE10deallocateB7v160006ERS3_PS2_m
FN:287,289,_ZNSt3__116allocator_traitsINS_9allocatorIN2sf6VertexEEEE10deallocateB7v160006ERS4_PS3_m
FN:287,289,_ZNSt3__116allocator_traitsINS_9allocatorINS_4pairIffEEEEE10deallocateB7v160006ERS4_PS3_m
FN:287,289,_ZNSt3__116allocator_traitsINS_9allocatorIfEEE10deallocateB7v160006ERS2_Pfm
FN:287,289,_ZNSt3__116allocator_traitsINS_9allocatorIjEEE10deallocateB7v160006ERS2_Pjm
FN:294,298,_ZNSt3__116allocator_traitsINS_9allocatorI6EntityEEE9constructB7v160006IS2_JRKS2_EvEEvRS3_PT_DpOT0_
FN:294,298,_ZNSt3__116allocator_traitsINS_9allocatorI6EntityEEE9constructB7v160006IS2_JfRKN2sf5ColorEdbbEvEEvRS3_PT_DpOT0_
FN:294,298,_ZNSt3__116allocator_traitsINS_9allocatorIN2sf6VertexEEEE9constructB7v160006IS3_JRS3_EvEEvRS4_PT_DpOT0_
FN:294,298,_ZNSt3__116allocator_traitsINS_9allocatorINS_4pairIffEEEEE9constructB7v160006IS3_JRKS3_EvEEvRS4_PT_DpOT0_
FN:313,317,_ZNSt3__116allocator_traitsINS_9allocatorI6EntityEEE7destroyB7v160006IS2_vEEvRS3_PT_
FN:313,317,_ZNSt3__116allocator_traitsINS_9allocatorIN2sf6VertexEEEE7destroyB7v160006IS3_vEEvRS4_PT_
FN:313,317,_ZNSt3__116allocator_traitsINS_9allocatorINS_4pairIffEEEEE7destroyB7v160006IS3_vEEvRS4_PT_
FN:313,317,_ZNSt3__116allocator_traitsINS_9allocatorIfEEE7destroyB7v160006IfvEEvRS2_PT_
FN:332,334,_ZNSt3__116allocator_traitsINS_9allocatorI6EntityEEE8max_sizeB7v160006IS3_vEEmRKS3_
FN:332,334,_ZNSt3__116allocator_traitsINS_9allocatorIN2sf6VertexEEEE8max_sizeB7v160006IS4_vEEmRKS4_
FN:332,334,_ZNSt3__116allocator_traitsINS_9allocatorINS_4pairIffEEEEE8max_sizeB7v160006IS4_vEEmRKS4_
FN:332,334,_ZNSt3__116allocator_traitsINS_9allocatorIfEEE8max_sizeB7v160006IS2_vEEmRKS2_
FN:353,354,_ZNSt3__116allocator_traitsINS_9allocatorIN2sf6VertexEEEE37select_on_container_copy_constructionB7v160006IS4_vvEES4_RKS4_
FNDA:4,_ZNSt3__116allocator_traitsINS_9allocatorI6EntityEEE10deallocateB7v160006ERS3_PS2_m
FNDA:1,_ZNSt3__116allocator_traitsINS_9allocatorIN2sf6VertexEEEE10deallocateB7v160006ERS4_PS3_m
FNDA:1,_ZNSt3__116allocator_traitsINS_9allocatorINS_4pairIffEEEEE10deallocateB7v160006ERS4_PS3_m
FNDA:1,_ZNSt3__116allocator_traitsINS_9allocatorIfEEE10deallocateB7v160006ERS2_Pfm
FNDA:1,_ZNSt3__116allocator_traitsINS_9allocatorIjEEE10deallocateB7v160006ERS2_Pjm
FNDA:7,_ZNSt3__116allocator_traitsINS_9allocatorI6EntityEEE9constructB7v160006IS2_JRKS2_EvEEvRS3_PT_DpOT0_
FNDA:6,_ZNSt3__116allocator_traitsINS_9allocatorI6EntityEEE9constructB7v160006IS2_JfRKN2sf5ColorEdbbEvEEvRS3_PT_DpOT0_
FNDA:224,_ZNSt3__116allocator_traitsINS_9allocatorIN2sf6VertexEEEE9constructB7v160006IS3_JRS3_EvEEvRS4_PT_DpOT0_
FNDA:3,_ZNSt3__116allocator_traitsINS_9allocatorINS_4pairIffEEEEE9constructB7v160006IS3_JRKS3_EvEEvRS4_PT_DpOT0_
FNDA:13,_ZNSt3__116allocator_traitsINS_9allocatorI6EntityEEE7destroyB7v160006IS2_vEEvRS3_PT_
FNDA:60,_ZNSt3__116allocator_traitsINS_9allocatorIN2sf6VertexEEEE7destroyB7v160006IS3_vEEvRS4_PT_
FNDA:3,_ZNSt3__116allocator_traitsINS_9allocatorINS_4pairIffEEEEE7destroyB7v160006IS3_vEEvRS4_PT_
FNDA:3,_ZNSt3__116allocator_traitsINS_9allocatorIfEEE7destroyB7v160006IfvEEvRS2_PT_
FNDA:8,_ZNSt3__116allocator_traitsINS_9allocatorI6EntityEEE8max_sizeB7v160006IS3_vEEmRKS3_
FNDA:14,_ZNSt3__116allocator_traitsINS_9allocatorIN2sf6VertexEEEE8max_sizeB7v160006IS4_vEEmRKS4_
FNDA:2,_ZNSt3__116allocator_traitsINS_9allocatorINS_4pairIffEEEEE8max_sizeB7v160006IS4_vEEmRKS4_
FNDA:2,_ZNSt3__116allocator_traitsINS_9allocatorIfEEE8max_sizeB7v160006IS2_vEEmRKS2_
FNDA:14,_ZNSt3__116allocator_traitsINS_9allocatorIN2sf6VertexEEEE37select_on_container_copy_constructionB7v160006IS4_vvEES4_RKS4_
FNF:18
FNH:18
DA:287,8
DA:288,8
DA:289,8
DA:294,240
DA:296,240
DA:298,240
DA:313,79
DA:315,79
DA:317,79
DA:332,26
DA:334,26
DA:353,14
DA:354,14
LF:13
LH:13
end_of_record
TN:
SF:/Library/Developer/CommandLineTools/SDKs/MacOSX14.2.sdk/usr/include/c++/v1/__memory/compressed_pair.h
FN:119,119,_ZNSt3__117__compressed_pairINS_12basic_stringIcNS_11char_traitsIcEENS_9allocatorIcEEE5__repES5_EC1B7v160006INS_18__default_init_tagESA_EEOT_OT0_
FN:119,119,_ZNSt3__117__compressed_pairINS_12basic_stringIcNS_11char_traitsIcEENS_9allocatorIcEEE5__repES5_EC2B7v160006INS_18__default_init_tagESA_EEOT_OT0_
FN:119,119,_ZNSt3__117__compressed_pairIP6EntityNS_9allocatorIS1_EEEC1B7v160006IDnNS_18__default_init_tagEEEOT_OT0_
FN:119,119,_ZNSt3__117__compressed_pairIP6EntityNS_9allocatorIS1_EEEC2B7v160006IDnNS_18__default_init_tagEEEOT_OT0_
FN:119,119,_ZNSt3__117__compressed_pairIP6EntityRNS_9allocatorIS1_EEEC1B7v160006IDnS5_EEOT_OT0_
FN:119,119,_ZNSt3__117__compressed_pairIP6EntityRNS_9allocatorIS1_EEEC2B7v160006IDnS5_EEOT_OT0_
FN:119,119,_ZNSt3__117__compressed_pairIPN2sf6VertexENS_9allocatorIS2_EEEC1B7v160006IDnS5_EEOT_OT0_
FN:119,119,_ZNSt3__117__compressed_pairIPN2sf6VertexENS_9allocatorIS2_EEEC2B7v160006IDnS5_EEOT_OT0_
FN:119,119,_ZNSt3__117__compressed_pairIPNS_4pairIffEENS_9allocatorIS2_EEEC1B7v160006IDnNS_18__default_init_tagEEEOT_OT0_
FN:119,119,_ZNSt3__117__compressed_pairIPNS_4pairIffEENS_9allocatorIS2_EEEC2B7v160006IDnNS_18__default_init_tagEEEOT_OT0_
FN:119,119,_ZNSt3__117__compressed_pairIPfNS_9allocatorIfEEEC1B7v160006IDnNS_18__default_init_tagEEEOT_OT0_
FN:119,119,_ZNSt3__117__compressed_pairIPfNS_9allocatorIfEEEC2B7v160006IDnNS_18__default_init_tagEEEOT_OT0_
FN:131,132,_ZNSt3__117__compressed_pairINS_12basic_stringIcNS_11char_traitsIcEENS_9allocatorIcEEE5__repES5_E5firstB7v160006Ev
FN:131,132,_ZNSt3__117__compressed_pairINS_12basic_stringIjNS_11char_traitsIjEENS_9allocatorIjEEE5__repES5_E5firstB7v160006Ev
FN:131,132,_ZNSt3__117__compressed_pairIP6EntityNS_9allocatorIS1_EEE5firstB7v160006Ev
FN:131,132,_ZNSt3__117__compressed_pairIP6EntityRNS_9allocatorIS1_EEE5firstB7v160006Ev
FN:131,132,_ZNSt3__117__compressed_pairIPN2sf6VertexENS_9allocatorIS2_EEE5firstB7v160006Ev
FN:131,132,_ZNSt3__117__compressed_pairIPNS_4pairIffEENS_9allocatorIS2_EEE5firstB7v160006Ev
FN:131,132,_ZNSt3__117__compressed_pairIPfNS_9allocatorIfEEE5firstB7v160006Ev
FN:136,137,_ZNKSt3__117__compressed_pairINS_12basic_stringIcNS_11char_traitsIcEENS_9allocatorIcEEE5__repES5_E5firstB7v160006Ev
FN:136,137,_ZNKSt3__117__compressed_pairINS_12basic_stringIjNS_11char_traitsIjEENS_9allocatorIjEEE5__repES5_E5firstB7v160006Ev
FN:136,137,_ZNKSt3__117__compressed_pairIP6EntityNS_9allocatorIS1_EEE5firstB7v160006Ev
FN:136,137,_ZNKSt3__117__compressed_pairIP6EntityRNS_9allocatorIS1_EEE5firstB7v160006Ev
FN:136,137,_ZNKSt3__117__compressed_pairIPN2sf6VertexENS_9allocatorIS2_EEE5firstB7v160006Ev
FN:136,137,_ZNKSt3__117__compressed_pairIPNS_4pairIffEENS_9allocatorIS2_EEE5firstB7v160006Ev
FN:136,137,_ZNKSt3__117__compressed_pairIPfNS_9allocatorIfEEE5firstB7v160006Ev
FN:141,142,_ZNSt3__117__compressed_pairINS_12basic_stringIjNS_11char_traitsIjEENS_9allocatorIjEEE5__repES5_E6secondB7v160006Ev
FN:141,142,_ZNSt3__117__compressed_pairIP6EntityNS_9allocatorIS1_EEE6secondB7v160006Ev
FN:141,142,_ZNSt3__117__compressed_pairIP6EntityRNS_9allocatorIS1_EEE6secondB7v160006Ev
FN:141,142,_ZNSt3__117__compressed_pairIPN2sf6VertexENS_9allocatorIS2_EEE6secondB7v160006Ev
FN:141,142,_ZNSt3__117__compressed_pairIPNS_4pairIffEENS_9allocatorIS2_EEE6secondB7v160006Ev
FN:141,142,_ZNSt3__117__compressed_pairIPfNS_9allocatorIfEEE6secondB7v160006Ev
FN:146,147,_ZNKSt3__117__compressed_pairIP6EntityNS_9allocatorIS1_EEE6secondB7v160006Ev
FN:146,147,_ZNKSt3__117__compressed_pairIPN2sf6VertexENS_9allocatorIS2_EEE6secondB7v160006Ev
FN:146,147,_ZNKSt3__117__compressed_pairIPNS_4pairIffEENS_9allocatorIS2_EEE6secondB7v160006Ev
FN:146,147,_ZNKSt3__117__compressed_pairIPfNS_9allocatorIfEEE6secondB7v160006Ev
FN:46,46,_ZNSt3__122__compressed_pair_elemINS_12basic_stringIcNS_11char_traitsIcEENS_9allocatorIcEEE5__repELi0ELb0EEC2B7v160006ENS_18__default_init_tagE
FN:51,51,_ZNSt3__122__compressed_pair_elemIP6EntityLi0ELb0EEC2B7v160006IDnvEEOT_
FN:51,51,_ZNSt3__122__compressed_pair_elemIPN2sf6VertexELi0ELb0EEC2B7v160006IDnvEEOT_
FN:51,51,_ZNSt3__122__compressed_pair_elemIPNS_4pairIffEELi0ELb0EEC2B7v160006IDnvEEOT_
FN:51,51,_ZNSt3__122__compressed_pair_elemIPfLi0ELb0EEC2B7v160006IDnvEEOT_
FN:51,51,_ZNSt3__122__compressed_pair_elemIRNS_9allocatorI6EntityEELi1ELb0EEC2B7v160006IS4_vEEOT_
FN:60,60,_ZNSt3__122__compressed_pair_elemINS_12basic_stringIcNS_11char_traitsIcEENS_9allocatorIcEEE5__repELi0ELb0EE5__getB7v160006Ev
FN:60,60,_ZNSt3__122__compressed_pair_elemINS_12basic_stringIjNS_11char_traitsIjEENS_9allocatorIjEEE5__repELi0ELb0EE5__getB7v160006Ev
FN:60,60,_ZNSt3__122__compressed_pair_elemIP6EntityLi0ELb0EE5__getB7v160006Ev
FN:60,60,_ZNSt3__122__compressed_pair_elemIPN2sf6VertexELi0ELb0EE5__getB7v160006Ev
FN:60,60,_ZNSt3__122__compressed_pair_elemIPNS_4pairIffEELi0ELb0EE5__getB7v160006Ev
FN:60,60,_ZNSt3__122__compressed_pair_elemIPfLi0ELb0EE5__getB7v160006Ev
FN:60,60,_ZNSt3__122__compressed_pair_elemIRNS_9allocatorI6EntityEELi1ELb0EE5__getB7v160006Ev
FN:61,61,_ZNKSt3__122__compressed_pair_elemINS_12basic_stringIcNS_11char_traitsIcEENS_9allocatorIcEEE5__repELi0ELb0EE5__getB7v160006Ev
FN:61,61,_ZNKSt3__122__compressed_pair_elemINS_12basic_stringIjNS_11char_traitsIjEENS_9allocatorIjEEE5__repELi0ELb0EE5__getB7v160006Ev
FN:61,61,_ZNKSt3__122__compressed_pair_elemIP6EntityLi0ELb0EE5__getB7v160006Ev
FN:61,61,_ZNKSt3__122__compressed_pair_elemIPN2sf6VertexELi0ELb0EE5__getB7v160006Ev
FN:61,61,_ZNKSt3__122__compressed_pair_elemIPNS_4pairIffEELi0ELb0EE5__getB7v160006Ev
FN:61,61,_ZNKSt3__122__compressed_pair_elemIPfLi0ELb0EE5__getB7v160006Ev
FN:75,75,_ZNSt3__122__compressed_pair_elemINS_9allocatorI6EntityEELi1ELb1EEC2B7v160006ENS_18__default_init_tagE
FN:75,75,_ZNSt3__122__compressed_pair_elemINS_9allocatorINS_4pairIffEEEELi1ELb1EEC2B7v160006ENS_18__default_init_tagE
FN:75,75,_ZNSt3__122__compressed_pair_elemINS_9allocatorIcEELi1ELb1EEC2B7v160006ENS_18__default_init_tagE
FN:75,75,_ZNSt3__122__compressed_pair_elemINS_9allocatorIfEELi1ELb1EEC2B7v160006ENS_18__default_init_tagE
FN:80,80,_ZNSt3__122__compressed_pair_elemINS_9allocatorIN2sf6VertexEEELi1ELb1EEC2B7v160006IS4_vEEOT_
FN:89,89,_ZNSt3__122__compressed_pair_elemINS_9allocatorI6EntityEELi1ELb1EE5__getB7v160006Ev
FN:89,89,_ZNSt3__122__compressed_pair_elemINS_9allocatorIN2sf6VertexEEELi1ELb1EE5__getB7v160006Ev
FN:89,89,_ZNSt3__122__compressed_pair_elemINS_9allocatorINS_4pairIffEEEELi1ELb1EE5__getB7v160006Ev
FN:89,89,_ZNSt3__122__compressed_pair_elemINS_9allocatorIfEELi1ELb1EE5__getB7v160006Ev
FN:89,89,_ZNSt3__122__compressed_pair_elemINS_9allocatorIjEELi1ELb1EE5__getB7v160006Ev
FN:90,90,_ZNKSt3__122__compressed_pair_elemINS_9allocatorI6EntityEELi1ELb1EE5__getB7v160006Ev
FN:90,90,_ZNKSt3__122__compressed_pair_elemINS_9allocatorIN2sf6VertexEEELi1ELb1EE5__getB7v160006Ev
FN:90,90,_ZNKSt3__122__compressed_pair_elemINS_9allocatorINS_4pairIffEEEELi1ELb1EE5__getB7v160006Ev
FN:90,90,_ZNKSt3__122__compressed_pair_elemINS_9allocatorIfEELi1ELb1EE5__getB7v160006Ev
FNDA:237,_ZNSt3__117__compressed_pairINS_12basic_stringIcNS_11char_traitsIcEENS_9allocatorIcEEE5__repES5_EC1B7v160006INS_18__default_init_tagESA_EEOT_OT0_
FNDA:237,_ZNSt3__117__compressed_pairINS_12basic_stringIcNS_11char_traitsIcEENS_9allocatorIcEEE5__repES5_EC2B7v160006INS_18__default_init_tagESA_EEOT_OT0_
FNDA:1,_ZNSt3__117__compressed_pairIP6EntityNS_9allocatorIS1_EEEC1B7v160006IDnNS_18__default_init_tagEEEOT_OT0_
FNDA:1,_ZNSt3__117__compressed_pairIP6EntityNS_9allocatorIS1_EEEC2B7v160006IDnNS_18__default_init_tagEEEOT_OT0_
FNDA:4,_ZNSt3__117__compressed_pairIP6EntityRNS_9allocatorIS1_EEEC1B7v160006IDnS5_EEOT_OT0_
FNDA:4,_ZNSt3__117__compressed_pairIP6EntityRNS_9allocatorIS1_EEEC2B7v160006IDnS5_EEOT_OT0_
FNDA:14,_ZNSt3__117__compressed_pairIPN2sf6VertexENS_9allocatorIS2_EEEC1B7v160006IDnS5_EEOT_OT0_
FNDA:14,_ZNSt3__117__compressed_pairIPN2sf6VertexENS_9allocatorIS2_EEEC2B7v160006IDnS5_EEOT_OT0_
FNDA:1,_ZNSt3__117__compressed_pairIPNS_4pairIffEENS_9allocatorIS2_EEEC1B7v160006IDnNS_18__default_init_tagEEEOT_OT0_
FNDA:1,_ZNSt3__117__compressed_pairIPNS_4pairIffEENS_9allocatorIS2_EEEC2B7v160006IDnNS_18__default_init_tagEEEOT_OT0_
FNDA:1,_ZNSt3__117__compressed_pairIPfNS_9allocatorIfEEEC1B7v160006IDnNS_18__default_init_tagEEEOT_OT0_
FNDA:1,_ZNSt3__117__compressed_pairIPfNS_9allocatorIfEEEC2B7v160006IDnNS_18__default_init_tagEEEOT_OT0_
FNDA:480,_ZNSt3__117__compressed_pairINS_12basic_stringIcNS_11char_traitsIcEENS_9allocatorIcEEE5__repES5_E5firstB7v160006Ev
FNDA:1,_ZNSt3__117__compressed_pairINS_12basic_stringIjNS_11char_traitsIjEENS_9allocatorIjEEE5__repES5_E5firstB7v160006Ev
FNDA:10,_ZNSt3__117__compressed_pairIP6EntityNS_9allocatorIS1_EEE5firstB7v160006Ev
FNDA:8,_ZNSt3__117__compressed_pairIP6EntityRNS_9allocatorIS1_EEE5firstB7v160006Ev
FNDA:7,_ZNSt3__117__compressed_pairIPN2sf6VertexENS_9allocatorIS2_EEE5firstB7v160006Ev
FNDA:1,_ZNSt3__117__compressed_pairIPNS_4pairIffEENS_9allocatorIS2_EEE5firstB7v160006Ev
FNDA:1,_ZNSt3__117__compressed_pairIPfNS_9allocatorIfEEE5firstB7v160006Ev
FNDA:2089,_ZNKSt3__117__compressed_pairINS_12basic_stringIcNS_11char_traitsIcEENS_9allocatorIcEEE5__repES5_E5firstB7v160006Ev
FNDA:2,_ZNKSt3__117__compressed_pairINS_12basic_stringIjNS_11char_traitsIjEENS_9allocatorIjEEE5__repES5_E5firstB7v160006Ev
FNDA:23,_ZNKSt3__117__compressed_pairIP6EntityNS_9allocatorIS1_EEE5firstB7v160006Ev
FNDA:3,_ZNKSt3__117__compressed_pairIP6EntityRNS_9allocatorIS1_EEE5firstB7v160006Ev
FNDA:17,_ZNKSt3__117__compressed_pairIPN2sf6VertexENS_9allocatorIS2_EEE5firstB7v160006Ev
FNDA:5,_ZNKSt3__117__compressed_pairIPNS_4pairIffEENS_9allocatorIS2_EEE5firstB7v160006Ev
FNDA:5,_ZNKSt3__117__compressed_pairIPfNS_9allocatorIfEEE5firstB7v160006Ev
FNDA:1,_ZNSt3__117__compressed_pairINS_12basic_stringIjNS_11char_traitsIjEENS_9allocatorIjEEE5__repES5_E6secondB7v160006Ev
FNDA:17,_ZNSt3__117__compressed_pairIP6EntityNS_9allocatorIS1_EEE6secondB7v160006Ev
FNDA:14,_ZNSt3__117__compressed_pairIP6EntityRNS_9allocatorIS1_EEE6secondB7v160006Ev
FNDA:75,_ZNSt3__117__compressed_pairIPN2sf6VertexENS_9allocatorIS2_EEE6secondB7v160006Ev
FNDA:6,_ZNSt3__117__compressed_pairIPNS_4pairIffEENS_9allocatorIS2_EEE6secondB7v160006Ev
FNDA:6,_ZNSt3__117__compressed_pairIPfNS_9allocatorIfEEE6secondB7v160006Ev
FNDA:4,_ZNKSt3__117__compressed_pairIP6EntityNS_9allocatorIS1_EEE6secondB7v160006Ev
FNDA:21,_ZNKSt3__117__compressed_pairIPN2sf6VertexENS_9allocatorIS2_EEE6secondB7v160006Ev
FNDA:1,_ZNKSt3__117__compressed_pairIPNS_4pairIffEENS_9allocatorIS2_EEE6secondB7v160006Ev
FNDA:1,_ZNKSt3__117__compressed_pairIPfNS_9allocatorIfEEE6secondB7v160006Ev
FNDA:237,_ZNSt3__122__compressed_pair_elemINS_12basic_stringIcNS_11char_traitsIcEENS_9allocatorIcEEE5__repELi0ELb0EEC2B7v160006ENS_18__default_init_tagE
FNDA:5,_ZNSt3__122__compressed_pair_elemIP6EntityLi0ELb0EEC2B7v160006IDnvEEOT_
FNDA:14,_ZNSt3__122__compressed_pair_elemIPN2sf6VertexELi0ELb0EEC2B7v160006IDnvEEOT_
FNDA:1,_ZNSt3__122__compressed_pair_elemIPNS_4pairIffEELi0ELb0EEC2B7v160006IDnvEEOT_
FNDA:1,_ZNSt3__122__compressed_pair_elemIPfLi0ELb0EEC2B7v160006IDnvEEOT_
FNDA:4,_ZNSt3__122__compressed_pair_elemIRNS_9allocatorI6EntityEELi1ELb0EEC2B7v160006IS4_vEEOT_
FNDA:480,_ZNSt3__122__compressed_pair_elemINS_12basic_stringIcNS_11char_traitsIcEENS_9allocatorIcEEE5__repELi0ELb0EE5__getB7v160006Ev
FNDA:1,_ZNSt3__122__compressed_pair_elemINS_12basic_stringIjNS_11char_traitsIjEENS_9allocatorIjEEE5__repELi0ELb0EE5__getB7v160006Ev
FNDA:18,_ZNSt3__122__compressed_pair_elemIP6EntityLi0ELb0EE5__getB7v160006Ev
FNDA:7,_ZNSt3__122__compressed_pair_elemIPN2sf6VertexELi0ELb0EE5__getB7v160006Ev
FNDA:1,_ZNSt3__122__compressed_pair_elemIPNS_4pairIffEELi0ELb0EE5__getB7v160006Ev
FNDA:1,_ZNSt3__122__compressed_pair_elemIPfLi0ELb0EE5__getB7v160006Ev
FNDA:14,_ZNSt3__122__compressed_pair_elemIRNS_9allocatorI6EntityEELi1ELb0EE5__getB7v160006Ev
FNDA:2089,_ZNKSt3__122__compressed_pair_elemINS_12basic_stringIcNS_11char_traitsIcEENS_9allocatorIcEEE5__repELi0ELb0EE5__getB7v160006Ev
FNDA:2,_ZNKSt3__122__compressed_pair_elemINS_12basic_stringIjNS_11char_traitsIjEENS_9allocatorIjEEE5__repELi0ELb0EE5__getB7v160006Ev
FNDA:26,_ZNKSt3__122__compressed_pair_elemIP6EntityLi0ELb0EE5__getB7v160006Ev
FNDA:17,_ZNKSt3__122__compressed_pair_elemIPN2sf6VertexELi0ELb0EE5__getB7v160006Ev
FNDA:5,_ZNKSt3__122__compressed_pair_elemIPNS_4pairIffEELi0ELb0EE5__getB7v160006Ev
FNDA:5,_ZNKSt3__122__compressed_pair_elemIPfLi0ELb0EE5__getB7v160006Ev
FNDA:1,_ZNSt3__122__compressed_pair_elemINS_9allocatorI6EntityEELi1ELb1EEC2B7v160006ENS_18__default_init_tagE
FNDA:1,_ZNSt3__122__compressed_pair_elemINS_9allocatorINS_4pairIffEEEELi1ELb1EEC2B7v160006ENS_18__default_init_tagE
FNDA:237,_ZNSt3__122__compressed_pair_elemINS_9allocatorIcEELi1ELb1EEC2B7v160006ENS_18__default_init_tagE
FNDA:1,_ZNSt3__122__compressed_pair_elemINS_9allocatorIfEELi1ELb1EEC2B7v160006ENS_18__default_init_tagE
FNDA:14,_ZNSt3__122__compressed_pair_elemINS_9allocatorIN2sf6VertexEEELi1ELb1EEC2B7v160006IS4_vEEOT_
FNDA:17,_ZNSt3__122__compressed_pair_elemINS_9allocatorI6EntityEELi1ELb1EE5__getB7v160006Ev
FNDA:75,_ZNSt3__122__compressed_pair_elemINS_9allocatorIN2sf6VertexEEELi1ELb1EE5__getB7v160006Ev
FNDA:6,_ZNSt3__122__compressed_pair_elemINS_9allocatorINS_4pairIffEEEELi1ELb1EE5__getB7v160006Ev
FNDA:6,_ZNSt3__122__compressed_pair_elemINS_9allocatorIfEELi1ELb1EE5__getB7v160006Ev
FNDA:1,_ZNSt3__122__compressed_pair_elemINS_9allocatorIjEELi1ELb1EE5__getB7v160006Ev
FNDA:4,_ZNKSt3__122__compressed_pair_elemINS_9allocatorI6EntityEELi1ELb1EE5__getB7v160006Ev
FNDA:21,_ZNKSt3__122__compressed_pair_elemINS_9allocatorIN2sf6VertexEEELi1ELb1EE5__getB7v160006Ev
FNDA:1,_ZNKSt3__122__compressed_pair_elemINS_9allocatorINS_4pairIffEEEELi1ELb1EE5__getB7v160006Ev
FNDA:1,_ZNKSt3__122__compressed_pair_elemINS_9allocatorIfEELi1ELb1EE5__getB7v160006Ev
FNF:69
FNH:69
DA:46,237
DA:51,25
DA:60,522
DA:61,2144
DA:75,240
DA:80,14
DA:89,105
DA:90,27
DA:119,516
DA:131,508
DA:132,508
DA:136,2144
DA:137,2144
DA:141,119
DA:142,119
DA:146,27
DA:147,27
LF:17
LH:17
end_of_record
TN:
SF:/Library/Developer/CommandLineTools/SDKs/MacOSX14.2.sdk/usr/include/c++/v1/__memory/pointer_traits.h
FN:153,154,_ZNSt3__114pointer_traitsIPKcE10pointer_toB7v160006ERS1_
FN:153,154,_ZNSt3__114pointer_traitsIPcE10pointer_toB7v160006ERc
FN:172,174,_ZNSt3__112__to_addressB7v160006I6EntityEEPT_S3_
FN:172,174,_ZNSt3__112__to_addressB7v160006IKcEEPT_S3_
FN:172,174,_ZNSt3__112__to_addressB7v160006IKfEEPT_S3_
FN:172,174,_ZNSt3__112__to_addressB7v160006IN2sf6VertexEEEPT_S4_
FN:172,174,_ZNSt3__112__to_addressB7v160006INS_4pairIffEEEEPT_S4_
FN:172,174,_ZNSt3__112__to_addressB7v160006IcEEPT_S2_
FN:172,174,_ZNSt3__112__to_addressB7v160006IfEEPT_S2_
FN:204,205,_ZNSt3__112__to_addressB7v160006INS_16reverse_iteratorINS1_IP6EntityEEEEvEENS_5decayIDTclsr19__to_address_helperIT_EE6__callclsr3stdE7declvalIRKS7_EEEEE4typeES9_
FN:204,205,_ZNSt3__112__to_addressB7v160006INS_16reverse_iteratorIP6EntityEEvEENS_5decayIDTclsr19__to_address_helperIT_EE6__callclsr3stdE7declvalIRKS6_EEEEE4typeES8_
FN:204,205,_ZNSt3__112__to_addressB7v160006INS_16reverse_iteratorIPN2sf6VertexEEEvEENS_5decayIDTclsr19__to_address_helperIT_EE6__callclsr3stdE7declvalIRKS7_EEEEE4typeES9_
FN:204,205,_ZNSt3__112__to_addressB7v160006INS_16reverse_iteratorIPNS_4pairIffEEEEvEENS_5decayIDTclsr19__to_address_helperIT_EE6__callclsr3stdE7declvalIRKS7_EEEEE4typeES9_
FN:212,213,_ZNSt3__119__to_address_helperINS_16reverse_iteratorINS1_IP6EntityEEEEvE6__callB7v160006ERKS5_
FN:212,213,_ZNSt3__119__to_address_helperINS_16reverse_iteratorIP6EntityEEvE6__callB7v160006ERKS4_
FN:212,213,_ZNSt3__119__to_address_helperINS_16reverse_iteratorIPN2sf6VertexEEEvE6__callB7v160006ERKS5_
FN:212,213,_ZNSt3__119__to_address_helperINS_16reverse_iteratorIPNS_4pairIffEEEEvE6__callB7v160006ERKS5_
FNDA:324,_ZNSt3__114pointer_traitsIPKcE10pointer_toB7v160006ERS1_
FNDA:40,_ZNSt3__114pointer_traitsIPcE10pointer_toB7v160006ERc
FNDA:62,_ZNSt3__112__to_addressB7v160006I6EntityEEPT_S3_
FNDA:473,_ZNSt3__112__to_addressB7v160006IKcEEPT_S3_
FNDA:3,_ZNSt3__112__to_addressB7v160006IKfEEPT_S3_
FNDA:316,_ZNSt3__112__to_addressB7v160006IN2sf6VertexEEEPT_S4_
FNDA:14,_ZNSt3__112__to_addressB7v160006INS_4pairIffEEEEPT_S4_
FNDA:0,_ZNSt3__112__to_addressB7v160006IcEEPT_S2_
FNDA:13,_ZNSt3__112__to_addressB7v160006IfEEPT_S2_
FNDA:0,_ZNSt3__112__to_addressB7v160006INS_16reverse_iteratorINS1_IP6EntityEEEEvEENS_5decayIDTclsr19__to_address_helperIT_EE6__callclsr3stdE7declvalIRKS7_EEEEE4typeES9_
FNDA:7,_ZNSt3__112__to_addressB7v160006INS_16reverse_iteratorIP6EntityEEvEENS_5decayIDTclsr19__to_address_helperIT_EE6__callclsr3stdE7declvalIRKS6_EEEEE4typeES8_
FNDA:0,_ZNSt3__112__to_addressB7v160006INS_16reverse_iteratorIPN2sf6VertexEEEvEENS_5decayIDTclsr19__to_address_helperIT_EE6__callclsr3stdE7declvalIRKS7_EEEEE4typeES9_
FNDA:0,_ZNSt3__112__to_addressB7v160006INS_16reverse_iteratorIPNS_4pairIffEEEEvEENS_5decayIDTclsr19__to_address_helperIT_EE6__callclsr3stdE7declvalIRKS7_EEEEE4typeES9_
FNDA:0,_ZNSt3__119__to_address_helperINS_16reverse_iteratorINS1_IP6EntityEEEEvE6__callB7v160006ERKS5_
FNDA:7,_ZNSt3__119__to_address_helperINS_16reverse_iteratorIP6EntityEEvE6__callB7v160006ERKS4_
FNDA:0,_ZNSt3__119__to_address_helperINS_16reverse_iteratorIPN2sf6VertexEEEvE6__callB7v160006ERKS5_
FNDA:0,_ZNSt3__119__to_address_helperINS_16reverse_iteratorIPNS_4pairIffEEEEvE6__callB7v160006ERKS5_
FNF:17
FNH:10
DA:153,364
DA:154,364
DA:172,881
DA:174,881
DA:204,7
DA:205,7
DA:212,7
DA:213,7
LF:8
LH:8
end_of_record
TN:
SF:/Library/Developer/CommandLineTools/SDKs/MacOSX14.2.sdk/usr/include/c++/v1/__memory/uninitialized_algorithms.h
FN:520,523,_ZNSt3__119__allocator_destroyB7v160006INS_9allocatorI6EntityEENS_16reverse_iteratorINS4_IPS2_EEEES7_EEvRT_T0_T1_
FN:520,523,_ZNSt3__119__allocator_destroyB7v160006INS_9allocatorIN2sf6VertexEEENS_16reverse_iteratorIPS3_EES7_EEvRT_T0_T1_
FN:520,523,_ZNSt3__119__allocator_destroyB7v160006INS_9allocatorINS_4pairIffEEEENS_16reverse_iteratorIPS3_EES7_EEvRT_T0_T1_
FN:529,530,_ZNSt3__129_AllocatorDestroyRangeReverseINS_9allocatorI6EntityEENS_16reverse_iteratorIPS2_EEEC1B7v160006ERS3_RS6_S9_
FN:529,530,_ZNSt3__129_AllocatorDestroyRangeReverseINS_9allocatorI6EntityEENS_16reverse_iteratorIPS2_EEEC2B7v160006ERS3_RS6_S9_
FN:529,530,_ZNSt3__129_AllocatorDestroyRangeReverseINS_9allocatorIN2sf6VertexEEEPS3_EC1B7v160006ERS4_RS5_S8_
FN:529,530,_ZNSt3__129_AllocatorDestroyRangeReverseINS_9allocatorIN2sf6VertexEEEPS3_EC2B7v160006ERS4_RS5_S8_
FN:529,530,_ZNSt3__129_AllocatorDestroyRangeReverseINS_9allocatorINS_4pairIffEEEEPS3_EC1B7v160006ERS4_RS5_S8_
FN:529,530,_ZNSt3__129_AllocatorDestroyRangeReverseINS_9allocatorINS_4pairIffEEEEPS3_EC2B7v160006ERS4_RS5_S8_
FN:532,534,_ZNKSt3__129_AllocatorDestroyRangeReverseINS_9allocatorI6EntityEENS_16reverse_iteratorIPS2_EEEclB7v160006Ev
FN:532,534,_ZNKSt3__129_AllocatorDestroyRangeReverseINS_9allocatorIN2sf6VertexEEEPS3_EclB7v160006Ev
FN:532,534,_ZNKSt3__129_AllocatorDestroyRangeReverseINS_9allocatorINS_4pairIffEEEEPS3_EclB7v160006Ev
FN:548,559,_ZNSt3__130__uninitialized_allocator_copyB7v160006INS_9allocatorIN2sf6VertexEEEPS3_S5_S5_EET2_RT_T0_T1_S6_
FN:548,559,_ZNSt3__130__uninitialized_allocator_copyB7v160006INS_9allocatorINS_4pairIffEEEEPKS3_S6_PS3_EET2_RT_T0_T1_S8_
FN:575,585,_ZNSt3__130__uninitialized_allocator_copyB7v160006INS_9allocatorIfEEffLPv0EEEPT0_RT_PKS4_S9_S5_
FN:595,613,_ZNSt3__142__uninitialized_allocator_move_if_noexceptB7v160006INS_9allocatorI6EntityEENS_16reverse_iteratorIPS2_EES6_S6_EET2_RT_T0_T1_S7_
FNDA:0,_ZNSt3__119__allocator_destroyB7v160006INS_9allocatorI6EntityEENS_16reverse_iteratorINS4_IPS2_EEEES7_EEvRT_T0_T1_
FNDA:0,_ZNSt3__119__allocator_destroyB7v160006INS_9allocatorIN2sf6VertexEEENS_16reverse_iteratorIPS3_EES7_EEvRT_T0_T1_
FNDA:0,_ZNSt3__119__allocator_destroyB7v160006INS_9allocatorINS_4pairIffEEEENS_16reverse_iteratorIPS3_EES7_EEvRT_T0_T1_
FNDA:4,_ZNSt3__129_AllocatorDestroyRangeReverseINS_9allocatorI6EntityEENS_16reverse_iteratorIPS2_EEEC1B7v160006ERS3_RS6_S9_
FNDA:4,_ZNSt3__129_AllocatorDestroyRangeReverseINS_9allocatorI6EntityEENS_16reverse_iteratorIPS2_EEEC2B7v160006ERS3_RS6_S9_
FNDA:7,_ZNSt3__129_AllocatorDestroyRangeReverseINS_9allocatorIN2sf6VertexEEEPS3_EC1B7v160006ERS4_RS5_S8_
FNDA:7,_ZNSt3__129_AllocatorDestroyRangeReverseINS_9allocatorIN2sf6VertexEEEPS3_EC2B7v160006ERS4_RS5_S8_
FNDA:1,_ZNSt3__129_AllocatorDestroyRangeReverseINS_9allocatorINS_4pairIffEEEEPS3_EC1B7v160006ERS4_RS5_S8_
FNDA:1,_ZNSt3__129_AllocatorDestroyRangeReverseINS_9allocatorINS_4pairIffEEEEPS3_EC2B7v160006ERS4_RS5_S8_
FNDA:0,_ZNKSt3__129_AllocatorDestroyRangeReverseINS_9allocatorI6EntityEENS_16reverse_iteratorIPS2_EEEclB7v160006Ev
FNDA:0,_ZNKSt3__129_AllocatorDestroyRangeReverseINS_9allocatorIN2sf6VertexEEEPS3_EclB7v160006Ev
FNDA:0,_ZNKSt3__129_AllocatorDestroyRangeReverseINS_9allocatorINS_4pairIffEEEEPS3_EclB7v160006Ev
FNDA:7,_ZNSt3__130__uninitialized_allocator_copyB7v160006INS_9allocatorIN2sf6VertexEEEPS3_S5_S5_EET2_RT_T0_T1_S6_
FNDA:1,_ZNSt3__130__uninitialized_allocator_copyB7v160006INS_9allocatorINS_4pairIffEEEEPKS3_S6_PS3_EET2_RT_T0_T1_S8_
FNDA:1,_ZNSt3__130__uninitialized_allocator_copyB7v160006INS_9allocatorIfEEffLPv0EEEPT0_RT_PKS4_S9_S5_
FNDA:4,_ZNSt3__142__uninitialized_allocator_move_if_noexceptB7v160006INS_9allocatorI6EntityEENS_16reverse_iteratorIPS2_EES6_S6_EET2_RT_T0_T1_S7_
FNF:16
FNH:10
DA:520,0
DA:521,0
DA:522,0
DA:523,0
DA:529,24
DA:530,24
DA:532,0
DA:533,0
DA:534,0
DA:548,8
DA:549,8
DA:551,8
DA:552,235
DA:553,227
DA:554,227
DA:555,227
DA:557,8
DA:558,8
DA:559,8
DA:575,1
DA:585,1
DA:595,4
DA:599,4
DA:601,4
DA:602,11
DA:604,7
DA:608,7
DA:609,7
DA:611,4
DA:612,4
DA:613,4
LF:31
LH:24
end_of_record
TN:
SF:/Library/Developer/CommandLineTools/SDKs/MacOSX14.2.sdk/usr/include/c++/v1/__split_buffer
FN:101,_ZNSt3__114__split_bufferI6EntityRNS_9allocatorIS1_EEE5clearB7v160006Ev
FN:105,_ZNKSt3__114__split_bufferI6EntityRNS_9allocatorIS1_EEE8capacityB7v160006Ev
FN:143,_ZNSt3__114__split_bufferI6EntityRNS_9allocatorIS1_EEE17__destruct_at_endB7v160006EPS1_
FN:300,_ZNSt3__114__split_bufferI6EntityRNS_9allocatorIS1_EEE17__destruct_at_endB7v160006EPS1_NS_17integral_constantIbLb0EEE
FN:317,_ZNSt3__114__split_bufferI6EntityRNS_9allocatorIS1_EEEC1EmmS4_
FN:317,_ZNSt3__114__split_bufferI6EntityRNS_9allocatorIS1_EEEC2EmmS4_
FN:358,_ZNSt3__114__split_bufferI6EntityRNS_9allocatorIS1_EEED1Ev
FN:358,_ZNSt3__114__split_bufferI6EntityRNS_9allocatorIS1_EEED2Ev
FN:72,_ZNSt3__114__split_bufferI6EntityRNS_9allocatorIS1_EEE7__allocB7v160006Ev
FN:74,_ZNSt3__114__split_bufferI6EntityRNS_9allocatorIS1_EEE9__end_capB7v160006Ev
FN:75,_ZNKSt3__114__split_bufferI6EntityRNS_9allocatorIS1_EEE9__end_capB7v160006Ev
FNDA:4,_ZNSt3__114__split_bufferI6EntityRNS_9allocatorIS1_EEE5clearB7v160006Ev
FNDA:3,_ZNKSt3__114__split_bufferI6EntityRNS_9allocatorIS1_EEE8capacityB7v160006Ev
FNDA:4,_ZNSt3__114__split_bufferI6EntityRNS_9allocatorIS1_EEE17__destruct_at_endB7v160006EPS1_
FNDA:4,_ZNSt3__114__split_bufferI6EntityRNS_9allocatorIS1_EEE17__destruct_at_endB7v160006EPS1_NS_17integral_constantIbLb0EEE
FNDA:4,_ZNSt3__114__split_bufferI6EntityRNS_9allocatorIS1_EEEC1EmmS4_
FNDA:4,_ZNSt3__114__split_bufferI6EntityRNS_9allocatorIS1_EEEC2EmmS4_
FNDA:4,_ZNSt3__114__split_bufferI6EntityRNS_9allocatorIS1_EEED1Ev
FNDA:4,_ZNSt3__114__split_bufferI6EntityRNS_9allocatorIS1_EEED2Ev
FNDA:14,_ZNSt3__114__split_bufferI6EntityRNS_9allocatorIS1_EEE7__allocB7v160006Ev
FNDA:8,_ZNSt3__114__split_bufferI6EntityRNS_9allocatorIS1_EEE9__end_capB7v160006Ev
FNDA:3,_ZNKSt3__114__split_bufferI6EntityRNS_9allocatorIS1_EEE9__end_capB7v160006Ev
FNF:11
FNH:11
DA:72,14
DA:74,8
DA:75,3
DA:101,4
DA:102,4
DA:105,3
DA:143,4
DA:144,4
DA:300,4
DA:302,11
DA:303,7
DA:304,4
DA:317,8
DA:318,4
DA:319,4
DA:320,4
DA:321,0
DA:322,0
DA:323,4
DA:324,4
DA:325,4
DA:327,4
DA:328,4
DA:329,8
DA:358,8
DA:359,4
DA:360,4
DA:361,4
DA:362,3
DA:363,8
LF:30
LH:28
end_of_record
TN:
SF:/Library/Developer/CommandLineTools/SDKs/MacOSX14.2.sdk/usr/include/c++/v1/__string/char_traits.h
FN:219,220,_ZNSt3__111char_traitsIcE6lengthEPKc
FN:255,256,_ZNSt3__111char_traitsIcE11eq_int_typeEii
FN:257,258,_ZNSt3__111char_traitsIcE3eofEv
FNDA:128,_ZNSt3__111char_traitsIcE6lengthEPKc
FNDA:167,_ZNSt3__111char_traitsIcE11eq_int_typeEii
FNDA:176,_ZNSt3__111char_traitsIcE3eofEv
FNF:3
FNH:3
DA:219,128
DA:220,128
DA:255,167
DA:256,167
DA:257,176
DA:258,176
LF:6
LH:6
end_of_record
TN:
SF:/Library/Developer/CommandLineTools/SDKs/MacOSX14.2.sdk/usr/include/c++/v1/__utility/exception_guard.h
FN:133,134,_ZNSt3__122__make_exception_guardB7v160006INS_29_AllocatorDestroyRangeReverseINS_9allocatorI6EntityEENS_16reverse_iteratorIPS3_EEEEEENS_28__exception_guard_exceptionsIT_EESA_
FN:133,134,_ZNSt3__122__make_exception_guardB7v160006INS_29_AllocatorDestroyRangeReverseINS_9allocatorIN2sf6VertexEEEPS4_EEEENS_28__exception_guard_exceptionsIT_EES9_
FN:133,134,_ZNSt3__122__make_exception_guardB7v160006INS_29_AllocatorDestroyRangeReverseINS_9allocatorINS_4pairIffEEEEPS4_EEEENS_28__exception_guard_exceptionsIT_EES9_
FN:133,134,_ZNSt3__122__make_exception_guardB7v160006INS_6vectorIN2sf6VertexENS_9allocatorIS3_EEE16__destroy_vectorEEENS_28__exception_guard_exceptionsIT_EES9_
FN:133,134,_ZNSt3__122__make_exception_guardB7v160006INS_6vectorINS_4pairIffEENS_9allocatorIS3_EEE16__destroy_vectorEEENS_28__exception_guard_exceptionsIT_EES9_
FN:133,134,_ZNSt3__122__make_exception_guardB7v160006INS_6vectorIfNS_9allocatorIfEEE16__destroy_vectorEEENS_28__exception_guard_exceptionsIT_EES7_
FN:66,67,_ZNSt3__128__exception_guard_exceptionsINS_29_AllocatorDestroyRangeReverseINS_9allocatorI6EntityEENS_16reverse_iteratorIPS3_EEEEEC1B7v160006ES8_
FN:66,67,_ZNSt3__128__exception_guard_exceptionsINS_29_AllocatorDestroyRangeReverseINS_9allocatorI6EntityEENS_16reverse_iteratorIPS3_EEEEEC2B7v160006ES8_
FN:66,67,_ZNSt3__128__exception_guard_exceptionsINS_29_AllocatorDestroyRangeReverseINS_9allocatorIN2sf6VertexEEEPS4_EEEC1B7v160006ES7_
FN:66,67,_ZNSt3__128__exception_guard_exceptionsINS_29_AllocatorDestroyRangeReverseINS_9allocatorIN2sf6VertexEEEPS4_EEEC2B7v160006ES7_
FN:66,67,_ZNSt3__128__exception_guard_exceptionsINS_29_AllocatorDestroyRangeReverseINS_9allocatorINS_4pairIffEEEEPS4_EEEC1B7v160006ES7_
FN:66,67,_ZNSt3__128__exception_guard_exceptionsINS_29_AllocatorDestroyRangeReverseINS_9allocatorINS_4pairIffEEEEPS4_EEEC2B7v160006ES7_
FN:66,67,_ZNSt3__128__exception_guard_exceptionsINS_6vectorIN2sf6VertexENS_9allocatorIS3_EEE16__destroy_vectorEEC1B7v160006ES7_
FN:66,67,_ZNSt3__128__exception_guard_exceptionsINS_6vectorIN2sf6VertexENS_9allocatorIS3_EEE16__destroy_vectorEEC2B7v160006ES7_
FN:66,67,_ZNSt3__128__exception_guard_exceptionsINS_6vectorINS_4pairIffEENS_9allocatorIS3_EEE16__destroy_vectorEEC1B7v160006ES7_
FN:66,67,_ZNSt3__128__exception_guard_exceptionsINS_6vectorINS_4pairIffEENS_9allocatorIS3_EEE16__destroy_vectorEEC2B7v160006ES7_
FN:66,67,_ZNSt3__128__exception_guard_exceptionsINS_6vectorIfNS_9allocatorIfEEE16__destroy_vectorEEC1B7v160006ES5_
FN:66,67,_ZNSt3__128__exception_guard_exceptionsINS_6vectorIfNS_9allocatorIfEEE16__destroy_vectorEEC2B7v160006ES5_
FN:80,80,_ZNSt3__128__exception_guard_exceptionsINS_29_AllocatorDestroyRangeReverseINS_9allocatorI6EntityEENS_16reverse_iteratorIPS3_EEEEE10__completeB7v160006Ev
FN:80,80,_ZNSt3__128__exception_guard_exceptionsINS_29_AllocatorDestroyRangeReverseINS_9allocatorIN2sf6VertexEEEPS4_EEE10__completeB7v160006Ev
FN:80,80,_ZNSt3__128__exception_guard_exceptionsINS_29_AllocatorDestroyRangeReverseINS_9allocatorINS_4pairIffEEEEPS4_EEE10__completeB7v160006Ev
FN:80,80,_ZNSt3__128__exception_guard_exceptionsINS_6vectorIN2sf6VertexENS_9allocatorIS3_EEE16__destroy_vectorEE10__completeB7v160006Ev
FN:80,80,_ZNSt3__128__exception_guard_exceptionsINS_6vectorINS_4pairIffEENS_9allocatorIS3_EEE16__destroy_vectorEE10__completeB7v160006Ev
FN:80,80,_ZNSt3__128__exception_guard_exceptionsINS_6vectorIfNS_9allocatorIfEEE16__destroy_vectorEE10__completeB7v160006Ev
FN:82,85,_ZNSt3__128__exception_guard_exceptionsINS_29_AllocatorDestroyRangeReverseINS_9allocatorI6EntityEENS_16reverse_iteratorIPS3_EEEEED1B7v160006Ev
FN:82,85,_ZNSt3__128__exception_guard_exceptionsINS_29_AllocatorDestroyRangeReverseINS_9allocatorI6EntityEENS_16reverse_iteratorIPS3_EEEEED2B7v160006Ev
FN:82,85,_ZNSt3__128__exception_guard_exceptionsINS_29_AllocatorDestroyRangeReverseINS_9allocatorIN2sf6VertexEEEPS4_EEED1B7v160006Ev
FN:82,85,_ZNSt3__128__exception_guard_exceptionsINS_29_AllocatorDestroyRangeReverseINS_9allocatorIN2sf6VertexEEEPS4_EEED2B7v160006Ev
FN:82,85,_ZNSt3__128__exception_guard_exceptionsINS_29_AllocatorDestroyRangeReverseINS_9allocatorINS_4pairIffEEEEPS4_EEED1B7v160006Ev
FN:82,85,_ZNSt3__128__exception_guard_exceptionsINS_29_AllocatorDestroyRangeReverseINS_9allocatorINS_4pairIffEEEEPS4_EEED2B7v160006Ev
FN:82,85,_ZNSt3__128__exception_guard_exceptionsINS_6vectorIN2sf6VertexENS_9allocatorIS3_EEE16__destroy_vectorEED1B7v160006Ev
FN:82,85,_ZNSt3__128__exception_guard_exceptionsINS_6vectorIN2sf6VertexENS_9allocatorIS3_EEE16__destroy_vectorEED2B7v160006Ev
FN:82,85,_ZNSt3__128__exception_guard_exceptionsINS_6vectorINS_4pairIffEENS_9allocatorIS3_EEE16__destroy_vectorEED1B7v160006Ev
FN:82,85,_ZNSt3__128__exception_guard_exceptionsINS_6vectorINS_4pairIffEENS_9allocatorIS3_EEE16__destroy_vectorEED2B7v160006Ev
FN:82,85,_ZNSt3__128__exception_guard_exceptionsINS_6vectorIfNS_9allocatorIfEEE16__destroy_vectorEED1B7v160006Ev
FN:82,85,_ZNSt3__128__exception_guard_exceptionsINS_6vectorIfNS_9allocatorIfEEE16__destroy_vectorEED2B7v160006Ev
FNDA:4,_ZNSt3__122__make_exception_guardB7v160006INS_29_AllocatorDestroyRangeReverseINS_9allocatorI6EntityEENS_16reverse_iteratorIPS3_EEEEEENS_28__exception_guard_exceptionsIT_EESA_
FNDA:7,_ZNSt3__122__make_exception_guardB7v160006INS_29_AllocatorDestroyRangeReverseINS_9allocatorIN2sf6VertexEEEPS4_EEEENS_28__exception_guard_exceptionsIT_EES9_
FNDA:1,_ZNSt3__122__make_exception_guardB7v160006INS_29_AllocatorDestroyRangeReverseINS_9allocatorINS_4pairIffEEEEPS4_EEEENS_28__exception_guard_exceptionsIT_EES9_
FNDA:14,_ZNSt3__122__make_exception_guardB7v160006INS_6vectorIN2sf6VertexENS_9allocatorIS3_EEE16__destroy_vectorEEENS_28__exception_guard_exceptionsIT_EES9_
FNDA:1,_ZNSt3__122__make_exception_guardB7v160006INS_6vectorINS_4pairIffEENS_9allocatorIS3_EEE16__destroy_vectorEEENS_28__exception_guard_exceptionsIT_EES9_
FNDA:1,_ZNSt3__122__make_exception_guardB7v160006INS_6vectorIfNS_9allocatorIfEEE16__destroy_vectorEEENS_28__exception_guard_exceptionsIT_EES7_
FNDA:4,_ZNSt3__128__exception_guard_exceptionsINS_29_AllocatorDestroyRangeReverseINS_9allocatorI6EntityEENS_16reverse_iteratorIPS3_EEEEEC1B7v160006ES8_
FNDA:4,_ZNSt3__128__exception_guard_exceptionsINS_29_AllocatorDestroyRangeReverseINS_9allocatorI6EntityEENS_16reverse_iteratorIPS3_EEEEEC2B7v160006ES8_
FNDA:7,_ZNSt3__128__exception_guard_exceptionsINS_29_AllocatorDestroyRangeReverseINS_9allocatorIN2sf6VertexEEEPS4_EEEC1B7v160006ES7_
FNDA:7,_ZNSt3__128__exception_guard_exceptionsINS_29_AllocatorDestroyRangeReverseINS_9allocatorIN2sf6VertexEEEPS4_EEEC2B7v160006ES7_
FNDA:1,_ZNSt3__128__exception_guard_exceptionsINS_29_AllocatorDestroyRangeReverseINS_9allocatorINS_4pairIffEEEEPS4_EEEC1B7v160006ES7_
FNDA:1,_ZNSt3__128__exception_guard_exceptionsINS_29_AllocatorDestroyRangeReverseINS_9allocatorINS_4pairIffEEEEPS4_EEEC2B7v160006ES7_
FNDA:14,_ZNSt3__128__exception_guard_exceptionsINS_6vectorIN2sf6VertexENS_9allocatorIS3_EEE16__destroy_vectorEEC1B7v160006ES7_
FNDA:14,_ZNSt3__128__exception_guard_exceptionsINS_6vectorIN2sf6VertexENS_9allocatorIS3_EEE16__destroy_vectorEEC2B7v160006ES7_
FNDA:1,_ZNSt3__128__exception_guard_exceptionsINS_6vectorINS_4pairIffEENS_9allocatorIS3_EEE16__destroy_vectorEEC1B7v160006ES7_
FNDA:1,_ZNSt3__128__exception_guard_exceptionsINS_6vectorINS_4pairIffEENS_9allocatorIS3_EEE16__destroy_vectorEEC2B7v160006ES7_
FNDA:1,_ZNSt3__128__exception_guard_exceptionsINS_6vectorIfNS_9allocatorIfEEE16__destroy_vectorEEC1B7v160006ES5_
FNDA:1,_ZNSt3__128__exception_guard_exceptionsINS_6vectorIfNS_9allocatorIfEEE16__destroy_vectorEEC2B7v160006ES5_
FNDA:4,_ZNSt3__128__exception_guard_exceptionsINS_29_AllocatorDestroyRangeReverseINS_9allocatorI6EntityEENS_16reverse_iteratorIPS3_EEEEE10__completeB7v160006Ev
FNDA:7,_ZNSt3__128__exception_guard_exceptionsINS_29_AllocatorDestroyRangeReverseINS_9allocatorIN2sf6VertexEEEPS4_EEE10__completeB7v160006Ev
FNDA:1,_ZNSt3__128__exception_guard_exceptionsINS_29_AllocatorDestroyRangeReverseINS_9allocatorINS_4pairIffEEEEPS4_EEE10__completeB7v160006Ev
FNDA:14,_ZNSt3__128__exception_guard_exceptionsINS_6vectorIN2sf6VertexENS_9allocatorIS3_EEE16__destroy_vectorEE10__completeB7v160006Ev
FNDA:1,_ZNSt3__128__exception_guard_exceptionsINS_6vectorINS_4pairIffEENS_9allocatorIS3_EEE16__destroy_vectorEE10__completeB7v160006Ev
FNDA:1,_ZNSt3__128__exception_guard_exceptionsINS_6vectorIfNS_9allocatorIfEEE16__destroy_vectorEE10__completeB7v160006Ev
FNDA:4,_ZNSt3__128__exception_guard_exceptionsINS_29_AllocatorDestroyRangeReverseINS_9allocatorI6EntityEENS_16reverse_iteratorIPS3_EEEEED1B7v160006Ev
FNDA:4,_ZNSt3__128__exception_guard_exceptionsINS_29_AllocatorDestroyRangeReverseINS_9allocatorI6EntityEENS_16reverse_iteratorIPS3_EEEEED2B7v160006Ev
FNDA:7,_ZNSt3__128__exception_guard_exceptionsINS_29_AllocatorDestroyRangeReverseINS_9allocatorIN2sf6VertexEEEPS4_EEED1B7v160006Ev
FNDA:7,_ZNSt3__128__exception_guard_exceptionsINS_29_AllocatorDestroyRangeReverseINS_9allocatorIN2sf6VertexEEEPS4_EEED2B7v160006Ev
FNDA:1,_ZNSt3__128__exception_guard_exceptionsINS_29_AllocatorDestroyRangeReverseINS_9allocatorINS_4pairIffEEEEPS4_EEED1B7v160006Ev
FNDA:1,_ZNSt3__128__exception_guard_exceptionsINS_29_AllocatorDestroyRangeReverseINS_9allocatorINS_4pairIffEEEEPS4_EEED2B7v160006Ev
FNDA:14,_ZNSt3__128__exception_guard_exceptionsINS_6vectorIN2sf6VertexENS_9allocatorIS3_EEE16__destroy_vectorEED1B7v160006Ev
FNDA:14,_ZNSt3__128__exception_guard_exceptionsINS_6vectorIN2sf6VertexENS_9allocatorIS3_EEE16__destroy_vectorEED2B7v160006Ev
FNDA:1,_ZNSt3__128__exception_guard_exceptionsINS_6vectorINS_4pairIffEENS_9allocatorIS3_EEE16__destroy_vectorEED1B7v160006Ev
FNDA:1,_ZNSt3__128__exception_guard_exceptionsINS_6vectorINS_4pairIffEENS_9allocatorIS3_EEE16__destroy_vectorEED2B7v160006Ev
FNDA:1,_ZNSt3__128__exception_guard_exceptionsINS_6vectorIfNS_9allocatorIfEEE16__destroy_vectorEED1B7v160006Ev
FNDA:1,_ZNSt3__128__exception_guard_exceptionsINS_6vectorIfNS_9allocatorIfEEE16__destroy_vectorEED2B7v160006Ev
FNF:36
FNH:36
DA:66,56
DA:67,56
DA:80,28
DA:82,56
DA:83,28
DA:84,0
DA:85,56
DA:133,28
DA:134,28
LF:9
LH:8
end_of_record
TN:
SF:/Library/Developer/CommandLineTools/SDKs/MacOSX14.2.sdk/usr/include/c++/v1/__utility/pair.h
FN:219,222,_ZNSt3__14pairIPKfPfEC1B7v160006IRS2_S3_LPv0EEEOT_OT0_
FN:219,222,_ZNSt3__14pairIPKfPfEC1B7v160006IS2_S3_LPv0EEEOT_OT0_
FN:219,222,_ZNSt3__14pairIPKfPfEC2B7v160006IRS2_S3_LPv0EEEOT_OT0_
FN:219,222,_ZNSt3__14pairIPKfPfEC2B7v160006IS2_S3_LPv0EEEOT_OT0_
FN:219,222,_ZNSt3__14pairIPKfS2_EC1B7v160006IS2_S2_LPv0EEEOT_OT0_
FN:219,222,_ZNSt3__14pairIPKfS2_EC2B7v160006IS2_S2_LPv0EEEOT_OT0_
FN:219,222,_ZNSt3__14pairIffEC1B7v160006IffLPv0EEEOT_OT0_
FN:219,222,_ZNSt3__14pairIffEC2B7v160006IffLPv0EEEOT_OT0_
FN:219,222,_ZNSt3__14pairIllEC2B7v160006IiiLPv0EEEOT_OT0_
FN:542,545,_ZNSt3__19make_pairB7v160006IPKfPfEENS_4pairINS_18__unwrap_ref_decayIT_E4typeENS5_IT0_E4typeEEEOS6_OS9_
FN:542,545,_ZNSt3__19make_pairB7v160006IPKfS2_EENS_4pairINS_18__unwrap_ref_decayIT_E4typeENS4_IT0_E4typeEEEOS5_OS8_
FN:542,545,_ZNSt3__19make_pairB7v160006IRPKfPfEENS_4pairINS_18__unwrap_ref_decayIT_E4typeENS6_IT0_E4typeEEEOS7_OSA_
FNDA:1,_ZNSt3__14pairIPKfPfEC1B7v160006IRS2_S3_LPv0EEEOT_OT0_
FNDA:1,_ZNSt3__14pairIPKfPfEC1B7v160006IS2_S3_LPv0EEEOT_OT0_
FNDA:1,_ZNSt3__14pairIPKfPfEC2B7v160006IRS2_S3_LPv0EEEOT_OT0_
FNDA:1,_ZNSt3__14pairIPKfPfEC2B7v160006IS2_S3_LPv0EEEOT_OT0_
FNDA:1,_ZNSt3__14pairIPKfS2_EC1B7v160006IS2_S2_LPv0EEEOT_OT0_
FNDA:1,_ZNSt3__14pairIPKfS2_EC2B7v160006IS2_S2_LPv0EEEOT_OT0_
FNDA:3,_ZNSt3__14pairIffEC1B7v160006IffLPv0EEEOT_OT0_
FNDA:3,_ZNSt3__14pairIffEC2B7v160006IffLPv0EEEOT_OT0_
FNDA:8,_ZNSt3__14pairIllEC2B7v160006IiiLPv0EEEOT_OT0_
FNDA:1,_ZNSt3__19make_pairB7v160006IPKfPfEENS_4pairINS_18__unwrap_ref_decayIT_E4typeENS5_IT0_E4typeEEEOS6_OS9_
FNDA:1,_ZNSt3__19make_pairB7v160006IPKfS2_EENS_4pairINS_18__unwrap_ref_decayIT_E4typeENS4_IT0_E4typeEEEOS5_OS8_
FNDA:1,_ZNSt3__19make_pairB7v160006IRPKfPfEENS_4pairINS_18__unwrap_ref_decayIT_E4typeENS6_IT0_E4typeEEEOS7_OSA_
FNF:12
FNH:12
DA:219,20
DA:222,20
DA:542,3
DA:544,3
DA:545,3
LF:5
LH:5
end_of_record
TN:
SF:/Library/Developer/CommandLineTools/SDKs/MacOSX14.2.sdk/usr/include/c++/v1/__utility/swap.h
FN:37,42,_ZNSt3__14swapB7v160006IP6EntityEENS_9enable_ifIXaasr21is_move_constructibleIT_EE5valuesr18is_move_assignableIS4_EE5valueEvE4typeERS4_S7_
FNDA:12,_ZNSt3__14swapB7v160006IP6EntityEENS_9enable_ifIXaasr21is_move_constructibleIT_EE5valuesr18is_move_assignableIS4_EE5valueEvE4typeERS4_S7_
FNF:1
FNH:1
DA:37,12
DA:39,12
DA:40,12
DA:41,12
DA:42,12
LF:5
LH:5
end_of_record
TN:
SF:/Library/Developer/CommandLineTools/SDKs/MacOSX14.2.sdk/usr/include/c++/v1/array
FN:217,_ZNSt3__15arrayIdLm4EEixB7v160006Em
FN:222,_ZNKSt3__15arrayIdLm4EEixB7v160006Em
FNDA:4649,_ZNSt3__15arrayIdLm4EEixB7v160006Em
FNDA:7744,_ZNKSt3__15arrayIdLm4EEixB7v160006Em
FNF:2
FNH:2
DA:217,4649
DA:218,4649
DA:219,4649
DA:222,7744
DA:223,7744
DA:224,7744
LF:6
LH:6
end_of_record
TN:
SF:/Library/Developer/CommandLineTools/SDKs/MacOSX14.2.sdk/usr/include/c++/v1/cstring
FN:103,_ZNSt3__118__constexpr_strlenB7v160006EPKc
FNDA:128,_ZNSt3__118__constexpr_strlenB7v160006EPKc
FNF:1
FNH:1
DA:103,128
DA:114,128
LF:2
LH:2
end_of_record
TN:
SF:/Library/Developer/CommandLineTools/SDKs/MacOSX14.2.sdk/usr/include/c++/v1/initializer_list
FN:85,_ZNKSt16initializer_listINSt3__14pairIffEEE4sizeB7v160006Ev
FN:85,_ZNKSt16initializer_listIfE4sizeB7v160006Ev
FN:89,_ZNKSt16initializer_listINSt3__14pairIffEEE5beginB7v160006Ev
FN:89,_ZNKSt16initializer_listIfE5beginB7v160006Ev
FN:93,_ZNKSt16initializer_listINSt3__14pairIffEEE3endB7v160006Ev
FN:93,_ZNKSt16initializer_listIfE3endB7v160006Ev
FNDA:3,_ZNKSt16initializer_listINSt3__14pairIffEEE4sizeB7v160006Ev
FNDA:3,_ZNKSt16initializer_listIfE4sizeB7v160006Ev
FNDA:1,_ZNKSt16initializer_listINSt3__14pairIffEEE5beginB7v160006Ev
FNDA:1,_ZNKSt16initializer_listIfE5beginB7v160006Ev
FNDA:1,_ZNKSt16initializer_listINSt3__14pairIffEEE3endB7v160006Ev
FNDA:1,_ZNKSt16initializer_listIfE3endB7v160006Ev
FNF:6
FNH:6
DA:85,6
DA:89,2
DA:93,2
LF:3
LH:3
end_of_record
TN:
SF:/Library/Developer/CommandLineTools/SDKs/MacOSX14.2.sdk/usr/include/c++/v1/ios
FN:359,_ZNKSt3__18ios_base5rdbufB7v160006Ev
FN:470,_ZNKSt3__18ios_base5flagsB7v160006Ev
FN:532,_ZNKSt3__18ios_base5widthB7v160006Ev
FN:539,_ZNSt3__18ios_base5widthB7v160006El
FN:557,_ZNSt3__18ios_base8setstateB7v160006Ej
FN:634,_ZNSt3__19basic_iosIcNS_11char_traitsIcEEE8setstateB7v160006Ej
FN:737,_ZNKSt3__19basic_iosIcNS_11char_traitsIcEEE5rdbufB7v160006Ev
FN:775,_ZNKSt3__19basic_iosIcNS_11char_traitsIcEEE5widenB7v160006Ec
FN:783,_ZNKSt3__19basic_iosIcNS_11char_traitsIcEEE4fillB7v160006Ev
FNDA:169,_ZNKSt3__18ios_base5rdbufB7v160006Ev
FNDA:167,_ZNKSt3__18ios_base5flagsB7v160006Ev
FNDA:167,_ZNKSt3__18ios_base5widthB7v160006Ev
FNDA:167,_ZNSt3__18ios_base5widthB7v160006El
FNDA:0,_ZNSt3__18ios_base8setstateB7v160006Ej
FNDA:0,_ZNSt3__19basic_iosIcNS_11char_traitsIcEEE8setstateB7v160006Ej
FNDA:169,_ZNKSt3__19basic_iosIcNS_11char_traitsIcEEE5rdbufB7v160006Ev
FNDA:11,_ZNKSt3__19basic_iosIcNS_11char_traitsIcEEE5widenB7v160006Ec
FNDA:167,_ZNKSt3__19basic_iosIcNS_11char_traitsIcEEE4fillB7v160006Ev
FNF:9
FNH:7
DA:359,169
DA:470,167
DA:472,167
DA:532,167
DA:534,167
DA:539,167
DA:541,167
DA:542,167
DA:543,167
DA:557,0
DA:559,0
DA:560,0
DA:634,0
DA:737,169
DA:739,169
DA:775,11
DA:777,11
DA:778,0
DA:783,167
DA:785,167
DA:786,5
DA:787,167
LF:22
LH:17
end_of_record
TN:
SF:/Library/Developer/CommandLineTools/SDKs/MacOSX14.2.sdk/usr/include/c++/v1/limits
FN:209,_ZNSt3__123__libcpp_numeric_limitsIlLb1EE3minB7v160006Ev
FN:210,_ZNSt3__123__libcpp_numeric_limitsIlLb1EE3maxB7v160006Ev
FN:458,_ZNSt3__114numeric_limitsIlE3minB7v160006Ev
FN:459,_ZNSt3__114numeric_limitsIlE3maxB7v160006Ev
FNDA:8,_ZNSt3__123__libcpp_numeric_limitsIlLb1EE3minB7v160006Ev
FNDA:244,_ZNSt3__123__libcpp_numeric_limitsIlLb1EE3maxB7v160006Ev
FNDA:8,_ZNSt3__114numeric_limitsIlE3minB7v160006Ev
FNDA:244,_ZNSt3__114numeric_limitsIlE3maxB7v160006Ev
FNF:4
FNH:4
DA:209,8
DA:210,244
DA:458,8
DA:459,244
LF:4
LH:4
end_of_record
TN:
SF:/Library/Developer/CommandLineTools/SDKs/MacOSX14.2.sdk/usr/include/c++/v1/locale
FN:1415,_ZNSt3__116__pad_and_outputB7v160006IcNS_11char_traitsIcEEEENS_19ostreambuf_iteratorIT_T0_EES6_PKS4_S8_S8_RNS_8ios_baseES4_
FNDA:167,_ZNSt3__116__pad_and_outputB7v160006IcNS_11char_traitsIcEEEENS_19ostreambuf_iteratorIT_T0_EES6_PKS4_S8_S8_RNS_8ios_baseES4_
FNF:1
FNH:1
DA:1415,167
DA:1419,167
DA:1420,0
DA:1421,167
DA:1422,167
DA:1423,167
DA:1424,0
DA:1426,167
DA:1427,167
DA:1428,167
DA:1430,0
DA:1432,0
DA:1433,0
DA:1435,0
DA:1436,167
DA:1438,0
DA:1439,0
DA:1441,0
DA:1442,0
DA:1444,0
DA:1445,167
DA:1446,167
DA:1448,165
DA:1450,0
DA:1451,0
DA:1453,165
DA:1454,167
DA:1455,167
DA:1456,167
LF:29
LH:16
end_of_record
TN:
SF:/Library/Developer/CommandLineTools/SDKs/MacOSX14.2.sdk/usr/include/c++/v1/math.h
FN:659,659,_Z3cosB7v160006f
FN:893,893,_Z3sinB7v160006f
FN:929,929,_Z4sqrtB7v160006f
FNDA:8,_Z3cosB7v160006f
FNDA:8,_Z3sinB7v160006f
FNDA:2,_Z4sqrtB7v160006f
FNF:3
FNH:3
DA:659,8
DA:893,8
DA:929,2
LF:3
LH:3
end_of_record
TN:
SF:/Library/Developer/CommandLineTools/SDKs/MacOSX14.2.sdk/usr/include/c++/v1/new
FN:174,_ZSt28__throw_bad_array_new_lengthB7v160006v
FN:273,_ZNSt3__124__is_overaligned_for_newB7v160006Em
FN:283,_ZNSt3__121__libcpp_operator_newB7v160006IJmEEEPvDpT_
FN:283,_ZNSt3__121__libcpp_operator_newB7v160006IJmSt11align_val_tEEEPvDpT_
FN:293,_ZNSt3__124__libcpp_operator_deleteB7v160006IJPvEEEvDpT_
FN:293,_ZNSt3__124__libcpp_operator_deleteB7v160006IJPvSt11align_val_tEEEvDpT_
FN:302,_ZNSt3__117__libcpp_allocateB7v160006Emm
FN:316,_ZNSt3__127__do_deallocate_handle_sizeB7v160006IJEEEvPvmDpT_
FN:316,_ZNSt3__127__do_deallocate_handle_sizeB7v160006IJSt11align_val_tEEEvPvmDpT_
FN:326,_ZNSt3__119__libcpp_deallocateB7v160006EPvmm
FNDA:0,_ZSt28__throw_bad_array_new_lengthB7v160006v
FNDA:727,_ZNSt3__124__is_overaligned_for_newB7v160006Em
FNDA:366,_ZNSt3__121__libcpp_operator_newB7v160006IJmEEEPvDpT_
FNDA:0,_ZNSt3__121__libcpp_operator_newB7v160006IJmSt11align_val_tEEEPvDpT_
FNDA:361,_ZNSt3__124__libcpp_operator_deleteB7v160006IJPvEEEvDpT_
FNDA:0,_ZNSt3__124__libcpp_operator_deleteB7v160006IJPvSt11align_val_tEEEvDpT_
FNDA:366,_ZNSt3__117__libcpp_allocateB7v160006Emm
FNDA:361,_ZNSt3__127__do_deallocate_handle_sizeB7v160006IJEEEvPvmDpT_
FNDA:0,_ZNSt3__127__do_deallocate_handle_sizeB7v160006IJSt11align_val_tEEEvPvmDpT_
FNDA:361,_ZNSt3__119__libcpp_deallocateB7v160006EPvmm
FNF:10
FNH:6
DA:174,0
DA:177,0
DA:273,727
DA:275,727
DA:283,366
[...]
FN:127,132,_ZNK5boost7numeric6odeint6detail20generic_rk_algorithmILm4EdNS1_13array_algebraENS1_18default_operationsEE12stage_vector12do_insertionclIN4mpl_10integral_cImLm1EEEEEvT_
FN:127,132,_ZNK5boost7numeric6odeint6detail20generic_rk_algorithmILm4EdNS1_13array_algebraENS1_18default_operationsEE12stage_vector12do_insertionclIN4mpl_10integral_cImLm2EEEEEvT_
FN:154,160,_ZN5boost7numeric6odeint6detail20generic_rk_algorithmILm4EdNS1_13array_algebraENS1_18default_operationsEE12stage_vectorC1ERKNS_6fusion6vectorIJKNS_5arrayIdLm1EEEKNSA_IdLm2EEEKNSA_IdLm3EEEEEERKNSA_IdLm4EEESM_
FN:154,160,_ZN5boost7numeric6odeint6detail20generic_rk_algorithmILm4EdNS1_13array_algebraENS1_18default_operationsEE12stage_vectorC2ERKNS_6fusion6vectorIJKNS_5arrayIdLm1EEEKNSA_IdLm2EEEKNSA_IdLm3EEEEEERKNSA_IdLm4EEESM_
FN:185,188,_ZN5boost7numeric6odeint6detail20generic_rk_algorithmILm4EdNS1_13array_algebraENS1_18default_operationsEE15calculate_stageIPFvRKNSt3__15arrayIdLm4EEERSA_dESA_SA_SA_NS1_13state_wrapperISA_vEESA_dEC1ERS4_RSF_SC_SC_SD_SD_PSH_dd
FN:185,188,_ZN5boost7numeric6odeint6detail20generic_rk_algorithmILm4EdNS1_13array_algebraENS1_18default_operationsEE15calculate_stageIPFvRKNSt3__15arrayIdLm4EEERSA_dESA_SA_SA_NS1_13state_wrapperISA_vEESA_dEC2ERS4_RSF_SC_SC_SD_SD_PSH_dd
FN:192,217,_ZNK5boost7numeric6odeint6detail20generic_rk_algorithmILm4EdNS1_13array_algebraENS1_18default_operationsEE15calculate_stageIPFvRKNSt3__15arrayIdLm4EEERSA_dESA_SA_SA_NS1_13state_wrapperISA_vEESA_dEclIdLm1EEEvRKNS2_5stageIT_XT0_EEE
FN:192,217,_ZNK5boost7numeric6odeint6detail20generic_rk_algorithmILm4EdNS1_13array_algebraENS1_18default_operationsEE15calculate_stageIPFvRKNSt3__15arrayIdLm4EEERSA_dESA_SA_SA_NS1_13state_wrapperISA_vEESA_dEclIdLm2EEEvRKNS2_5stageIT_XT0_EEE
FN:192,217,_ZNK5boost7numeric6odeint6detail20generic_rk_algorithmILm4EdNS1_13array_algebraENS1_18default_operationsEE15calculate_stageIPFvRKNSt3__15arrayIdLm4EEERSA_dESA_SA_SA_NS1_13state_wrapperISA_vEESA_dEclIdLm3EEEvRKNS2_5stageIT_XT0_EEE
FN:192,217,_ZNK5boost7numeric6odeint6detail20generic_rk_algorithmILm4EdNS1_13array_algebraENS1_18default_operationsEE15calculate_stageIPFvRKNSt3__15arrayIdLm4EEERSA_dESA_SA_SA_NS1_13state_wrapperISA_vEESA_dEclIdLm4EEEvRKNS2_5stageIT_XT0_EEE
FN:221,223,_ZN5boost7numeric6odeint6detail20generic_rk_algorithmILm4EdNS1_13array_algebraENS1_18default_operationsEEC1ERKNS_6fusion6vectorIJKNS_5arrayIdLm1EEEKNS9_IdLm2EEEKNS9_IdLm3EEEEEERKNS9_IdLm4EEESL_
FN:221,223,_ZN5boost7numeric6odeint6detail20generic_rk_algorithmILm4EdNS1_13array_algebraENS1_18default_operationsEEC2ERKNS_6fusion6vectorIJKNS_5arrayIdLm1EEEKNS9_IdLm2EEEKNS9_IdLm3EEEEEERKNS9_IdLm4EEESL_
FN:226,235,_ZNK5boost7numeric6odeint6detail20generic_rk_algorithmILm4EdNS1_13array_algebraENS1_18default_operationsEE7do_stepIPFvRKNSt3__15arrayIdLm4EEERSA_dESA_SA_dSA_SA_NS1_13state_wrapperISA_vEEEEvRS4_T_RKT0_RKT1_T2_RT3_SQ_RT4_PT5_
FNDA:2,_ZN5boost7numeric6odeint6detail20generic_rk_algorithmILm4EdNS1_13array_algebraENS1_18default_operationsEE12stage_vector12do_insertionC1ERNS_6fusion6vectorIJNS2_5stageIdLm1EEENSB_IdLm2EEENSB_IdLm3EEENSB_IdLm4EEEEEERKNSA_IJKNS_5arrayIdLm1EEEKNSI_IdLm2EEEKNSI_IdLm3EEEEEERKNSI_IdLm4EEE
FNDA:2,_ZN5boost7numeric6odeint6detail20generic_rk_algorithmILm4EdNS1_13array_algebraENS1_18default_operationsEE12stage_vector12do_insertionC2ERNS_6fusion6vectorIJNS2_5stageIdLm1EEENSB_IdLm2EEENSB_IdLm3EEENSB_IdLm4EEEEEERKNSA_IJKNS_5arrayIdLm1EEEKNSI_IdLm2EEEKNSI_IdLm3EEEEEERKNSI_IdLm4EEE
FNDA:2,_ZNK5boost7numeric6odeint6detail20generic_rk_algorithmILm4EdNS1_13array_algebraENS1_18default_operationsEE12stage_vector12do_insertionclIN4mpl_10integral_cImLm0EEEEEvT_
FNDA:2,_ZNK5boost7numeric6odeint6detail20generic_rk_algorithmILm4EdNS1_13array_algebraENS1_18default_operationsEE12stage_vector12do_insertionclIN4mpl_10integral_cImLm1EEEEEvT_
FNDA:2,_ZNK5boost7numeric6odeint6detail20generic_rk_algorithmILm4EdNS1_13array_algebraENS1_18default_operationsEE12stage_vector12do_insertionclIN4mpl_10integral_cImLm2EEEEEvT_
FNDA:2,_ZN5boost7numeric6odeint6detail20generic_rk_algorithmILm4EdNS1_13array_algebraENS1_18default_operationsEE12stage_vectorC1ERKNS_6fusion6vectorIJKNS_5arrayIdLm1EEEKNSA_IdLm2EEEKNSA_IdLm3EEEEEERKNSA_IdLm4EEESM_
FNDA:2,_ZN5boost7numeric6odeint6detail20generic_rk_algorithmILm4EdNS1_13array_algebraENS1_18default_operationsEE12stage_vectorC2ERKNS_6fusion6vectorIJKNS_5arrayIdLm1EEEKNSA_IdLm2EEEKNSA_IdLm3EEEEEERKNSA_IdLm4EEESM_
FNDA:121,_ZN5boost7numeric6odeint6detail20generic_rk_algorithmILm4EdNS1_13array_algebraENS1_18default_operationsEE15calculate_stageIPFvRKNSt3__15arrayIdLm4EEERSA_dESA_SA_SA_NS1_13state_wrapperISA_vEESA_dEC1ERS4_RSF_SC_SC_SD_SD_PSH_dd
FNDA:121,_ZN5boost7numeric6odeint6detail20generic_rk_algorithmILm4EdNS1_13array_algebraENS1_18default_operationsEE15calculate_stageIPFvRKNSt3__15arrayIdLm4EEERSA_dESA_SA_SA_NS1_13state_wrapperISA_vEESA_dEC2ERS4_RSF_SC_SC_SD_SD_PSH_dd
FNDA:121,_ZNK5boost7numeric6odeint6detail20generic_rk_algorithmILm4EdNS1_13array_algebraENS1_18default_operationsEE15calculate_stageIPFvRKNSt3__15arrayIdLm4EEERSA_dESA_SA_SA_NS1_13state_wrapperISA_vEESA_dEclIdLm1EEEvRKNS2_5stageIT_XT0_EEE
FNDA:121,_ZNK5boost7numeric6odeint6detail20generic_rk_algorithmILm4EdNS1_13array_algebraENS1_18default_operationsEE15calculate_stageIPFvRKNSt3__15arrayIdLm4EEERSA_dESA_SA_SA_NS1_13state_wrapperISA_vEESA_dEclIdLm2EEEvRKNS2_5stageIT_XT0_EEE
FNDA:121,_ZNK5boost7numeric6odeint6detail20generic_rk_algorithmILm4EdNS1_13array_algebraENS1_18default_operationsEE15calculate_stageIPFvRKNSt3__15arrayIdLm4EEERSA_dESA_SA_SA_NS1_13state_wrapperISA_vEESA_dEclIdLm3EEEvRKNS2_5stageIT_XT0_EEE
FNDA:121,_ZNK5boost7numeric6odeint6detail20generic_rk_algorithmILm4EdNS1_13array_algebraENS1_18default_operationsEE15calculate_stageIPFvRKNSt3__15arrayIdLm4EEERSA_dESA_SA_SA_NS1_13state_wrapperISA_vEESA_dEclIdLm4EEEvRKNS2_5stageIT_XT0_EEE
FNDA:2,_ZN5boost7numeric6odeint6detail20generic_rk_algorithmILm4EdNS1_13array_algebraENS1_18default_operationsEEC1ERKNS_6fusion6vectorIJKNS_5arrayIdLm1EEEKNS9_IdLm2EEEKNS9_IdLm3EEEEEERKNS9_IdLm4EEESL_
FNDA:2,_ZN5boost7numeric6odeint6detail20generic_rk_algorithmILm4EdNS1_13array_algebraENS1_18default_operationsEEC2ERKNS_6fusion6vectorIJKNS_5arrayIdLm1EEEKNS9_IdLm2EEEKNS9_IdLm3EEEEEERKNS9_IdLm4EEESL_
FNDA:121,_ZNK5boost7numeric6odeint6detail20generic_rk_algorithmILm4EdNS1_13array_algebraENS1_18default_operationsEE7do_stepIPFvRKNSt3__15arrayIdLm4EEERSA_dESA_SA_dSA_SA_NS1_13state_wrapperISA_vEEEEvRS4_T_RKT0_RKT1_T2_RT3_SQ_RT4_PT5_
FNF:16
FNH:16
DA:123,4
DA:124,4
DA:127,6
DA:130,6
DA:131,6
DA:132,6
DA:154,4
DA:155,2
DA:157,2
DA:158,2
DA:159,2
DA:160,4
DA:185,242
DA:187,121
DA:188,242
DA:192,484
DA:200,363
DA:208,726
DA:209,363
DA:213,242
DA:214,121
DA:217,484
DA:221,4
DA:222,2
DA:223,4
DA:226,121
DA:231,121
DA:232,242
DA:234,121
DA:235,121
LF:30
LH:30
end_of_record
TN:
SF:/opt/homebrew/include/boost/numeric/odeint/stepper/detail/generic_rk_call_algebra.hpp
FN:36,39,_ZNK5boost7numeric6odeint6detail23generic_rk_call_algebraILm1ENS1_13array_algebraEEclINSt3__15arrayIdLm4EEEKS9_SA_NS1_13state_wrapperIS9_vEENS2_20generic_rk_scale_sumILm1ENS1_18default_operationsEddEEEEvRS4_RT_RT0_RT1_PT2_T3_
FN:52,55,_ZNK5boost7numeric6odeint6detail23generic_rk_call_algebraILm2ENS1_13array_algebraEEclINSt3__15arrayIdLm4EEEKS9_SA_NS1_13state_wrapperIS9_vEENS2_20generic_rk_scale_sumILm2ENS1_18default_operationsEddEEEEvRS4_RT_RT0_RT1_PT2_T3_
FN:69,72,_ZNK5boost7numeric6odeint6detail23generic_rk_call_algebraILm3ENS1_13array_algebraEEclINSt3__15arrayIdLm4EEEKS9_SA_NS1_13state_wrapperIS9_vEENS2_20generic_rk_scale_sumILm3ENS1_18default_operationsEddEEEEvRS4_RT_RT0_RT1_PT2_T3_
FN:86,89,_ZNK5boost7numeric6odeint6detail23generic_rk_call_algebraILm4ENS1_13array_algebraEEclINSt3__15arrayIdLm4EEEKS9_SA_NS1_13state_wrapperIS9_vEENS2_20generic_rk_scale_sumILm4ENS1_18default_operationsEddEEEEvRS4_RT_RT0_RT1_PT2_T3_
FNDA:121,_ZNK5boost7numeric6odeint6detail23generic_rk_call_algebraILm1ENS1_13array_algebraEEclINSt3__15arrayIdLm4EEEKS9_SA_NS1_13state_wrapperIS9_vEENS2_20generic_rk_scale_sumILm1ENS1_18default_operationsEddEEEEvRS4_RT_RT0_RT1_PT2_T3_
FNDA:121,_ZNK5boost7numeric6odeint6detail23generic_rk_call_algebraILm2ENS1_13array_algebraEEclINSt3__15arrayIdLm4EEEKS9_SA_NS1_13state_wrapperIS9_vEENS2_20generic_rk_scale_sumILm2ENS1_18default_operationsEddEEEEvRS4_RT_RT0_RT1_PT2_T3_
FNDA:121,_ZNK5boost7numeric6odeint6detail23generic_rk_call_algebraILm3ENS1_13array_algebraEEclINSt3__15arrayIdLm4EEEKS9_SA_NS1_13state_wrapperIS9_vEENS2_20generic_rk_scale_sumILm3ENS1_18default_operationsEddEEEEvRS4_RT_RT0_RT1_PT2_T3_
FNDA:121,_ZNK5boost7numeric6odeint6detail23generic_rk_call_algebraILm4ENS1_13array_algebraEEclINSt3__15arrayIdLm4EEEKS9_SA_NS1_13state_wrapperIS9_vEENS2_20generic_rk_scale_sumILm4ENS1_18default_operationsEddEEEEvRS4_RT_RT0_RT1_PT2_T3_
FNF:4
FNH:4
DA:36,121
DA:38,121
DA:39,121
DA:52,121
DA:54,121
DA:55,121
DA:69,121
DA:71,121
DA:72,121
DA:86,121
DA:88,121
DA:89,121
LF:12
LH:12
end_of_record
TN:
SF:/opt/homebrew/include/boost/numeric/odeint/stepper/detail/generic_rk_operations.hpp
FN:33,34,_ZN5boost7numeric6odeint6detail20generic_rk_scale_sumILm1ENS1_18default_operationsEddEC1ERKNS_5arrayIdLm1EEEd
FN:33,34,_ZN5boost7numeric6odeint6detail20generic_rk_scale_sumILm1ENS1_18default_operationsEddEC2ERKNS_5arrayIdLm1EEEd
FN:43,45,_ZN5boost7numeric6odeint6detail20generic_rk_scale_sumILm2ENS1_18default_operationsEddEC1ERKNS_5arrayIdLm2EEEd
FN:43,45,_ZN5boost7numeric6odeint6detail20generic_rk_scale_sumILm2ENS1_18default_operationsEddEC2ERKNS_5arrayIdLm2EEEd
FN:53,55,_ZN5boost7numeric6odeint6detail20generic_rk_scale_sumILm3ENS1_18default_operationsEddEC1ERKNS_5arrayIdLm3EEEd
FN:53,55,_ZN5boost7numeric6odeint6detail20generic_rk_scale_sumILm3ENS1_18default_operationsEddEC2ERKNS_5arrayIdLm3EEEd
FN:63,65,_ZN5boost7numeric6odeint6detail20generic_rk_scale_sumILm4ENS1_18default_operationsEddEC1ERKNS_5arrayIdLm4EEEd
FN:63,65,_ZN5boost7numeric6odeint6detail20generic_rk_scale_sumILm4ENS1_18default_operationsEddEC2ERKNS_5arrayIdLm4EEEd
FNDA:121,_ZN5boost7numeric6odeint6detail20generic_rk_scale_sumILm1ENS1_18default_operationsEddEC1ERKNS_5arrayIdLm1EEEd
FNDA:121,_ZN5boost7numeric6odeint6detail20generic_rk_scale_sumILm1ENS1_18default_operationsEddEC2ERKNS_5arrayIdLm1EEEd
FNDA:121,_ZN5boost7numeric6odeint6detail20generic_rk_scale_sumILm2ENS1_18default_operationsEddEC1ERKNS_5arrayIdLm2EEEd
FNDA:121,_ZN5boost7numeric6odeint6detail20generic_rk_scale_sumILm2ENS1_18default_operationsEddEC2ERKNS_5arrayIdLm2EEEd
FNDA:121,_ZN5boost7numeric6odeint6detail20generic_rk_scale_sumILm3ENS1_18default_operationsEddEC1ERKNS_5arrayIdLm3EEEd
FNDA:121,_ZN5boost7numeric6odeint6detail20generic_rk_scale_sumILm3ENS1_18default_operationsEddEC2ERKNS_5arrayIdLm3EEEd
FNDA:121,_ZN5boost7numeric6odeint6detail20generic_rk_scale_sumILm4ENS1_18default_operationsEddEC1ERKNS_5arrayIdLm4EEEd
FNDA:121,_ZN5boost7numeric6odeint6detail20generic_rk_scale_sumILm4ENS1_18default_operationsEddEC2ERKNS_5arrayIdLm4EEEd
FNF:8
FNH:8
DA:33,242
DA:34,242
DA:43,242
DA:44,121
DA:45,242
DA:53,242
DA:54,121
DA:55,242
DA:63,242
DA:64,121
DA:65,242
LF:11
LH:11
end_of_record
TN:
SF:/opt/homebrew/include/boost/numeric/odeint/stepper/explicit_generic_rk.hpp
FN:139,142,_ZN5boost7numeric6odeint19explicit_generic_rkILm4ELm4ENSt3__15arrayIdLm4EEEdS5_dNS1_13array_algebraENS1_18default_operationsENS1_17initially_resizerEEC2ERKNS_6fusion6vectorIJKNS_5arrayIdLm1EEEKNSC_IdLm2EEEKNSC_IdLm3EEEEEERKNSC_IdLm4EEESO_RKS6_
FN:146,153,_ZN5boost7numeric6odeint19explicit_generic_rkILm4ELm4ENSt3__15arrayIdLm4EEEdS5_dNS1_13array_algebraENS1_18default_operationsENS1_17initially_resizerEE12do_step_implIPFvRKS5_RS5_dES5_S5_S5_EEvT_RKT0_RKT1_dRT2_d
FN:165,173,_ZN5boost7numeric6odeint19explicit_generic_rkILm4ELm4ENSt3__15arrayIdLm4EEEdS5_dNS1_13array_algebraENS1_18default_operationsENS1_17initially_resizerEE11resize_implIS5_EEbRKT_
FNDA:2,_ZN5boost7numeric6odeint19explicit_generic_rkILm4ELm4ENSt3__15arrayIdLm4EEEdS5_dNS1_13array_algebraENS1_18default_operationsENS1_17initially_resizerEEC2ERKNS_6fusion6vectorIJKNS_5arrayIdLm1EEEKNSC_IdLm2EEEKNSC_IdLm3EEEEEERKNSC_IdLm4EEESO_RKS6_
FNDA:121,_ZN5boost7numeric6odeint19explicit_generic_rkILm4ELm4ENSt3__15arrayIdLm4EEEdS5_dNS1_13array_algebraENS1_18default_operationsENS1_17initially_resizerEE12do_step_implIPFvRKS5_RS5_dES5_S5_S5_EEvT_RKT0_RKT1_dRT2_d
FNDA:2,_ZN5boost7numeric6odeint19explicit_generic_rkILm4ELm4ENSt3__15arrayIdLm4EEEdS5_dNS1_13array_algebraENS1_18default_operationsENS1_17initially_resizerEE11resize_implIS5_EEbRKT_
FNF:3
FNH:3
DA:139,4
DA:141,2
DA:142,2
DA:146,121
DA:149,121
DA:152,121
DA:153,121
DA:165,2
DA:167,2
DA:168,2
DA:169,8
DA:171,6
DA:172,6
DA:173,2
LF:14
LH:14
end_of_record
TN:
SF:/opt/homebrew/include/boost/numeric/odeint/stepper/runge_kutta4.hpp
FN:139,142,_ZN5boost7numeric6odeint12runge_kutta4INSt3__15arrayIdLm4EEEdS5_dNS1_13array_algebraENS1_18default_operationsENS1_17initially_resizerEEC1ERKS6_
FN:139,142,_ZN5boost7numeric6odeint12runge_kutta4INSt3__15arrayIdLm4EEEdS5_dNS1_13array_algebraENS1_18default_operationsENS1_17initially_resizerEEC2ERKS6_
FN:47,50,_ZN5boost7numeric6odeint19rk4_coefficients_a1IdEC1Ev
FN:47,50,_ZN5boost7numeric6odeint19rk4_coefficients_a1IdEC2Ev
FN:56,60,_ZN5boost7numeric6odeint19rk4_coefficients_a2IdEC1Ev
FN:56,60,_ZN5boost7numeric6odeint19rk4_coefficients_a2IdEC2Ev
FN:67,72,_ZN5boost7numeric6odeint19rk4_coefficients_a3IdEC1Ev
FN:67,72,_ZN5boost7numeric6odeint19rk4_coefficients_a3IdEC2Ev
FN:78,84,_ZN5boost7numeric6odeint18rk4_coefficients_bIdEC1Ev
FN:78,84,_ZN5boost7numeric6odeint18rk4_coefficients_bIdEC2Ev
FN:90,96,_ZN5boost7numeric6odeint18rk4_coefficients_cIdEC1Ev
FN:90,96,_ZN5boost7numeric6odeint18rk4_coefficients_cIdEC2Ev
FNDA:2,_ZN5boost7numeric6odeint12runge_kutta4INSt3__15arrayIdLm4EEEdS5_dNS1_13array_algebraENS1_18default_operationsENS1_17initially_resizerEEC1ERKS6_
FNDA:2,_ZN5boost7numeric6odeint12runge_kutta4INSt3__15arrayIdLm4EEEdS5_dNS1_13array_algebraENS1_18default_operationsENS1_17initially_resizerEEC2ERKS6_
FNDA:2,_ZN5boost7numeric6odeint19rk4_coefficients_a1IdEC1Ev
FNDA:2,_ZN5boost7numeric6odeint19rk4_coefficients_a1IdEC2Ev
FNDA:2,_ZN5boost7numeric6odeint19rk4_coefficients_a2IdEC1Ev
FNDA:2,_ZN5boost7numeric6odeint19rk4_coefficients_a2IdEC2Ev
FNDA:2,_ZN5boost7numeric6odeint19rk4_coefficients_a3IdEC1Ev
FNDA:2,_ZN5boost7numeric6odeint19rk4_coefficients_a3IdEC2Ev
FNDA:2,_ZN5boost7numeric6odeint18rk4_coefficients_bIdEC1Ev
FNDA:2,_ZN5boost7numeric6odeint18rk4_coefficients_bIdEC2Ev
FNDA:2,_ZN5boost7numeric6odeint18rk4_coefficients_cIdEC1Ev
FNDA:2,_ZN5boost7numeric6odeint18rk4_coefficients_cIdEC2Ev
FNF:12
FNH:12
DA:47,4
DA:48,2
DA:49,2
DA:50,4
DA:56,4
DA:57,2
DA:58,2
DA:59,2
DA:60,4
DA:67,4
DA:68,2
DA:69,2
DA:70,2
DA:71,2
DA:72,4
DA:78,4
DA:79,2
DA:80,2
DA:81,2
DA:82,2
DA:83,2
DA:84,4
DA:90,4
DA:91,2
DA:92,2
DA:93,2
DA:94,2
DA:95,2
DA:96,4
DA:139,6
DA:140,2
DA:141,2
DA:142,4
LF:33
LH:33
end_of_record
TN:
SF:/opt/homebrew/include/boost/numeric/odeint/util/resizer.hpp
FN:43,45,_ZN5boost7numeric6odeint28adjust_size_by_resizeabilityINS1_13state_wrapperINSt3__15arrayIdLm4EEEvEES6_EEbRT_RKT0_NS_17integral_constantIbLb0EEE
FN:63,64,_ZN5boost7numeric6odeint17initially_resizerC1Ev
FN:63,64,_ZN5boost7numeric6odeint17initially_resizerC2Ev
FN:67,75,_ZN5boost7numeric6odeint17initially_resizer11adjust_sizeINSt3__15arrayIdLm4EEENS4_6__bindIMNS1_19explicit_generic_rkILm4ELm4ES6_dS6_dNS1_13array_algebraENS1_18default_operationsES2_EEFbRKS6_EJNS4_17reference_wrapperISB_EERKNS4_12placeholders4__phILi1EEEEEEEEbRKT_T0_
FN:67,75,_ZN5boost7numeric6odeint17initially_resizer11adjust_sizeINSt3__15arrayIdLm4EEENS4_6__bindIMNS1_21explicit_stepper_baseINS1_19explicit_generic_rkILm4ELm4ES6_dS6_dNS1_13array_algebraENS1_18default_operationsES2_EELt4ES6_dS6_dSA_SB_S2_EEFbRKS6_EJNS4_17reference_wrapperISD_EERKNS4_12placeholders4__phILi1EEEEEEEEbRKT_T0_
FNDA:10,_ZN5boost7numeric6odeint28adjust_size_by_resizeabilityINS1_13state_wrapperINSt3__15arrayIdLm4EEEvEES6_EEbRT_RKT0_NS_17integral_constantIbLb0EEE
FNDA:4,_ZN5boost7numeric6odeint17initially_resizerC1Ev
FNDA:4,_ZN5boost7numeric6odeint17initially_resizerC2Ev
FNDA:121,_ZN5boost7numeric6odeint17initially_resizer11adjust_sizeINSt3__15arrayIdLm4EEENS4_6__bindIMNS1_19explicit_generic_rkILm4ELm4ES6_dS6_dNS1_13array_algebraENS1_18default_operationsES2_EEFbRKS6_EJNS4_17reference_wrapperISB_EERKNS4_12placeholders4__phILi1EEEEEEEEbRKT_T0_
FNDA:121,_ZN5boost7numeric6odeint17initially_resizer11adjust_sizeINSt3__15arrayIdLm4EEENS4_6__bindIMNS1_21explicit_stepper_baseINS1_19explicit_generic_rkILm4ELm4ES6_dS6_dNS1_13array_algebraENS1_18default_operationsES2_EELt4ES6_dS6_dSA_SB_S2_EEFbRKS6_EJNS4_17reference_wrapperISD_EERKNS4_12placeholders4__phILi1EEEEEEEEbRKT_T0_
FNF:5
FNH:5
DA:43,10
DA:45,10
DA:63,8
DA:64,8
DA:67,242
DA:69,242
DA:71,4
DA:72,4
DA:74,238
DA:75,242
LF:10
LH:10
end_of_record
TN:
SF:/opt/homebrew/include/boost/utility/value_init.hpp
FN:112,114,_ZN5boost11initializedIN4mpl_10integral_cImLm0EEEE4dataEv
FN:112,114,_ZN5boost11initializedIN4mpl_10integral_cImLm1EEEE4dataEv
FN:112,114,_ZN5boost11initializedIN4mpl_10integral_cImLm2EEEE4dataEv
FN:169,172,_ZN5boost17value_initializedIN4mpl_10integral_cImLm0EEEEC1Ev
FN:169,172,_ZN5boost17value_initializedIN4mpl_10integral_cImLm0EEEEC2Ev
FN:169,172,_ZN5boost17value_initializedIN4mpl_10integral_cImLm1EEEEC1Ev
FN:169,172,_ZN5boost17value_initializedIN4mpl_10integral_cImLm1EEEEC2Ev
FN:169,172,_ZN5boost17value_initializedIN4mpl_10integral_cImLm2EEEEC1Ev
FN:169,172,_ZN5boost17value_initializedIN4mpl_10integral_cImLm2EEEEC2Ev
FN:181,183,_ZN5boost17value_initializedIN4mpl_10integral_cImLm0EEEE4dataEv
FN:181,183,_ZN5boost17value_initializedIN4mpl_10integral_cImLm1EEEE4dataEv
FN:181,183,_ZN5boost17value_initializedIN4mpl_10integral_cImLm2EEEE4dataEv
FN:215,217,_ZN5boost3getIN4mpl_10integral_cImLm0EEEEERT_RNS_17value_initializedIS4_EE
FN:215,217,_ZN5boost3getIN4mpl_10integral_cImLm1EEEEERT_RNS_17value_initializedIS4_EE
FN:215,217,_ZN5boost3getIN4mpl_10integral_cImLm2EEEEERT_RNS_17value_initializedIS4_EE
FN:92,98,_ZN5boost11initializedIN4mpl_10integral_cImLm0EEEEC1Ev
FN:92,98,_ZN5boost11initializedIN4mpl_10integral_cImLm0EEEEC2Ev
FN:92,98,_ZN5boost11initializedIN4mpl_10integral_cImLm1EEEEC1Ev
FN:92,98,_ZN5boost11initializedIN4mpl_10integral_cImLm1EEEEC2Ev
FN:92,98,_ZN5boost11initializedIN4mpl_10integral_cImLm2EEEEC1Ev
FN:92,98,_ZN5boost11initializedIN4mpl_10integral_cImLm2EEEEC2Ev
FNDA:2,_ZN5boost11initializedIN4mpl_10integral_cImLm0EEEE4dataEv
FNDA:2,_ZN5boost11initializedIN4mpl_10integral_cImLm1EEEE4dataEv
FNDA:2,_ZN5boost11initializedIN4mpl_10integral_cImLm2EEEE4dataEv
FNDA:2,_ZN5boost17value_initializedIN4mpl_10integral_cImLm0EEEEC1Ev
FNDA:2,_ZN5boost17value_initializedIN4mpl_10integral_cImLm0EEEEC2Ev
FNDA:2,_ZN5boost17value_initializedIN4mpl_10integral_cImLm1EEEEC1Ev
FNDA:2,_ZN5boost17value_initializedIN4mpl_10integral_cImLm1EEEEC2Ev
FNDA:2,_ZN5boost17value_initializedIN4mpl_10integral_cImLm2EEEEC1Ev
FNDA:2,_ZN5boost17value_initializedIN4mpl_10integral_cImLm2EEEEC2Ev
FNDA:2,_ZN5boost17value_initializedIN4mpl_10integral_cImLm0EEEE4dataEv
FNDA:2,_ZN5boost17value_initializedIN4mpl_10integral_cImLm1EEEE4dataEv
FNDA:2,_ZN5boost17value_initializedIN4mpl_10integral_cImLm2EEEE4dataEv
FNDA:2,_ZN5boost3getIN4mpl_10integral_cImLm0EEEEERT_RNS_17value_initializedIS4_EE
FNDA:2,_ZN5boost3getIN4mpl_10integral_cImLm1EEEEERT_RNS_17value_initializedIS4_EE
FNDA:2,_ZN5boost3getIN4mpl_10integral_cImLm2EEEEERT_RNS_17value_initializedIS4_EE
FNDA:2,_ZN5boost11initializedIN4mpl_10integral_cImLm0EEEEC1Ev
FNDA:2,_ZN5boost11initializedIN4mpl_10integral_cImLm0EEEEC2Ev
FNDA:2,_ZN5boost11initializedIN4mpl_10integral_cImLm1EEEEC1Ev
FNDA:2,_ZN5boost11initializedIN4mpl_10integral_cImLm1EEEEC2Ev
FNDA:2,_ZN5boost11initializedIN4mpl_10integral_cImLm2EEEEC1Ev
FNDA:2,_ZN5boost11initializedIN4mpl_10integral_cImLm2EEEEC2Ev
FNF:21
FNH:21
DA:92,12
DA:96,6
DA:97,6
DA:98,12
DA:112,6
DA:114,6
DA:169,12
DA:171,6
DA:172,12
DA:181,6
DA:183,6
DA:215,6
DA:217,6
LF:13
LH:13
end_of_record
