        -:    0:Source:/Users/jubair/CLionProjects/untitled/src/Physics.cpp
        -:    0:Graph:./CMakeFiles/test_run.dir/src/Physics.cpp.gcno
        -:    0:Data:./CMakeFiles/test_run.dir/src/Physics.cpp.gcda
        -:    0:Runs:1
        -:    0:Programs:1
        -:    1://
        -:    2:// Created by Jubair on 2024-03-25.
        -:    3://
        -:    4:#include "/Users/jubair/CLionProjects/untitled/include/Physics.h"
        -:    5:#include <boost/numeric/odeint.hpp>
        -:    6:#include <vector>
        -:    7:
        -:    8:using State = std::array<double, 4>; // x, y, vx, vy
        -:    9:using Stepper = boost::numeric::odeint::runge_kutta4<State>;
        -:   10:
        -:   11:// Physics system for the projectile
      484:   12:void projectileSystem(const State &state, State &dstate_dt, const double) {
      484:   13:    dstate_dt[0] = state[2]; // dx/dt = vx
      484:   14:    dstate_dt[1] = state[3]; // dy/dt = vy
      484:   15:    dstate_dt[2] = 0;        // dvx/dt = 0
      484:   16:    dstate_dt[3] = GRAVITY;  // dvy/dt = gravity
      484:   17:}
