        -:    0:Source:/Library/Developer/CommandLineTools/SDKs/MacOSX14.2.sdk/usr/include/c++/v1/vector
        -:    0:Graph:./CMakeFiles/test_run.dir/test/gameTest.cpp.gcno
        -:    0:Data:./CMakeFiles/test_run.dir/test/gameTest.cpp.gcda
        -:    0:Runs:2
        -:    0:Programs:1
        -:    1:// -*- C++ -*-
        -:    2://===----------------------------------------------------------------------===//
        -:    3://
        -:    4:// Part of the LLVM Project, under the Apache License v2.0 with LLVM Exceptions.
        -:    5:// See https://llvm.org/LICENSE.txt for license information.
        -:    6:// SPDX-License-Identifier: Apache-2.0 WITH LLVM-exception
        -:    7://
        -:    8://===----------------------------------------------------------------------===//
        -:    9:
        -:   10:#ifndef _LIBCPP_VECTOR
        -:   11:#define _LIBCPP_VECTOR
        -:   12:
        -:   13:/*
        -:   14:    vector synopsis
        -:   15:
        -:   16:namespace std
        -:   17:{
        -:   18:
        -:   19:template <class T, class Allocator = allocator<T> >
        -:   20:class vector
        -:   21:{
        -:   22:public:
        -:   23:    typedef T                                        value_type;
        -:   24:    typedef Allocator                                allocator_type;
        -:   25:    typedef typename allocator_type::reference       reference;
        -:   26:    typedef typename allocator_type::const_reference const_reference;
        -:   27:    typedef implementation-defined                   iterator;
        -:   28:    typedef implementation-defined                   const_iterator;
        -:   29:    typedef typename allocator_type::size_type       size_type;
        -:   30:    typedef typename allocator_type::difference_type difference_type;
        -:   31:    typedef typename allocator_type::pointer         pointer;
        -:   32:    typedef typename allocator_type::const_pointer   const_pointer;
        -:   33:    typedef std::reverse_iterator<iterator>          reverse_iterator;
        -:   34:    typedef std::reverse_iterator<const_iterator>    const_reverse_iterator;
        -:   35:
        -:   36:    vector()
        -:   37:        noexcept(is_nothrow_default_constructible<allocator_type>::value);
        -:   38:    explicit vector(const allocator_type&);
        -:   39:    explicit vector(size_type n);
        -:   40:    explicit vector(size_type n, const allocator_type&); // C++14
        -:   41:    vector(size_type n, const value_type& value, const allocator_type& = allocator_type());
        -:   42:    template <class InputIterator>
        -:   43:        vector(InputIterator first, InputIterator last, const allocator_type& = allocator_type());
        -:   44:    vector(const vector& x);
        -:   45:    vector(vector&& x)
        -:   46:        noexcept(is_nothrow_move_constructible<allocator_type>::value);
        -:   47:    vector(initializer_list<value_type> il);
        -:   48:    vector(initializer_list<value_type> il, const allocator_type& a);
        -:   49:    ~vector();
        -:   50:    vector& operator=(const vector& x);
        -:   51:    vector& operator=(vector&& x)
        -:   52:        noexcept(
        -:   53:             allocator_type::propagate_on_container_move_assignment::value ||
        -:   54:             allocator_type::is_always_equal::value); // C++17
        -:   55:    vector& operator=(initializer_list<value_type> il);
        -:   56:    template <class InputIterator>
        -:   57:        void assign(InputIterator first, InputIterator last);
        -:   58:    void assign(size_type n, const value_type& u);
        -:   59:    void assign(initializer_list<value_type> il);
        -:   60:
        -:   61:    allocator_type get_allocator() const noexcept;
        -:   62:
        -:   63:    iterator               begin() noexcept;
        -:   64:    const_iterator         begin()   const noexcept;
        -:   65:    iterator               end() noexcept;
        -:   66:    const_iterator         end()     const noexcept;
        -:   67:
        -:   68:    reverse_iterator       rbegin() noexcept;
        -:   69:    const_reverse_iterator rbegin()  const noexcept;
        -:   70:    reverse_iterator       rend() noexcept;
        -:   71:    const_reverse_iterator rend()    const noexcept;
        -:   72:
        -:   73:    const_iterator         cbegin()  const noexcept;
        -:   74:    const_iterator         cend()    const noexcept;
        -:   75:    const_reverse_iterator crbegin() const noexcept;
        -:   76:    const_reverse_iterator crend()   const noexcept;
        -:   77:
        -:   78:    size_type size() const noexcept;
        -:   79:    size_type max_size() const noexcept;
        -:   80:    size_type capacity() const noexcept;
        -:   81:    bool empty() const noexcept;
        -:   82:    void reserve(size_type n);
        -:   83:    void shrink_to_fit() noexcept;
        -:   84:
        -:   85:    reference       operator[](size_type n);
        -:   86:    const_reference operator[](size_type n) const;
        -:   87:    reference       at(size_type n);
        -:   88:    const_reference at(size_type n) const;
        -:   89:
        -:   90:    reference       front();
        -:   91:    const_reference front() const;
        -:   92:    reference       back();
        -:   93:    const_reference back() const;
        -:   94:
        -:   95:    value_type*       data() noexcept;
        -:   96:    const value_type* data() const noexcept;
        -:   97:
        -:   98:    void push_back(const value_type& x);
        -:   99:    void push_back(value_type&& x);
        -:  100:    template <class... Args>
        -:  101:        reference emplace_back(Args&&... args); // reference in C++17
        -:  102:    void pop_back();
        -:  103:
        -:  104:    template <class... Args> iterator emplace(const_iterator position, Args&&... args);
        -:  105:    iterator insert(const_iterator position, const value_type& x);
        -:  106:    iterator insert(const_iterator position, value_type&& x);
        -:  107:    iterator insert(const_iterator position, size_type n, const value_type& x);
        -:  108:    template <class InputIterator>
        -:  109:        iterator insert(const_iterator position, InputIterator first, InputIterator last);
        -:  110:    iterator insert(const_iterator position, initializer_list<value_type> il);
        -:  111:
        -:  112:    iterator erase(const_iterator position);
        -:  113:    iterator erase(const_iterator first, const_iterator last);
        -:  114:
        -:  115:    void clear() noexcept;
        -:  116:
        -:  117:    void resize(size_type sz);
        -:  118:    void resize(size_type sz, const value_type& c);
        -:  119:
        -:  120:    void swap(vector&)
        -:  121:        noexcept(allocator_traits<allocator_type>::propagate_on_container_swap::value ||
        -:  122:                 allocator_traits<allocator_type>::is_always_equal::value);  // C++17
        -:  123:
        -:  124:    bool __invariants() const;
        -:  125:};
        -:  126:
        -:  127:template <class Allocator = allocator<T> >
        -:  128:class vector<bool, Allocator>
        -:  129:{
        -:  130:public:
        -:  131:    typedef bool                                     value_type;
        -:  132:    typedef Allocator                                allocator_type;
        -:  133:    typedef implementation-defined                   iterator;
        -:  134:    typedef implementation-defined                   const_iterator;
        -:  135:    typedef typename allocator_type::size_type       size_type;
        -:  136:    typedef typename allocator_type::difference_type difference_type;
        -:  137:    typedef iterator                                 pointer;
        -:  138:    typedef const_iterator                           const_pointer;
        -:  139:    typedef std::reverse_iterator<iterator>          reverse_iterator;
        -:  140:    typedef std::reverse_iterator<const_iterator>    const_reverse_iterator;
        -:  141:
        -:  142:    class reference
        -:  143:    {
        -:  144:    public:
        -:  145:        reference(const reference&) noexcept;
        -:  146:        operator bool() const noexcept;
        -:  147:        reference& operator=(bool x) noexcept;
        -:  148:        reference& operator=(const reference& x) noexcept;
        -:  149:        iterator operator&() const noexcept;
        -:  150:        void flip() noexcept;
        -:  151:    };
        -:  152:
        -:  153:    class const_reference
        -:  154:    {
        -:  155:    public:
        -:  156:        const_reference(const reference&) noexcept;
        -:  157:        operator bool() const noexcept;
        -:  158:        const_iterator operator&() const noexcept;
        -:  159:    };
        -:  160:
        -:  161:    vector()
        -:  162:        noexcept(is_nothrow_default_constructible<allocator_type>::value);
        -:  163:    explicit vector(const allocator_type&);
        -:  164:    explicit vector(size_type n, const allocator_type& a = allocator_type()); // C++14
        -:  165:    vector(size_type n, const value_type& value, const allocator_type& = allocator_type());
        -:  166:    template <class InputIterator>
        -:  167:        vector(InputIterator first, InputIterator last, const allocator_type& = allocator_type());
        -:  168:    vector(const vector& x);
        -:  169:    vector(vector&& x)
        -:  170:        noexcept(is_nothrow_move_constructible<allocator_type>::value);
        -:  171:    vector(initializer_list<value_type> il);
        -:  172:    vector(initializer_list<value_type> il, const allocator_type& a);
        -:  173:    ~vector();
        -:  174:    vector& operator=(const vector& x);
        -:  175:    vector& operator=(vector&& x)
        -:  176:        noexcept(
        -:  177:             allocator_type::propagate_on_container_move_assignment::value ||
        -:  178:             allocator_type::is_always_equal::value); // C++17
        -:  179:    vector& operator=(initializer_list<value_type> il);
        -:  180:    template <class InputIterator>
        -:  181:        void assign(InputIterator first, InputIterator last);
        -:  182:    void assign(size_type n, const value_type& u);
        -:  183:    void assign(initializer_list<value_type> il);
        -:  184:
        -:  185:    allocator_type get_allocator() const noexcept;
        -:  186:
        -:  187:    iterator               begin() noexcept;
        -:  188:    const_iterator         begin()   const noexcept;
        -:  189:    iterator               end() noexcept;
        -:  190:    const_iterator         end()     const noexcept;
        -:  191:
        -:  192:    reverse_iterator       rbegin() noexcept;
        -:  193:    const_reverse_iterator rbegin()  const noexcept;
        -:  194:    reverse_iterator       rend() noexcept;
        -:  195:    const_reverse_iterator rend()    const noexcept;
        -:  196:
        -:  197:    const_iterator         cbegin()  const noexcept;
        -:  198:    const_iterator         cend()    const noexcept;
        -:  199:    const_reverse_iterator crbegin() const noexcept;
        -:  200:    const_reverse_iterator crend()   const noexcept;
        -:  201:
        -:  202:    size_type size() const noexcept;
        -:  203:    size_type max_size() const noexcept;
        -:  204:    size_type capacity() const noexcept;
        -:  205:    bool empty() const noexcept;
        -:  206:    void reserve(size_type n);
        -:  207:    void shrink_to_fit() noexcept;
        -:  208:
        -:  209:    reference       operator[](size_type n);
        -:  210:    const_reference operator[](size_type n) const;
        -:  211:    reference       at(size_type n);
        -:  212:    const_reference at(size_type n) const;
        -:  213:
        -:  214:    reference       front();
        -:  215:    const_reference front() const;
        -:  216:    reference       back();
        -:  217:    const_reference back() const;
        -:  218:
        -:  219:    void push_back(const value_type& x);
        -:  220:    template <class... Args> reference emplace_back(Args&&... args);  // C++14; reference in C++17
        -:  221:    void pop_back();
        -:  222:
        -:  223:    template <class... Args> iterator emplace(const_iterator position, Args&&... args);  // C++14
        -:  224:    iterator insert(const_iterator position, const value_type& x);
        -:  225:    iterator insert(const_iterator position, size_type n, const value_type& x);
        -:  226:    template <class InputIterator>
        -:  227:        iterator insert(const_iterator position, InputIterator first, InputIterator last);
        -:  228:    iterator insert(const_iterator position, initializer_list<value_type> il);
        -:  229:
        -:  230:    iterator erase(const_iterator position);
        -:  231:    iterator erase(const_iterator first, const_iterator last);
        -:  232:
        -:  233:    void clear() noexcept;
        -:  234:
        -:  235:    void resize(size_type sz);
        -:  236:    void resize(size_type sz, value_type x);
        -:  237:
        -:  238:    void swap(vector&)
        -:  239:        noexcept(allocator_traits<allocator_type>::propagate_on_container_swap::value ||
        -:  240:                 allocator_traits<allocator_type>::is_always_equal::value);  // C++17
        -:  241:    void flip() noexcept;
        -:  242:
        -:  243:    bool __invariants() const;
        -:  244:};
        -:  245:
        -:  246:template <class InputIterator, class Allocator = allocator<typename iterator_traits<InputIterator>::value_type>>
        -:  247:   vector(InputIterator, InputIterator, Allocator = Allocator())
        -:  248:   -> vector<typename iterator_traits<InputIterator>::value_type, Allocator>; // C++17
        -:  249:
        -:  250:template <class Allocator> struct hash<std::vector<bool, Allocator>>;
        -:  251:
        -:  252:template <class T, class Allocator> bool operator==(const vector<T,Allocator>& x, const vector<T,Allocator>& y);
        -:  253:template <class T, class Allocator> bool operator< (const vector<T,Allocator>& x, const vector<T,Allocator>& y);
        -:  254:template <class T, class Allocator> bool operator!=(const vector<T,Allocator>& x, const vector<T,Allocator>& y);
        -:  255:template <class T, class Allocator> bool operator> (const vector<T,Allocator>& x, const vector<T,Allocator>& y);
        -:  256:template <class T, class Allocator> bool operator>=(const vector<T,Allocator>& x, const vector<T,Allocator>& y);
        -:  257:template <class T, class Allocator> bool operator<=(const vector<T,Allocator>& x, const vector<T,Allocator>& y);
        -:  258:
        -:  259:template <class T, class Allocator>
        -:  260:void swap(vector<T,Allocator>& x, vector<T,Allocator>& y)
        -:  261:    noexcept(noexcept(x.swap(y)));
        -:  262:
        -:  263:template <class T, class Allocator, class U>
        -:  264:typename vector<T, Allocator>::size_type
        -:  265:erase(vector<T, Allocator>& c, const U& value);       // C++20
        -:  266:template <class T, class Allocator, class Predicate>
        -:  267:typename vector<T, Allocator>::size_type
        -:  268:erase_if(vector<T, Allocator>& c, Predicate pred);    // C++20
        -:  269:
        -:  270:
        -:  271:template<class T>
        -:  272: inline constexpr bool is-vector-bool-reference = see below;        // exposition only, since C++23
        -:  273:
        -:  274:template<class T, class charT> requires is-vector-bool-reference<T> // Since C++23
        -:  275: struct formatter<T, charT>;
        -:  276:
        -:  277:}  // std
        -:  278:
        -:  279:*/
        -:  280:
        -:  281:#include <__algorithm/copy.h>
        -:  282:#include <__algorithm/equal.h>
        -:  283:#include <__algorithm/fill_n.h>
        -:  284:#include <__algorithm/lexicographical_compare.h>
        -:  285:#include <__algorithm/remove.h>
        -:  286:#include <__algorithm/remove_if.h>
        -:  287:#include <__algorithm/rotate.h>
        -:  288:#include <__algorithm/unwrap_iter.h>
        -:  289:#include <__assert> // all public C++ headers provide the assertion handler
        -:  290:#include <__bit_reference>
        -:  291:#include <__concepts/same_as.h>
        -:  292:#include <__config>
        -:  293:#include <__debug>
        -:  294:#include <__format/enable_insertable.h>
        -:  295:#include <__format/formatter.h>
        -:  296:#include <__functional/hash.h>
        -:  297:#include <__functional/unary_function.h>
        -:  298:#include <__iterator/advance.h>
        -:  299:#include <__iterator/iterator_traits.h>
        -:  300:#include <__iterator/reverse_iterator.h>
        -:  301:#include <__iterator/wrap_iter.h>
        -:  302:#include <__memory/allocate_at_least.h>
        -:  303:#include <__memory/pointer_traits.h>
        -:  304:#include <__memory/swap_allocator.h>
        -:  305:#include <__memory/temp_value.h>
        -:  306:#include <__memory/uninitialized_algorithms.h>
        -:  307:#include <__memory_resource/polymorphic_allocator.h>
        -:  308:#include <__split_buffer>
        -:  309:#include <__type_traits/is_allocator.h>
        -:  310:#include <__type_traits/noexcept_move_assign_container.h>
        -:  311:#include <__utility/exception_guard.h>
        -:  312:#include <__utility/forward.h>
        -:  313:#include <__utility/move.h>
        -:  314:#include <__utility/swap.h>
        -:  315:#include <climits>
        -:  316:#include <cstdlib>
        -:  317:#include <cstring>
        -:  318:#include <iosfwd> // for forward declaration of vector
        -:  319:#include <limits>
        -:  320:#include <stdexcept>
        -:  321:#include <type_traits>
        -:  322:#include <version>
        -:  323:
        -:  324:// standard-mandated includes
        -:  325:
        -:  326:// [iterator.range]
        -:  327:#include <__iterator/access.h>
        -:  328:#include <__iterator/data.h>
        -:  329:#include <__iterator/empty.h>
        -:  330:#include <__iterator/reverse_access.h>
        -:  331:#include <__iterator/size.h>
        -:  332:
        -:  333:// [vector.syn]
        -:  334:#include <compare>
        -:  335:#include <initializer_list>
        -:  336:
        -:  337:#if !defined(_LIBCPP_HAS_NO_PRAGMA_SYSTEM_HEADER)
        -:  338:#  pragma GCC system_header
        -:  339:#endif
        -:  340:
        -:  341:_LIBCPP_PUSH_MACROS
        -:  342:#include <__undef_macros>
        -:  343:
        -:  344:
        -:  345:_LIBCPP_BEGIN_NAMESPACE_STD
        -:  346:
        -:  347:template <class _Tp, class _Allocator /* = allocator<_Tp> */>
        -:  348:class _LIBCPP_TEMPLATE_VIS vector
        -:  349:{
        -:  350:private:
        -:  351:    typedef allocator<_Tp>                                  __default_allocator_type;
        -:  352:public:
        -:  353:    typedef vector                                          __self;
        -:  354:    typedef _Tp                                             value_type;
        -:  355:    typedef _Allocator                                      allocator_type;
        -:  356:    typedef allocator_traits<allocator_type>                __alloc_traits;
        -:  357:    typedef value_type&                                     reference;
        -:  358:    typedef const value_type&                               const_reference;
        -:  359:    typedef typename __alloc_traits::size_type              size_type;
        -:  360:    typedef typename __alloc_traits::difference_type        difference_type;
        -:  361:    typedef typename __alloc_traits::pointer                pointer;
        -:  362:    typedef typename __alloc_traits::const_pointer          const_pointer;
        -:  363:    // TODO: Implement iterator bounds checking without requiring the global database.
        -:  364:    typedef __wrap_iter<pointer>                            iterator;
        -:  365:    typedef __wrap_iter<const_pointer>                      const_iterator;
        -:  366:    typedef std::reverse_iterator<iterator>               reverse_iterator;
        -:  367:    typedef std::reverse_iterator<const_iterator>         const_reverse_iterator;
        -:  368:
        -:  369:    static_assert((is_same<typename allocator_type::value_type, value_type>::value),
        -:  370:                  "Allocator::value_type must be same type as value_type");
        -:  371:
        -:  372:    static_assert(is_same<allocator_type, __rebind_alloc<__alloc_traits, value_type> >::value,
        -:  373:                  "[allocator.requirements] states that rebinding an allocator to the same type should result in the "
        -:  374:                  "original allocator");
        -:  375:
        -:  376:    _LIBCPP_CONSTEXPR_SINCE_CXX20 _LIBCPP_HIDE_FROM_ABI
        -:  377:    vector() _NOEXCEPT_(is_nothrow_default_constructible<allocator_type>::value)
        -:  378:    {
        -:  379:        std::__debug_db_insert_c(this);
        -:  380:    }
        -:  381:    _LIBCPP_CONSTEXPR_SINCE_CXX20 _LIBCPP_HIDE_FROM_ABI explicit vector(const allocator_type& __a)
        -:  382:#if _LIBCPP_STD_VER <= 14
        -:  383:        _NOEXCEPT_(is_nothrow_copy_constructible<allocator_type>::value)
        -:  384:#else
        -:  385:        _NOEXCEPT
        -:  386:#endif
        -:  387:        : __end_cap_(nullptr, __a)
        -:  388:    {
        -:  389:        std::__debug_db_insert_c(this);
        -:  390:    }
        -:  391:    _LIBCPP_CONSTEXPR_SINCE_CXX20 _LIBCPP_HIDE_FROM_ABI explicit vector(size_type __n);
        -:  392:#if _LIBCPP_STD_VER > 11
        -:  393:    _LIBCPP_CONSTEXPR_SINCE_CXX20 _LIBCPP_HIDE_FROM_ABI explicit vector(size_type __n, const allocator_type& __a);
        -:  394:#endif
        -:  395:    _LIBCPP_CONSTEXPR_SINCE_CXX20 _LIBCPP_HIDE_FROM_ABI vector(size_type __n, const value_type& __x);
        -:  396:
        -:  397:    template <class = __enable_if_t<__is_allocator<_Allocator>::value> >
        -:  398:    _LIBCPP_CONSTEXPR_SINCE_CXX20 _LIBCPP_HIDE_FROM_ABI
        -:  399:    vector(size_type __n, const value_type& __x, const allocator_type& __a)
        -:  400:        : __end_cap_(nullptr, __a)
        -:  401:    {
        -:  402:      std::__debug_db_insert_c(this);
        -:  403:      if (__n > 0)
        -:  404:      {
        -:  405:          __vallocate(__n);
        -:  406:          __construct_at_end(__n, __x);
        -:  407:      }
        -:  408:    }
        -:  409:
        -:  410:  template <class _InputIterator,
        -:  411:            __enable_if_t<__is_exactly_cpp17_input_iterator<_InputIterator>::value &&
        -:  412:                              is_constructible<value_type, typename iterator_traits<_InputIterator>::reference>::value,
        -:  413:                          int> = 0>
        -:  414:  _LIBCPP_CONSTEXPR_SINCE_CXX20 _LIBCPP_HIDE_FROM_ABI vector(_InputIterator __first, _InputIterator __last);
        -:  415:  template <class _InputIterator,
        -:  416:            __enable_if_t<__is_exactly_cpp17_input_iterator<_InputIterator>::value &&
        -:  417:                              is_constructible<value_type, typename iterator_traits<_InputIterator>::reference>::value,
        -:  418:                          int> = 0>
        -:  419:  _LIBCPP_CONSTEXPR_SINCE_CXX20 _LIBCPP_HIDE_FROM_ABI
        -:  420:  vector(_InputIterator __first, _InputIterator __last, const allocator_type& __a);
        -:  421:
        -:  422:  template <
        -:  423:      class _ForwardIterator,
        -:  424:      __enable_if_t<__is_cpp17_forward_iterator<_ForwardIterator>::value &&
        -:  425:                        is_constructible<value_type, typename iterator_traits<_ForwardIterator>::reference>::value,
        -:  426:                    int> = 0>
        -:  427:  _LIBCPP_CONSTEXPR_SINCE_CXX20 _LIBCPP_HIDE_FROM_ABI vector(_ForwardIterator __first, _ForwardIterator __last);
        -:  428:
        -:  429:  template <class _ForwardIterator,
        -:  430:      __enable_if_t<__is_cpp17_forward_iterator<_ForwardIterator>::value &&
        -:  431:                        is_constructible<value_type, typename iterator_traits<_ForwardIterator>::reference>::value,
        -:  432:                    int> = 0>
        -:  433:  _LIBCPP_CONSTEXPR_SINCE_CXX20 _LIBCPP_HIDE_FROM_ABI
        -:  434:  vector(_ForwardIterator __first, _ForwardIterator __last, const allocator_type& __a);
        -:  435:
        -:  436:private:
        -:  437:  class __destroy_vector {
        -:  438:    public:
       40:  439:      _LIBCPP_CONSTEXPR __destroy_vector(vector& __vec) : __vec_(__vec) {}
        -:  440:
        4:  441:      _LIBCPP_CONSTEXPR_SINCE_CXX20 _LIBCPP_HIDE_FROM_ABI void operator()() {
        4:  442:          __vec_.__annotate_delete();
        4:  443:          std::__debug_db_erase_c(std::addressof(__vec_));
        -:  444:
        4:  445:          if (__vec_.__begin_ != nullptr) {
        4:  446:            __vec_.__clear();
        4:  447:            __alloc_traits::deallocate(__vec_.__alloc(), __vec_.__begin_, __vec_.capacity());
        4:  448:          }
        4:  449:      }
        -:  450:
        -:  451:    private:
        -:  452:      vector& __vec_;
        -:  453:  };
        -:  454:
        -:  455:public:
        8:  456:  _LIBCPP_CONSTEXPR_SINCE_CXX20 _LIBCPP_HIDE_FROM_ABI ~vector() { __destroy_vector(*this)(); }
        -:  457:
        -:  458:    _LIBCPP_CONSTEXPR_SINCE_CXX20 _LIBCPP_HIDE_FROM_ABI vector(const vector& __x);
        -:  459:    _LIBCPP_CONSTEXPR_SINCE_CXX20 _LIBCPP_HIDE_FROM_ABI vector(const vector& __x, const __type_identity_t<allocator_type>& __a);
        -:  460:    _LIBCPP_CONSTEXPR_SINCE_CXX20 _LIBCPP_HIDE_FROM_ABI
        -:  461:    vector& operator=(const vector& __x);
        -:  462:
        -:  463:#ifndef _LIBCPP_CXX03_LANG
        -:  464:    _LIBCPP_CONSTEXPR_SINCE_CXX20 _LIBCPP_HIDE_FROM_ABI
        -:  465:    vector(initializer_list<value_type> __il);
        -:  466:
        -:  467:    _LIBCPP_CONSTEXPR_SINCE_CXX20 _LIBCPP_HIDE_FROM_ABI
        -:  468:    vector(initializer_list<value_type> __il, const allocator_type& __a);
        -:  469:
        -:  470:    _LIBCPP_CONSTEXPR_SINCE_CXX20 _LIBCPP_HIDE_FROM_ABI
        -:  471:    vector& operator=(initializer_list<value_type> __il)
        -:  472:        {assign(__il.begin(), __il.end()); return *this;}
        -:  473:#endif // !_LIBCPP_CXX03_LANG
        -:  474:
        -:  475:    _LIBCPP_CONSTEXPR_SINCE_CXX20 _LIBCPP_HIDE_FROM_ABI
        -:  476:    vector(vector&& __x)
        -:  477:#if _LIBCPP_STD_VER > 14
        -:  478:        noexcept;
        -:  479:#else
        -:  480:        _NOEXCEPT_(is_nothrow_move_constructible<allocator_type>::value);
        -:  481:#endif
        -:  482:
        -:  483:    _LIBCPP_CONSTEXPR_SINCE_CXX20 _LIBCPP_HIDE_FROM_ABI
        -:  484:    vector(vector&& __x, const __type_identity_t<allocator_type>& __a);
        -:  485:    _LIBCPP_CONSTEXPR_SINCE_CXX20 _LIBCPP_HIDE_FROM_ABI
        -:  486:    vector& operator=(vector&& __x)
        -:  487:        _NOEXCEPT_((__noexcept_move_assign_container<_Allocator, __alloc_traits>::value));
        -:  488:
        -:  489:  template <class _InputIterator,
        -:  490:            __enable_if_t<__is_exactly_cpp17_input_iterator<_InputIterator>::value &&
        -:  491:                              is_constructible<value_type, typename iterator_traits<_InputIterator>::reference>::value,
        -:  492:                          int> = 0>
        -:  493:  _LIBCPP_CONSTEXPR_SINCE_CXX20 _LIBCPP_HIDE_FROM_ABI void assign(_InputIterator __first, _InputIterator __last);
        -:  494:  template <
        -:  495:      class _ForwardIterator,
        -:  496:      __enable_if_t<__is_cpp17_forward_iterator<_ForwardIterator>::value &&
        -:  497:                        is_constructible<value_type, typename iterator_traits<_ForwardIterator>::reference>::value,
        -:  498:                    int> = 0>
        -:  499:  _LIBCPP_CONSTEXPR_SINCE_CXX20 _LIBCPP_HIDE_FROM_ABI void assign(_ForwardIterator __first, _ForwardIterator __last);
        -:  500:
        -:  501:    _LIBCPP_CONSTEXPR_SINCE_CXX20 _LIBCPP_HIDE_FROM_ABI void assign(size_type __n, const_reference __u);
        -:  502:
        -:  503:#ifndef _LIBCPP_CXX03_LANG
        -:  504:    _LIBCPP_CONSTEXPR_SINCE_CXX20 _LIBCPP_HIDE_FROM_ABI
        -:  505:    void assign(initializer_list<value_type> __il)
        -:  506:        {assign(__il.begin(), __il.end());}
        -:  507:#endif
        -:  508:
        -:  509:    _LIBCPP_CONSTEXPR_SINCE_CXX20 _LIBCPP_HIDE_FROM_ABI
        -:  510:    allocator_type get_allocator() const _NOEXCEPT
        -:  511:        {return this->__alloc();}
        -:  512:
        -:  513:    _LIBCPP_CONSTEXPR_SINCE_CXX20 _LIBCPP_HIDE_FROM_ABI iterator               begin() _NOEXCEPT;
        -:  514:    _LIBCPP_CONSTEXPR_SINCE_CXX20 _LIBCPP_HIDE_FROM_ABI const_iterator         begin()   const _NOEXCEPT;
        -:  515:    _LIBCPP_CONSTEXPR_SINCE_CXX20 _LIBCPP_HIDE_FROM_ABI iterator               end() _NOEXCEPT;
        -:  516:    _LIBCPP_CONSTEXPR_SINCE_CXX20 _LIBCPP_HIDE_FROM_ABI const_iterator         end()     const _NOEXCEPT;
        -:  517:
        -:  518:    _LIBCPP_CONSTEXPR_SINCE_CXX20 _LIBCPP_HIDE_FROM_ABI
        -:  519:    reverse_iterator       rbegin() _NOEXCEPT
        -:  520:        {return       reverse_iterator(end());}
        -:  521:    _LIBCPP_CONSTEXPR_SINCE_CXX20 _LIBCPP_HIDE_FROM_ABI
        -:  522:    const_reverse_iterator rbegin()  const _NOEXCEPT
        -:  523:        {return const_reverse_iterator(end());}
        -:  524:    _LIBCPP_CONSTEXPR_SINCE_CXX20 _LIBCPP_HIDE_FROM_ABI
        -:  525:    reverse_iterator       rend() _NOEXCEPT
        -:  526:        {return       reverse_iterator(begin());}
        -:  527:    _LIBCPP_CONSTEXPR_SINCE_CXX20 _LIBCPP_HIDE_FROM_ABI
        -:  528:    const_reverse_iterator rend()    const _NOEXCEPT
        -:  529:        {return const_reverse_iterator(begin());}
        -:  530:
        -:  531:    _LIBCPP_CONSTEXPR_SINCE_CXX20 _LIBCPP_HIDE_FROM_ABI
        -:  532:    const_iterator         cbegin()  const _NOEXCEPT
        -:  533:        {return begin();}
        -:  534:    _LIBCPP_CONSTEXPR_SINCE_CXX20 _LIBCPP_HIDE_FROM_ABI
        -:  535:    const_iterator         cend()    const _NOEXCEPT
        -:  536:        {return end();}
        -:  537:    _LIBCPP_CONSTEXPR_SINCE_CXX20 _LIBCPP_HIDE_FROM_ABI
        -:  538:    const_reverse_iterator crbegin() const _NOEXCEPT
        -:  539:        {return rbegin();}
        -:  540:    _LIBCPP_CONSTEXPR_SINCE_CXX20 _LIBCPP_HIDE_FROM_ABI
        -:  541:    const_reverse_iterator crend()   const _NOEXCEPT
        -:  542:        {return rend();}
        -:  543:
        -:  544:    _LIBCPP_CONSTEXPR_SINCE_CXX20 _LIBCPP_HIDE_FROM_ABI
       37:  545:    size_type size() const _NOEXCEPT
       37:  546:        {return static_cast<size_type>(this->__end_ - this->__begin_);}
        -:  547:    _LIBCPP_CONSTEXPR_SINCE_CXX20 _LIBCPP_HIDE_FROM_ABI
       50:  548:    size_type capacity() const _NOEXCEPT
       50:  549:        {return static_cast<size_type>(__end_cap() - this->__begin_);}
        -:  550:    _LIBCPP_NODISCARD_AFTER_CXX17 _LIBCPP_CONSTEXPR_SINCE_CXX20 _LIBCPP_HIDE_FROM_ABI
        -:  551:    bool empty() const _NOEXCEPT
        -:  552:        {return this->__begin_ == this->__end_;}
        -:  553:    _LIBCPP_CONSTEXPR_SINCE_CXX20 _LIBCPP_HIDE_FROM_ABI size_type max_size() const _NOEXCEPT;
        -:  554:    _LIBCPP_CONSTEXPR_SINCE_CXX20 _LIBCPP_HIDE_FROM_ABI void reserve(size_type __n);
        -:  555:    _LIBCPP_CONSTEXPR_SINCE_CXX20 _LIBCPP_HIDE_FROM_ABI void shrink_to_fit() _NOEXCEPT;
        -:  556:
        -:  557:    _LIBCPP_CONSTEXPR_SINCE_CXX20 _LIBCPP_HIDE_FROM_ABI reference       operator[](size_type __n) _NOEXCEPT;
        -:  558:    _LIBCPP_CONSTEXPR_SINCE_CXX20 _LIBCPP_HIDE_FROM_ABI const_reference operator[](size_type __n) const _NOEXCEPT;
        -:  559:    _LIBCPP_CONSTEXPR_SINCE_CXX20 _LIBCPP_HIDE_FROM_ABI reference       at(size_type __n);
        -:  560:    _LIBCPP_CONSTEXPR_SINCE_CXX20 _LIBCPP_HIDE_FROM_ABI const_reference at(size_type __n) const;
        -:  561:
        -:  562:    _LIBCPP_CONSTEXPR_SINCE_CXX20 _LIBCPP_HIDE_FROM_ABI reference       front() _NOEXCEPT
        -:  563:    {
        -:  564:        _LIBCPP_ASSERT(!empty(), "front() called on an empty vector");
        -:  565:        return *this->__begin_;
        -:  566:    }
        -:  567:    _LIBCPP_CONSTEXPR_SINCE_CXX20 _LIBCPP_HIDE_FROM_ABI const_reference front() const _NOEXCEPT
        -:  568:    {
        -:  569:        _LIBCPP_ASSERT(!empty(), "front() called on an empty vector");
        -:  570:        return *this->__begin_;
        -:  571:    }
        -:  572:    _LIBCPP_CONSTEXPR_SINCE_CXX20 _LIBCPP_HIDE_FROM_ABI reference       back() _NOEXCEPT
        -:  573:    {
        -:  574:        _LIBCPP_ASSERT(!empty(), "back() called on an empty vector");
        -:  575:        return *(this->__end_ - 1);
        -:  576:    }
        -:  577:    _LIBCPP_CONSTEXPR_SINCE_CXX20 _LIBCPP_HIDE_FROM_ABI const_reference back()  const _NOEXCEPT
        -:  578:    {
        -:  579:        _LIBCPP_ASSERT(!empty(), "back() called on an empty vector");
        -:  580:        return *(this->__end_ - 1);
        -:  581:    }
        -:  582:
        -:  583:    _LIBCPP_CONSTEXPR_SINCE_CXX20 _LIBCPP_HIDE_FROM_ABI
        -:  584:    value_type*       data() _NOEXCEPT
        -:  585:        {return std::__to_address(this->__begin_);}
        -:  586:
        -:  587:    _LIBCPP_CONSTEXPR_SINCE_CXX20 _LIBCPP_HIDE_FROM_ABI
       84:  588:    const value_type* data() const _NOEXCEPT
       84:  589:        {return std::__to_address(this->__begin_);}
        -:  590:
        -:  591:    _LIBCPP_CONSTEXPR_SINCE_CXX20 _LIBCPP_HIDE_FROM_ABI void push_back(const_reference __x);
        -:  592:
        -:  593:    _LIBCPP_CONSTEXPR_SINCE_CXX20 _LIBCPP_HIDE_FROM_ABI void push_back(value_type&& __x);
        -:  594:
        -:  595:    template <class... _Args>
        -:  596:    _LIBCPP_CONSTEXPR_SINCE_CXX20 _LIBCPP_HIDE_FROM_ABI
        -:  597:#if _LIBCPP_STD_VER > 14
        -:  598:        reference emplace_back(_Args&&... __args);
        -:  599:#else
        -:  600:        void      emplace_back(_Args&&... __args);
        -:  601:#endif
        -:  602:
        -:  603:    _LIBCPP_CONSTEXPR_SINCE_CXX20 _LIBCPP_HIDE_FROM_ABI
        -:  604:    void pop_back();
        -:  605:
        -:  606:    _LIBCPP_CONSTEXPR_SINCE_CXX20 _LIBCPP_HIDE_FROM_ABI iterator insert(const_iterator __position, const_reference __x);
        -:  607:
        -:  608:    _LIBCPP_CONSTEXPR_SINCE_CXX20 _LIBCPP_HIDE_FROM_ABI iterator insert(const_iterator __position, value_type&& __x);
        -:  609:    template <class... _Args>
        -:  610:    _LIBCPP_CONSTEXPR_SINCE_CXX20 _LIBCPP_HIDE_FROM_ABI iterator emplace(const_iterator __position, _Args&&... __args);
        -:  611:
        -:  612:    _LIBCPP_CONSTEXPR_SINCE_CXX20 _LIBCPP_HIDE_FROM_ABI
        -:  613:    iterator insert(const_iterator __position, size_type __n, const_reference __x);
        -:  614:
        -:  615:  template <class _InputIterator,
        -:  616:            __enable_if_t<__is_exactly_cpp17_input_iterator<_InputIterator>::value &&
        -:  617:                              is_constructible< value_type, typename iterator_traits<_InputIterator>::reference>::value,
        -:  618:                          int> = 0>
        -:  619:  _LIBCPP_CONSTEXPR_SINCE_CXX20 _LIBCPP_HIDE_FROM_ABI iterator
        -:  620:  insert(const_iterator __position, _InputIterator __first, _InputIterator __last);
        -:  621:
        -:  622:  template <
        -:  623:      class _ForwardIterator,
        -:  624:      __enable_if_t<__is_cpp17_forward_iterator<_ForwardIterator>::value &&
        -:  625:                        is_constructible< value_type, typename iterator_traits<_ForwardIterator>::reference>::value,
        -:  626:                    int> = 0>
        -:  627:  _LIBCPP_CONSTEXPR_SINCE_CXX20 _LIBCPP_HIDE_FROM_ABI iterator
        -:  628:  insert(const_iterator __position, _ForwardIterator __first, _ForwardIterator __last);
        -:  629:
        -:  630:#ifndef _LIBCPP_CXX03_LANG
        -:  631:    _LIBCPP_CONSTEXPR_SINCE_CXX20 _LIBCPP_HIDE_FROM_ABI
        -:  632:    iterator insert(const_iterator __position, initializer_list<value_type> __il)
        -:  633:        {return insert(__position, __il.begin(), __il.end());}
        -:  634:#endif
        -:  635:
        -:  636:    _LIBCPP_CONSTEXPR_SINCE_CXX20 _LIBCPP_HIDE_FROM_ABI iterator erase(const_iterator __position);
        -:  637:    _LIBCPP_CONSTEXPR_SINCE_CXX20 _LIBCPP_HIDE_FROM_ABI iterator erase(const_iterator __first, const_iterator __last);
        -:  638:
        -:  639:    _LIBCPP_CONSTEXPR_SINCE_CXX20 _LIBCPP_HIDE_FROM_ABI
        -:  640:    void clear() _NOEXCEPT
        -:  641:    {
        -:  642:        size_type __old_size = size();
        -:  643:        __clear();
        -:  644:        __annotate_shrink(__old_size);
        -:  645:        std::__debug_db_invalidate_all(this);
        -:  646:    }
        -:  647:
        -:  648:    _LIBCPP_CONSTEXPR_SINCE_CXX20 _LIBCPP_HIDE_FROM_ABI void resize(size_type __sz);
        -:  649:    _LIBCPP_CONSTEXPR_SINCE_CXX20 _LIBCPP_HIDE_FROM_ABI void resize(size_type __sz, const_reference __x);
        -:  650:
        -:  651:    _LIBCPP_CONSTEXPR_SINCE_CXX20 _LIBCPP_HIDE_FROM_ABI void swap(vector&)
        -:  652:#if _LIBCPP_STD_VER >= 14
        -:  653:        _NOEXCEPT;
        -:  654:#else
        -:  655:        _NOEXCEPT_(!__alloc_traits::propagate_on_container_swap::value ||
        -:  656:                    __is_nothrow_swappable<allocator_type>::value);
        -:  657:#endif
        -:  658:
        -:  659:    _LIBCPP_CONSTEXPR_SINCE_CXX20 _LIBCPP_HIDE_FROM_ABI bool __invariants() const;
        -:  660:
        -:  661:#ifdef _LIBCPP_ENABLE_DEBUG_MODE
        -:  662:
        -:  663:    bool __dereferenceable(const const_iterator* __i) const;
        -:  664:    bool __decrementable(const const_iterator* __i) const;
        -:  665:    bool __addable(const const_iterator* __i, ptrdiff_t __n) const;
        -:  666:    bool __subscriptable(const const_iterator* __i, ptrdiff_t __n) const;
        -:  667:
        -:  668:#endif // _LIBCPP_ENABLE_DEBUG_MODE
        -:  669:
        -:  670:private:
        2:  671:    pointer __begin_ = nullptr;
        2:  672:    pointer __end_ = nullptr;
        2:  673:    __compressed_pair<pointer, allocator_type> __end_cap_ =
        2:  674:        __compressed_pair<pointer, allocator_type>(nullptr, __default_init_tag());
        -:  675:
        -:  676:    _LIBCPP_HIDE_FROM_ABI void __invalidate_iterators_past(pointer __new_last);
        -:  677:
        -:  678:    //  Allocate space for __n objects
        -:  679:    //  throws length_error if __n > max_size()
        -:  680:    //  throws (probably bad_alloc) if memory run out
        -:  681:    //  Precondition:  __begin_ == __end_ == __end_cap() == 0
        -:  682:    //  Precondition:  __n > 0
        -:  683:    //  Postcondition:  capacity() >= __n
        -:  684:    //  Postcondition:  size() == 0
        2:  685:    _LIBCPP_CONSTEXPR_SINCE_CXX20 _LIBCPP_HIDE_FROM_ABI void __vallocate(size_type __n) {
        2:  686:        if (__n > max_size())
    #####:  687:            __throw_length_error();
        2:  688:        auto __allocation = std::__allocate_at_least(__alloc(), __n);
        2:  689:        __begin_ = __allocation.ptr;
        2:  690:        __end_ = __allocation.ptr;
        2:  691:        __end_cap() = __begin_ + __allocation.count;
        2:  692:        __annotate_new(0);
        2:  693:    }
        -:  694:
        -:  695:    _LIBCPP_CONSTEXPR_SINCE_CXX20 _LIBCPP_HIDE_FROM_ABI void __vdeallocate() _NOEXCEPT;
        -:  696:    _LIBCPP_CONSTEXPR_SINCE_CXX20 _LIBCPP_HIDE_FROM_ABI size_type __recommend(size_type __new_size) const;
        -:  697:    _LIBCPP_CONSTEXPR_SINCE_CXX20 _LIBCPP_HIDE_FROM_ABI void __construct_at_end(size_type __n);
        -:  698:    _LIBCPP_CONSTEXPR_SINCE_CXX20 _LIBCPP_HIDE_FROM_ABI
        -:  699:    void __construct_at_end(size_type __n, const_reference __x);
        -:  700:
        -:  701:  template <class _ForwardIterator, __enable_if_t<__is_cpp17_forward_iterator<_ForwardIterator>::value, int> = 0>
        -:  702:  _LIBCPP_CONSTEXPR_SINCE_CXX20 _LIBCPP_HIDE_FROM_ABI void
        -:  703:  __construct_at_end(_ForwardIterator __first, _ForwardIterator __last, size_type __n);
        -:  704:
        -:  705:    _LIBCPP_CONSTEXPR_SINCE_CXX20 _LIBCPP_HIDE_FROM_ABI void __append(size_type __n);
        -:  706:    _LIBCPP_CONSTEXPR_SINCE_CXX20 _LIBCPP_HIDE_FROM_ABI void __append(size_type __n, const_reference __x);
        -:  707:    _LIBCPP_CONSTEXPR_SINCE_CXX20 _LIBCPP_HIDE_FROM_ABI
        -:  708:    iterator       __make_iter(pointer __p) _NOEXCEPT { return iterator(this, __p); }
        -:  709:    _LIBCPP_CONSTEXPR_SINCE_CXX20 _LIBCPP_HIDE_FROM_ABI
        -:  710:    const_iterator __make_iter(const_pointer __p) const _NOEXCEPT { return const_iterator(this, __p); }
        -:  711:    _LIBCPP_CONSTEXPR_SINCE_CXX20 _LIBCPP_HIDE_FROM_ABI void __swap_out_circular_buffer(__split_buffer<value_type, allocator_type&>& __v);
        -:  712:    _LIBCPP_CONSTEXPR_SINCE_CXX20 _LIBCPP_HIDE_FROM_ABI pointer __swap_out_circular_buffer(__split_buffer<value_type, allocator_type&>& __v, pointer __p);
        -:  713:    _LIBCPP_CONSTEXPR_SINCE_CXX20 _LIBCPP_HIDE_FROM_ABI void __move_range(pointer __from_s, pointer __from_e, pointer __to);
        -:  714:    _LIBCPP_CONSTEXPR_SINCE_CXX20 _LIBCPP_HIDE_FROM_ABI void __move_assign(vector& __c, true_type)
        -:  715:        _NOEXCEPT_(is_nothrow_move_assignable<allocator_type>::value);
        -:  716:    _LIBCPP_CONSTEXPR_SINCE_CXX20 _LIBCPP_HIDE_FROM_ABI void __move_assign(vector& __c, false_type)
        -:  717:        _NOEXCEPT_(__alloc_traits::is_always_equal::value);
        -:  718:    _LIBCPP_CONSTEXPR_SINCE_CXX20 _LIBCPP_HIDE_FROM_ABI
        -:  719:    void __destruct_at_end(pointer __new_last) _NOEXCEPT
        -:  720:    {
        -:  721:        if (!__libcpp_is_constant_evaluated())
        -:  722:            __invalidate_iterators_past(__new_last);
        -:  723:        size_type __old_size = size();
        -:  724:        __base_destruct_at_end(__new_last);
        -:  725:        __annotate_shrink(__old_size);
        -:  726:    }
        -:  727:
        -:  728:    template <class _Up>
        -:  729:    _LIBCPP_CONSTEXPR_SINCE_CXX20 _LIBCPP_HIDE_FROM_ABI
        -:  730:    inline void __push_back_slow_path(_Up&& __x);
        -:  731:
        -:  732:    template <class... _Args>
        -:  733:    _LIBCPP_CONSTEXPR_SINCE_CXX20 _LIBCPP_HIDE_FROM_ABI
        -:  734:    inline void __emplace_back_slow_path(_Args&&... __args);
        -:  735:
        -:  736:    // The following functions are no-ops outside of AddressSanitizer mode.
        -:  737:    // We call annotatations only for the default Allocator because other allocators
        -:  738:    // may not meet the AddressSanitizer alignment constraints.
        -:  739:    // See the documentation for __sanitizer_annotate_contiguous_container for more details.
        -:  740:#ifndef _LIBCPP_HAS_NO_ASAN
        -:  741:    _LIBCPP_CONSTEXPR_SINCE_CXX20
        -:  742:    void __annotate_contiguous_container(const void *__beg, const void *__end,
        -:  743:                                         const void *__old_mid,
        -:  744:                                         const void *__new_mid) const
        -:  745:    {
        -:  746:
        -:  747:      if (!__libcpp_is_constant_evaluated() && __beg && is_same<allocator_type, __default_allocator_type>::value)
        -:  748:        __sanitizer_annotate_contiguous_container(__beg, __end, __old_mid, __new_mid);
        -:  749:    }
        -:  750:#else
        -:  751:    _LIBCPP_CONSTEXPR_SINCE_CXX20 _LIBCPP_HIDE_FROM_ABI
       21:  752:    void __annotate_contiguous_container(const void*, const void*, const void*,
       21:  753:                                         const void*) const _NOEXCEPT {}
        -:  754:#endif
        -:  755:    _LIBCPP_CONSTEXPR_SINCE_CXX20 _LIBCPP_HIDE_FROM_ABI
        2:  756:    void __annotate_new(size_type __current_size) const _NOEXCEPT {
        4:  757:      __annotate_contiguous_container(data(), data() + capacity(),
        2:  758:                                      data() + capacity(), data() + __current_size);
        2:  759:    }
        -:  760:
        -:  761:    _LIBCPP_CONSTEXPR_SINCE_CXX20 _LIBCPP_HIDE_FROM_ABI
        8:  762:    void __annotate_delete() const _NOEXCEPT {
       16:  763:      __annotate_contiguous_container(data(), data() + capacity(),
        8:  764:                                      data() + size(), data() + capacity());
        8:  765:    }
        -:  766:
        -:  767:    _LIBCPP_CONSTEXPR_SINCE_CXX20 _LIBCPP_HIDE_FROM_ABI
        -:  768:    void __annotate_increase(size_type __n) const _NOEXCEPT
        -:  769:    {
        -:  770:      __annotate_contiguous_container(data(), data() + capacity(),
        -:  771:                                      data() + size(), data() + size() + __n);
        -:  772:    }
        -:  773:
        -:  774:    _LIBCPP_CONSTEXPR_SINCE_CXX20 _LIBCPP_HIDE_FROM_ABI
        -:  775:    void __annotate_shrink(size_type __old_size) const _NOEXCEPT
        -:  776:    {
        -:  777:      __annotate_contiguous_container(data(), data() + capacity(),
        -:  778:                                      data() + __old_size, data() + size());
        -:  779:    }
        -:  780:
        -:  781:  struct _ConstructTransaction {
        -:  782:    _LIBCPP_CONSTEXPR_SINCE_CXX20 _LIBCPP_HIDE_FROM_ABI
        4:  783:    explicit _ConstructTransaction(vector &__v, size_type __n)
        4:  784:      : __v_(__v), __pos_(__v.__end_), __new_end_(__v.__end_ + __n) {
        -:  785:#ifndef _LIBCPP_HAS_NO_ASAN
        -:  786:      __v_.__annotate_increase(__n);
        -:  787:#endif
        4:  788:    }
        4:  789:    _LIBCPP_CONSTEXPR_SINCE_CXX20 _LIBCPP_HIDE_FROM_ABI ~_ConstructTransaction() {
        2:  790:      __v_.__end_ = __pos_;
        -:  791:#ifndef _LIBCPP_HAS_NO_ASAN
        -:  792:      if (__pos_ != __new_end_) {
        -:  793:        __v_.__annotate_shrink(__new_end_ - __v_.__begin_);
        -:  794:      }
        -:  795:#endif
        4:  796:    }
        -:  797:
        -:  798:    vector &__v_;
        -:  799:    pointer __pos_;
        -:  800:    const_pointer const __new_end_;
        -:  801:
        -:  802:  private:
        -:  803:    _ConstructTransaction(_ConstructTransaction const&) = delete;
        -:  804:    _ConstructTransaction& operator=(_ConstructTransaction const&) = delete;
        -:  805:  };
        -:  806:
        -:  807:  template <class ..._Args>
        -:  808:  _LIBCPP_CONSTEXPR_SINCE_CXX20 _LIBCPP_HIDE_FROM_ABI
        -:  809:  void __construct_one_at_end(_Args&& ...__args) {
        -:  810:    _ConstructTransaction __tx(*this, 1);
        -:  811:    __alloc_traits::construct(this->__alloc(), std::__to_address(__tx.__pos_),
        -:  812:        std::forward<_Args>(__args)...);
        -:  813:    ++__tx.__pos_;
        -:  814:  }
        -:  815:
        -:  816:  _LIBCPP_CONSTEXPR_SINCE_CXX20 _LIBCPP_HIDE_FROM_ABI
      104:  817:  allocator_type& __alloc() _NOEXCEPT
      104:  818:      {return this->__end_cap_.second();}
        -:  819:  _LIBCPP_CONSTEXPR_SINCE_CXX20 _LIBCPP_HIDE_FROM_ABI
        2:  820:  const allocator_type& __alloc() const _NOEXCEPT
        2:  821:      {return this->__end_cap_.second();}
        -:  822:  _LIBCPP_CONSTEXPR_SINCE_CXX20 _LIBCPP_HIDE_FROM_ABI
        2:  823:  pointer& __end_cap() _NOEXCEPT
        2:  824:      {return this->__end_cap_.first();}
        -:  825:  _LIBCPP_CONSTEXPR_SINCE_CXX20 _LIBCPP_HIDE_FROM_ABI
       50:  826:  const pointer& __end_cap() const _NOEXCEPT
       50:  827:      {return this->__end_cap_.first();}
        -:  828:
        -:  829:  _LIBCPP_CONSTEXPR_SINCE_CXX20 _LIBCPP_HIDE_FROM_ABI
        4:  830:  void __clear() _NOEXCEPT {__base_destruct_at_end(this->__begin_);}
        -:  831:
        -:  832:  _LIBCPP_CONSTEXPR_SINCE_CXX20 _LIBCPP_HIDE_FROM_ABI
        4:  833:  void __base_destruct_at_end(pointer __new_last) _NOEXCEPT {
        4:  834:    pointer __soon_to_be_end = this->__end_;
       76:  835:    while (__new_last != __soon_to_be_end)
       72:  836:        __alloc_traits::destroy(__alloc(), std::__to_address(--__soon_to_be_end));
        4:  837:    this->__end_ = __new_last;
        4:  838:  }
        -:  839:
        -:  840:  _LIBCPP_CONSTEXPR_SINCE_CXX20 _LIBCPP_HIDE_FROM_ABI
        -:  841:  void __copy_assign_alloc(const vector& __c)
        -:  842:      {__copy_assign_alloc(__c, integral_constant<bool,
        -:  843:                    __alloc_traits::propagate_on_container_copy_assignment::value>());}
        -:  844:
        -:  845:  _LIBCPP_CONSTEXPR_SINCE_CXX20 _LIBCPP_HIDE_FROM_ABI
        -:  846:  void __move_assign_alloc(vector& __c)
        -:  847:      _NOEXCEPT_(
        -:  848:          !__alloc_traits::propagate_on_container_move_assignment::value ||
        -:  849:          is_nothrow_move_assignable<allocator_type>::value)
        -:  850:      {__move_assign_alloc(__c, integral_constant<bool,
        -:  851:                    __alloc_traits::propagate_on_container_move_assignment::value>());}
        -:  852:
        -:  853:  _LIBCPP_NORETURN _LIBCPP_HIDE_FROM_ABI
    #####:  854:  void __throw_length_error() const {
    #####:  855:      std::__throw_length_error("vector");
        -:  856:  }
        -:  857:
        -:  858:  _LIBCPP_NORETURN _LIBCPP_HIDE_FROM_ABI
        -:  859:  void __throw_out_of_range() const {
        -:  860:      std::__throw_out_of_range("vector");
        -:  861:  }
        -:  862:
        -:  863:  _LIBCPP_CONSTEXPR_SINCE_CXX20 _LIBCPP_HIDE_FROM_ABI
        -:  864:  void __copy_assign_alloc(const vector& __c, true_type)
        -:  865:  {
        -:  866:    if (__alloc() != __c.__alloc())
        -:  867:    {
        -:  868:      __clear();
        -:  869:      __alloc_traits::deallocate(__alloc(), this->__begin_, capacity());
        -:  870:      this->__begin_ = this->__end_ = __end_cap() = nullptr;
        -:  871:    }
        -:  872:    __alloc() = __c.__alloc();
        -:  873:  }
        -:  874:
        -:  875:  _LIBCPP_CONSTEXPR_SINCE_CXX20 _LIBCPP_HIDE_FROM_ABI
        -:  876:  void __copy_assign_alloc(const vector&, false_type)
        -:  877:  {}
        -:  878:
        -:  879:  _LIBCPP_CONSTEXPR_SINCE_CXX20 _LIBCPP_HIDE_FROM_ABI
        -:  880:  void __move_assign_alloc(vector& __c, true_type)
        -:  881:      _NOEXCEPT_(is_nothrow_move_assignable<allocator_type>::value)
        -:  882:  {
        -:  883:    __alloc() = std::move(__c.__alloc());
        -:  884:  }
        -:  885:
        -:  886:  _LIBCPP_CONSTEXPR_SINCE_CXX20 _LIBCPP_HIDE_FROM_ABI
        -:  887:  void __move_assign_alloc(vector&, false_type)
        -:  888:      _NOEXCEPT
        -:  889:  {}
        -:  890:};
        -:  891:
        -:  892:#if _LIBCPP_STD_VER >= 17
        -:  893:template<class _InputIterator,
        -:  894:         class _Alloc = allocator<__iter_value_type<_InputIterator>>,
        -:  895:         class = enable_if_t<__is_cpp17_input_iterator<_InputIterator>::value>,
        -:  896:         class = enable_if_t<__is_allocator<_Alloc>::value>
        -:  897:         >
        -:  898:vector(_InputIterator, _InputIterator)
        -:  899:  -> vector<__iter_value_type<_InputIterator>, _Alloc>;
        -:  900:
        -:  901:template<class _InputIterator,
        -:  902:         class _Alloc,
        -:  903:         class = enable_if_t<__is_cpp17_input_iterator<_InputIterator>::value>,
        -:  904:         class = enable_if_t<__is_allocator<_Alloc>::value>
        -:  905:         >
        -:  906:vector(_InputIterator, _InputIterator, _Alloc)
        -:  907:  -> vector<__iter_value_type<_InputIterator>, _Alloc>;
        -:  908:#endif
        -:  909:
        -:  910:template <class _Tp, class _Allocator>
        -:  911:_LIBCPP_CONSTEXPR_SINCE_CXX20
        -:  912:void
        -:  913:vector<_Tp, _Allocator>::__swap_out_circular_buffer(__split_buffer<value_type, allocator_type&>& __v)
        -:  914:{
        -:  915:    __annotate_delete();
        -:  916:    using _RevIter = std::reverse_iterator<pointer>;
        -:  917:    __v.__begin_   = std::__uninitialized_allocator_move_if_noexcept(
        -:  918:                       __alloc(), _RevIter(__end_), _RevIter(__begin_), _RevIter(__v.__begin_))
        -:  919:                       .base();
        -:  920:    std::swap(this->__begin_, __v.__begin_);
        -:  921:    std::swap(this->__end_, __v.__end_);
        -:  922:    std::swap(this->__end_cap(), __v.__end_cap());
        -:  923:    __v.__first_ = __v.__begin_;
        -:  924:    __annotate_new(size());
        -:  925:    std::__debug_db_invalidate_all(this);
        -:  926:}
        -:  927:
        -:  928:template <class _Tp, class _Allocator>
        -:  929:_LIBCPP_CONSTEXPR_SINCE_CXX20
        -:  930:typename vector<_Tp, _Allocator>::pointer
        -:  931:vector<_Tp, _Allocator>::__swap_out_circular_buffer(__split_buffer<value_type, allocator_type&>& __v, pointer __p)
        -:  932:{
        -:  933:    __annotate_delete();
        -:  934:    pointer __r = __v.__begin_;
        -:  935:    using _RevIter = std::reverse_iterator<pointer>;
        -:  936:    __v.__begin_   = std::__uninitialized_allocator_move_if_noexcept(
        -:  937:                       __alloc(), _RevIter(__p), _RevIter(__begin_), _RevIter(__v.__begin_))
        -:  938:                       .base();
        -:  939:    __v.__end_ = std::__uninitialized_allocator_move_if_noexcept(__alloc(), __p, __end_, __v.__end_);
        -:  940:    std::swap(this->__begin_, __v.__begin_);
        -:  941:    std::swap(this->__end_, __v.__end_);
        -:  942:    std::swap(this->__end_cap(), __v.__end_cap());
        -:  943:    __v.__first_ = __v.__begin_;
        -:  944:    __annotate_new(size());
        -:  945:    std::__debug_db_invalidate_all(this);
        -:  946:    return __r;
        -:  947:}
        -:  948:
        -:  949:template <class _Tp, class _Allocator>
        -:  950:_LIBCPP_CONSTEXPR_SINCE_CXX20
        -:  951:void
        -:  952:vector<_Tp, _Allocator>::__vdeallocate() _NOEXCEPT
        -:  953:{
        -:  954:    if (this->__begin_ != nullptr)
        -:  955:    {
        -:  956:        clear();
        -:  957:        __alloc_traits::deallocate(this->__alloc(), this->__begin_, capacity());
        -:  958:        this->__begin_ = this->__end_ = this->__end_cap() = nullptr;
        -:  959:    }
        -:  960:}
        -:  961:
        -:  962:template <class _Tp, class _Allocator>
        -:  963:_LIBCPP_CONSTEXPR_SINCE_CXX20
        -:  964:typename vector<_Tp, _Allocator>::size_type
        2:  965:vector<_Tp, _Allocator>::max_size() const _NOEXCEPT
        -:  966:{
        4:  967:    return std::min<size_type>(__alloc_traits::max_size(this->__alloc()),
        2:  968:                                 numeric_limits<difference_type>::max());
        -:  969:}
        -:  970:
        -:  971://  Precondition:  __new_size > capacity()
        -:  972:template <class _Tp, class _Allocator>
        -:  973:_LIBCPP_CONSTEXPR_SINCE_CXX20
        -:  974:inline _LIBCPP_HIDE_FROM_ABI
        -:  975:typename vector<_Tp, _Allocator>::size_type
        -:  976:vector<_Tp, _Allocator>::__recommend(size_type __new_size) const
        -:  977:{
        -:  978:    const size_type __ms = max_size();
        -:  979:    if (__new_size > __ms)
        -:  980:        this->__throw_length_error();
        -:  981:    const size_type __cap = capacity();
        -:  982:    if (__cap >= __ms / 2)
        -:  983:        return __ms;
        -:  984:    return std::max<size_type>(2 * __cap, __new_size);
        -:  985:}
        -:  986:
        -:  987://  Default constructs __n objects starting at __end_
        -:  988://  throws if construction throws
        -:  989://  Precondition:  __n > 0
        -:  990://  Precondition:  size() + __n <= capacity()
        -:  991://  Postcondition:  size() == size() + __n
        -:  992:template <class _Tp, class _Allocator>
        -:  993:_LIBCPP_CONSTEXPR_SINCE_CXX20
        -:  994:void
        -:  995:vector<_Tp, _Allocator>::__construct_at_end(size_type __n)
        -:  996:{
        -:  997:    _ConstructTransaction __tx(*this, __n);
        -:  998:    const_pointer __new_end = __tx.__new_end_;
        -:  999:    for (pointer __pos = __tx.__pos_; __pos != __new_end; __tx.__pos_ = ++__pos) {
        -: 1000:        __alloc_traits::construct(this->__alloc(), std::__to_address(__pos));
        -: 1001:    }
        -: 1002:}
        -: 1003:
        -: 1004://  Copy constructs __n objects starting at __end_ from __x
        -: 1005://  throws if construction throws
        -: 1006://  Precondition:  __n > 0
        -: 1007://  Precondition:  size() + __n <= capacity()
        -: 1008://  Postcondition:  size() == old size() + __n
        -: 1009://  Postcondition:  [i] == __x for all i in [size() - __n, __n)
        -: 1010:template <class _Tp, class _Allocator>
        -: 1011:_LIBCPP_CONSTEXPR_SINCE_CXX20
        -: 1012:inline
        -: 1013:void
        -: 1014:vector<_Tp, _Allocator>::__construct_at_end(size_type __n, const_reference __x)
        -: 1015:{
        -: 1016:    _ConstructTransaction __tx(*this, __n);
        -: 1017:    const_pointer __new_end = __tx.__new_end_;
        -: 1018:    for (pointer __pos = __tx.__pos_; __pos != __new_end; __tx.__pos_ = ++__pos) {
        -: 1019:        __alloc_traits::construct(this->__alloc(), std::__to_address(__pos), __x);
        -: 1020:    }
        -: 1021:}
        -: 1022:
        -: 1023:template <class _Tp, class _Allocator>
        -: 1024:template <class _ForwardIterator, __enable_if_t<__is_cpp17_forward_iterator<_ForwardIterator>::value, int> >
        -: 1025:_LIBCPP_CONSTEXPR_SINCE_CXX20 void
        2: 1026:vector<_Tp, _Allocator>::__construct_at_end(_ForwardIterator __first, _ForwardIterator __last, size_type __n)
        -: 1027:{
        2: 1028:  _ConstructTransaction __tx(*this, __n);
        2: 1029:  __tx.__pos_ = std::__uninitialized_allocator_copy(__alloc(), __first, __last, __tx.__pos_);
        2: 1030:}
        -: 1031:
        -: 1032://  Default constructs __n objects starting at __end_
        -: 1033://  throws if construction throws
        -: 1034://  Postcondition:  size() == size() + __n
        -: 1035://  Exception safety: strong.
        -: 1036:template <class _Tp, class _Allocator>
        -: 1037:_LIBCPP_CONSTEXPR_SINCE_CXX20
        -: 1038:void
        -: 1039:vector<_Tp, _Allocator>::__append(size_type __n)
        -: 1040:{
        -: 1041:    if (static_cast<size_type>(this->__end_cap() - this->__end_) >= __n)
        -: 1042:        this->__construct_at_end(__n);
        -: 1043:    else
        -: 1044:    {
        -: 1045:        allocator_type& __a = this->__alloc();
        -: 1046:        __split_buffer<value_type, allocator_type&> __v(__recommend(size() + __n), size(), __a);
        -: 1047:        __v.__construct_at_end(__n);
        -: 1048:        __swap_out_circular_buffer(__v);
        -: 1049:    }
        -: 1050:}
        -: 1051:
        -: 1052://  Default constructs __n objects starting at __end_
        -: 1053://  throws if construction throws
        -: 1054://  Postcondition:  size() == size() + __n
        -: 1055://  Exception safety: strong.
        -: 1056:template <class _Tp, class _Allocator>
        -: 1057:_LIBCPP_CONSTEXPR_SINCE_CXX20
        -: 1058:void
        -: 1059:vector<_Tp, _Allocator>::__append(size_type __n, const_reference __x)
        -: 1060:{
        -: 1061:    if (static_cast<size_type>(this->__end_cap() - this->__end_) >= __n)
        -: 1062:        this->__construct_at_end(__n, __x);
        -: 1063:    else
        -: 1064:    {
        -: 1065:        allocator_type& __a = this->__alloc();
        -: 1066:        __split_buffer<value_type, allocator_type&> __v(__recommend(size() + __n), size(), __a);
        -: 1067:        __v.__construct_at_end(__n, __x);
        -: 1068:        __swap_out_circular_buffer(__v);
        -: 1069:    }
        -: 1070:}
        -: 1071:
        -: 1072:template <class _Tp, class _Allocator>
        -: 1073:_LIBCPP_CONSTEXPR_SINCE_CXX20
        -: 1074:vector<_Tp, _Allocator>::vector(size_type __n)
        -: 1075:{
        -: 1076:    auto __guard = std::__make_exception_guard(__destroy_vector(*this));
        -: 1077:    std::__debug_db_insert_c(this);
        -: 1078:    if (__n > 0)
        -: 1079:    {
        -: 1080:        __vallocate(__n);
        -: 1081:        __construct_at_end(__n);
        -: 1082:    }
        -: 1083:    __guard.__complete();
        -: 1084:}
        -: 1085:
        -: 1086:#if _LIBCPP_STD_VER > 11
        -: 1087:template <class _Tp, class _Allocator>
        -: 1088:_LIBCPP_CONSTEXPR_SINCE_CXX20
        -: 1089:vector<_Tp, _Allocator>::vector(size_type __n, const allocator_type& __a)
        -: 1090:    : __end_cap_(nullptr, __a)
        -: 1091:{
        -: 1092:    auto __guard = std::__make_exception_guard(__destroy_vector(*this));
        -: 1093:    std::__debug_db_insert_c(this);
        -: 1094:    if (__n > 0)
        -: 1095:    {
        -: 1096:        __vallocate(__n);
        -: 1097:        __construct_at_end(__n);
        -: 1098:    }
        -: 1099:    __guard.__complete();
        -: 1100:}
        -: 1101:#endif
        -: 1102:
        -: 1103:template <class _Tp, class _Allocator>
        -: 1104:_LIBCPP_CONSTEXPR_SINCE_CXX20
        -: 1105:vector<_Tp, _Allocator>::vector(size_type __n, const value_type& __x)
        -: 1106:{
        -: 1107:    auto __guard = std::__make_exception_guard(__destroy_vector(*this));
        -: 1108:    std::__debug_db_insert_c(this);
        -: 1109:    if (__n > 0)
        -: 1110:    {
        -: 1111:        __vallocate(__n);
        -: 1112:        __construct_at_end(__n, __x);
        -: 1113:    }
        -: 1114:    __guard.__complete();
        -: 1115:}
        -: 1116:
        -: 1117:template <class _Tp, class _Allocator>
        -: 1118:template <class _InputIterator, __enable_if_t<__is_exactly_cpp17_input_iterator<_InputIterator>::value &&
        -: 1119:                              is_constructible<_Tp, typename iterator_traits<_InputIterator>::reference>::value,
        -: 1120:                          int> >
        -: 1121:_LIBCPP_CONSTEXPR_SINCE_CXX20
        -: 1122:vector<_Tp, _Allocator>::vector(_InputIterator __first, _InputIterator __last)
        -: 1123:{
        -: 1124:    auto __guard = std::__make_exception_guard(__destroy_vector(*this));
        -: 1125:    std::__debug_db_insert_c(this);
        -: 1126:    for (; __first != __last; ++__first)
        -: 1127:        emplace_back(*__first);
        -: 1128:    __guard.__complete();
        -: 1129:}
        -: 1130:
        -: 1131:template <class _Tp, class _Allocator>
        -: 1132:template <class _InputIterator, __enable_if_t<__is_exactly_cpp17_input_iterator<_InputIterator>::value &&
        -: 1133:                              is_constructible<_Tp, typename iterator_traits<_InputIterator>::reference>::value,
        -: 1134:                          int> >
        -: 1135:_LIBCPP_CONSTEXPR_SINCE_CXX20
        -: 1136:vector<_Tp, _Allocator>::vector(_InputIterator __first, _InputIterator __last, const allocator_type& __a)
        -: 1137:    : __end_cap_(nullptr, __a)
        -: 1138:{
        -: 1139:    auto __guard = std::__make_exception_guard(__destroy_vector(*this));
        -: 1140:    std::__debug_db_insert_c(this);
        -: 1141:    for (; __first != __last; ++__first)
        -: 1142:        emplace_back(*__first);
        -: 1143:    __guard.__complete();
        -: 1144:}
        -: 1145:
        -: 1146:template <class _Tp, class _Allocator>
        -: 1147:template <class _ForwardIterator, __enable_if_t<__is_cpp17_forward_iterator<_ForwardIterator>::value &&
        -: 1148:                        is_constructible<_Tp, typename iterator_traits<_ForwardIterator>::reference>::value,
        -: 1149:                    int> >
        -: 1150:_LIBCPP_CONSTEXPR_SINCE_CXX20
        -: 1151:vector<_Tp, _Allocator>::vector(_ForwardIterator __first, _ForwardIterator __last)
        -: 1152:{
        -: 1153:    auto __guard = std::__make_exception_guard(__destroy_vector(*this));
        -: 1154:    std::__debug_db_insert_c(this);
        -: 1155:    size_type __n = static_cast<size_type>(std::distance(__first, __last));
        -: 1156:    if (__n > 0)
        -: 1157:    {
        -: 1158:        __vallocate(__n);
        -: 1159:        __construct_at_end(__first, __last, __n);
        -: 1160:    }
        -: 1161:    __guard.__complete();
        -: 1162:}
        -: 1163:
        -: 1164:template <class _Tp, class _Allocator>
        -: 1165:template <class _ForwardIterator, __enable_if_t<__is_cpp17_forward_iterator<_ForwardIterator>::value &&
        -: 1166:                        is_constructible<_Tp, typename iterator_traits<_ForwardIterator>::reference>::value,
        -: 1167:                    int> >
        -: 1168:_LIBCPP_CONSTEXPR_SINCE_CXX20
        -: 1169:vector<_Tp, _Allocator>::vector(_ForwardIterator __first, _ForwardIterator __last, const allocator_type& __a)
        -: 1170:    : __end_cap_(nullptr, __a)
        -: 1171:{
        -: 1172:    auto __guard = std::__make_exception_guard(__destroy_vector(*this));
        -: 1173:    std::__debug_db_insert_c(this);
        -: 1174:    size_type __n = static_cast<size_type>(std::distance(__first, __last));
        -: 1175:    if (__n > 0)
        -: 1176:    {
        -: 1177:        __vallocate(__n);
        -: 1178:        __construct_at_end(__first, __last, __n);
        -: 1179:    }
        -: 1180:    __guard.__complete();
        -: 1181:}
        -: 1182:
        -: 1183:template <class _Tp, class _Allocator>
        -: 1184:_LIBCPP_CONSTEXPR_SINCE_CXX20
        -: 1185:vector<_Tp, _Allocator>::vector(const vector& __x)
        -: 1186:    : __end_cap_(nullptr, __alloc_traits::select_on_container_copy_construction(__x.__alloc()))
        -: 1187:{
        -: 1188:    auto __guard = std::__make_exception_guard(__destroy_vector(*this));
        -: 1189:    std::__debug_db_insert_c(this);
        -: 1190:    size_type __n = __x.size();
        -: 1191:    if (__n > 0)
        -: 1192:    {
        -: 1193:        __vallocate(__n);
        -: 1194:        __construct_at_end(__x.__begin_, __x.__end_, __n);
        -: 1195:    }
        -: 1196:    __guard.__complete();
        -: 1197:}
        -: 1198:
        -: 1199:template <class _Tp, class _Allocator>
        -: 1200:_LIBCPP_CONSTEXPR_SINCE_CXX20
        -: 1201:vector<_Tp, _Allocator>::vector(const vector& __x, const __type_identity_t<allocator_type>& __a)
        -: 1202:    : __end_cap_(nullptr, __a)
        -: 1203:{
        -: 1204:    auto __guard = std::__make_exception_guard(__destroy_vector(*this));
        -: 1205:    std::__debug_db_insert_c(this);
        -: 1206:    size_type __n = __x.size();
        -: 1207:    if (__n > 0)
        -: 1208:    {
        -: 1209:        __vallocate(__n);
        -: 1210:        __construct_at_end(__x.__begin_, __x.__end_, __n);
        -: 1211:    }
        -: 1212:    __guard.__complete();
        -: 1213:}
        -: 1214:
        -: 1215:template <class _Tp, class _Allocator>
        -: 1216:_LIBCPP_CONSTEXPR_SINCE_CXX20
        -: 1217:inline _LIBCPP_HIDE_FROM_ABI
        -: 1218:vector<_Tp, _Allocator>::vector(vector&& __x)
        -: 1219:#if _LIBCPP_STD_VER > 14
        -: 1220:        noexcept
        -: 1221:#else
        -: 1222:        _NOEXCEPT_(is_nothrow_move_constructible<allocator_type>::value)
        -: 1223:#endif
        -: 1224:    : __end_cap_(nullptr, std::move(__x.__alloc()))
        -: 1225:{
        -: 1226:    std::__debug_db_insert_c(this);
        -: 1227:    std::__debug_db_swap(this, std::addressof(__x));
        -: 1228:    this->__begin_ = __x.__begin_;
        -: 1229:    this->__end_ = __x.__end_;
        -: 1230:    this->__end_cap() = __x.__end_cap();
        -: 1231:    __x.__begin_ = __x.__end_ = __x.__end_cap() = nullptr;
        -: 1232:}
        -: 1233:
        -: 1234:template <class _Tp, class _Allocator>
        -: 1235:_LIBCPP_CONSTEXPR_SINCE_CXX20
        -: 1236:inline _LIBCPP_HIDE_FROM_ABI
        -: 1237:vector<_Tp, _Allocator>::vector(vector&& __x, const __type_identity_t<allocator_type>& __a)
        -: 1238:    : __end_cap_(nullptr, __a)
        -: 1239:{
        -: 1240:    std::__debug_db_insert_c(this);
        -: 1241:    if (__a == __x.__alloc())
        -: 1242:    {
        -: 1243:        this->__begin_ = __x.__begin_;
        -: 1244:        this->__end_ = __x.__end_;
        -: 1245:        this->__end_cap() = __x.__end_cap();
        -: 1246:        __x.__begin_ = __x.__end_ = __x.__end_cap() = nullptr;
        -: 1247:        std::__debug_db_swap(this, std::addressof(__x));
        -: 1248:    }
        -: 1249:    else
        -: 1250:    {
        -: 1251:        typedef move_iterator<iterator> _Ip;
        -: 1252:        auto __guard = std::__make_exception_guard(__destroy_vector(*this));
        -: 1253:        assign(_Ip(__x.begin()), _Ip(__x.end()));
        -: 1254:        __guard.__complete();
        -: 1255:    }
        -: 1256:}
        -: 1257:
        -: 1258:#ifndef _LIBCPP_CXX03_LANG
        -: 1259:
        -: 1260:template <class _Tp, class _Allocator>
        -: 1261:_LIBCPP_CONSTEXPR_SINCE_CXX20
        -: 1262:inline _LIBCPP_HIDE_FROM_ABI
        4: 1263:vector<_Tp, _Allocator>::vector(initializer_list<value_type> __il)
        2: 1264:{
        2: 1265:    auto __guard = std::__make_exception_guard(__destroy_vector(*this));
        2: 1266:    std::__debug_db_insert_c(this);
        2: 1267:    if (__il.size() > 0)
        -: 1268:    {
        2: 1269:        __vallocate(__il.size());
        2: 1270:        __construct_at_end(__il.begin(), __il.end(), __il.size());
        2: 1271:    }
        2: 1272:    __guard.__complete();
        4: 1273:}
        -: 1274:
        -: 1275:template <class _Tp, class _Allocator>
        -: 1276:_LIBCPP_CONSTEXPR_SINCE_CXX20
        -: 1277:inline _LIBCPP_HIDE_FROM_ABI
        -: 1278:vector<_Tp, _Allocator>::vector(initializer_list<value_type> __il, const allocator_type& __a)
        -: 1279:    : __end_cap_(nullptr, __a)
        -: 1280:{
        -: 1281:    auto __guard = std::__make_exception_guard(__destroy_vector(*this));
        -: 1282:    std::__debug_db_insert_c(this);
        -: 1283:    if (__il.size() > 0)
        -: 1284:    {
        -: 1285:        __vallocate(__il.size());
        -: 1286:        __construct_at_end(__il.begin(), __il.end(), __il.size());
        -: 1287:    }
        -: 1288:    __guard.__complete();
        -: 1289:}
        -: 1290:
        -: 1291:#endif // _LIBCPP_CXX03_LANG
        -: 1292:
        -: 1293:template <class _Tp, class _Allocator>
        -: 1294:_LIBCPP_CONSTEXPR_SINCE_CXX20
        -: 1295:inline _LIBCPP_HIDE_FROM_ABI
        -: 1296:vector<_Tp, _Allocator>&
        -: 1297:vector<_Tp, _Allocator>::operator=(vector&& __x)
        -: 1298:    _NOEXCEPT_((__noexcept_move_assign_container<_Allocator, __alloc_traits>::value))
        -: 1299:{
        -: 1300:    __move_assign(__x, integral_constant<bool,
        -: 1301:          __alloc_traits::propagate_on_container_move_assignment::value>());
        -: 1302:    return *this;
        -: 1303:}
        -: 1304:
        -: 1305:template <class _Tp, class _Allocator>
        -: 1306:_LIBCPP_CONSTEXPR_SINCE_CXX20
        -: 1307:void
        -: 1308:vector<_Tp, _Allocator>::__move_assign(vector& __c, false_type)
        -: 1309:    _NOEXCEPT_(__alloc_traits::is_always_equal::value)
        -: 1310:{
        -: 1311:    if (__alloc() != __c.__alloc())
        -: 1312:    {
        -: 1313:        typedef move_iterator<iterator> _Ip;
        -: 1314:        assign(_Ip(__c.begin()), _Ip(__c.end()));
        -: 1315:    }
        -: 1316:    else
        -: 1317:        __move_assign(__c, true_type());
        -: 1318:}
        -: 1319:
        -: 1320:template <class _Tp, class _Allocator>
        -: 1321:_LIBCPP_CONSTEXPR_SINCE_CXX20
        -: 1322:void
        -: 1323:vector<_Tp, _Allocator>::__move_assign(vector& __c, true_type)
        -: 1324:    _NOEXCEPT_(is_nothrow_move_assignable<allocator_type>::value)
        -: 1325:{
        -: 1326:    __vdeallocate();
        -: 1327:    __move_assign_alloc(__c); // this can throw
        -: 1328:    this->__begin_ = __c.__begin_;
        -: 1329:    this->__end_ = __c.__end_;
        -: 1330:    this->__end_cap() = __c.__end_cap();
        -: 1331:    __c.__begin_ = __c.__end_ = __c.__end_cap() = nullptr;
        -: 1332:    std::__debug_db_swap(this, std::addressof(__c));
        -: 1333:}
        -: 1334:
        -: 1335:template <class _Tp, class _Allocator>
        -: 1336:_LIBCPP_CONSTEXPR_SINCE_CXX20
        -: 1337:inline _LIBCPP_HIDE_FROM_ABI
        -: 1338:vector<_Tp, _Allocator>&
        -: 1339:vector<_Tp, _Allocator>::operator=(const vector& __x)
        -: 1340:{
        -: 1341:    if (this != std::addressof(__x))
        -: 1342:    {
        -: 1343:        __copy_assign_alloc(__x);
        -: 1344:        assign(__x.__begin_, __x.__end_);
        -: 1345:    }
        -: 1346:    return *this;
        -: 1347:}
        -: 1348:
        -: 1349:template <class _Tp, class _Allocator>
        -: 1350:template <class _InputIterator, __enable_if_t<__is_exactly_cpp17_input_iterator<_InputIterator>::value &&
        -: 1351:                              is_constructible<_Tp, typename iterator_traits<_InputIterator>::reference>::value,
        -: 1352:                          int> >
        -: 1353:_LIBCPP_CONSTEXPR_SINCE_CXX20 void
        -: 1354:vector<_Tp, _Allocator>::assign(_InputIterator __first, _InputIterator __last)
        -: 1355:{
        -: 1356:    clear();
        -: 1357:    for (; __first != __last; ++__first)
        -: 1358:        emplace_back(*__first);
        -: 1359:}
        -: 1360:
        -: 1361:template <class _Tp, class _Allocator>
        -: 1362:template <class _ForwardIterator, __enable_if_t<__is_cpp17_forward_iterator<_ForwardIterator>::value &&
        -: 1363:                        is_constructible<_Tp, typename iterator_traits<_ForwardIterator>::reference>::value,
        -: 1364:                    int> >
        -: 1365:_LIBCPP_CONSTEXPR_SINCE_CXX20 void
        -: 1366:vector<_Tp, _Allocator>::assign(_ForwardIterator __first, _ForwardIterator __last)
        -: 1367:{
        -: 1368:    size_type __new_size = static_cast<size_type>(std::distance(__first, __last));
        -: 1369:    if (__new_size <= capacity())
        -: 1370:    {
        -: 1371:        _ForwardIterator __mid = __last;
        -: 1372:        bool __growing = false;
        -: 1373:        if (__new_size > size())
        -: 1374:        {
        -: 1375:            __growing = true;
        -: 1376:            __mid =  __first;
        -: 1377:            std::advance(__mid, size());
        -: 1378:        }
        -: 1379:        pointer __m = std::copy(__first, __mid, this->__begin_);
        -: 1380:        if (__growing)
        -: 1381:            __construct_at_end(__mid, __last, __new_size - size());
        -: 1382:        else
        -: 1383:            this->__destruct_at_end(__m);
        -: 1384:    }
        -: 1385:    else
        -: 1386:    {
        -: 1387:        __vdeallocate();
        -: 1388:        __vallocate(__recommend(__new_size));
        -: 1389:        __construct_at_end(__first, __last, __new_size);
        -: 1390:    }
        -: 1391:    std::__debug_db_invalidate_all(this);
        -: 1392:}
        -: 1393:
        -: 1394:template <class _Tp, class _Allocator>
        -: 1395:_LIBCPP_CONSTEXPR_SINCE_CXX20
        -: 1396:void
        -: 1397:vector<_Tp, _Allocator>::assign(size_type __n, const_reference __u)
        -: 1398:{
        -: 1399:    if (__n <= capacity())
        -: 1400:    {
        -: 1401:        size_type __s = size();
        -: 1402:        std::fill_n(this->__begin_, std::min(__n, __s), __u);
        -: 1403:        if (__n > __s)
        -: 1404:            __construct_at_end(__n - __s, __u);
        -: 1405:        else
        -: 1406:            this->__destruct_at_end(this->__begin_ + __n);
        -: 1407:    }
        -: 1408:    else
        -: 1409:    {
        -: 1410:        __vdeallocate();
        -: 1411:        __vallocate(__recommend(static_cast<size_type>(__n)));
        -: 1412:        __construct_at_end(__n, __u);
        -: 1413:    }
        -: 1414:    std::__debug_db_invalidate_all(this);
        -: 1415:}
        -: 1416:
        -: 1417:template <class _Tp, class _Allocator>
        -: 1418:_LIBCPP_CONSTEXPR_SINCE_CXX20
        -: 1419:inline _LIBCPP_HIDE_FROM_ABI
        -: 1420:typename vector<_Tp, _Allocator>::iterator
        -: 1421:vector<_Tp, _Allocator>::begin() _NOEXCEPT
        -: 1422:{
        -: 1423:    return __make_iter(this->__begin_);
        -: 1424:}
        -: 1425:
        -: 1426:template <class _Tp, class _Allocator>
        -: 1427:_LIBCPP_CONSTEXPR_SINCE_CXX20
        -: 1428:inline _LIBCPP_HIDE_FROM_ABI
        -: 1429:typename vector<_Tp, _Allocator>::const_iterator
        -: 1430:vector<_Tp, _Allocator>::begin() const _NOEXCEPT
        -: 1431:{
        -: 1432:    return __make_iter(this->__begin_);
        -: 1433:}
        -: 1434:
        -: 1435:template <class _Tp, class _Allocator>
        -: 1436:_LIBCPP_CONSTEXPR_SINCE_CXX20
        -: 1437:inline _LIBCPP_HIDE_FROM_ABI
        -: 1438:typename vector<_Tp, _Allocator>::iterator
        -: 1439:vector<_Tp, _Allocator>::end() _NOEXCEPT
        -: 1440:{
        -: 1441:    return __make_iter(this->__end_);
        -: 1442:}
        -: 1443:
        -: 1444:template <class _Tp, class _Allocator>
        -: 1445:_LIBCPP_CONSTEXPR_SINCE_CXX20
        -: 1446:inline _LIBCPP_HIDE_FROM_ABI
        -: 1447:typename vector<_Tp, _Allocator>::const_iterator
        -: 1448:vector<_Tp, _Allocator>::end() const _NOEXCEPT
        -: 1449:{
        -: 1450:    return __make_iter(this->__end_);
        -: 1451:}
        -: 1452:
        -: 1453:template <class _Tp, class _Allocator>
        -: 1454:_LIBCPP_CONSTEXPR_SINCE_CXX20
[...]
        -: 2922:vector<bool, _Allocator>::shrink_to_fit() _NOEXCEPT
        -: 2923:{
        -: 2924:    if (__external_cap_to_internal(size()) > __cap())
        -: 2925:    {
        -: 2926:#ifndef _LIBCPP_NO_EXCEPTIONS
        -: 2927:        try
        -: 2928:        {
        -: 2929:#endif // _LIBCPP_NO_EXCEPTIONS
        -: 2930:            vector(*this, allocator_type(__alloc())).swap(*this);
        -: 2931:#ifndef _LIBCPP_NO_EXCEPTIONS
        -: 2932:        }
        -: 2933:        catch (...)
        -: 2934:        {
        -: 2935:        }
        -: 2936:#endif // _LIBCPP_NO_EXCEPTIONS
        -: 2937:    }
        -: 2938:}
        -: 2939:
        -: 2940:template <class _Allocator>
        -: 2941:typename vector<bool, _Allocator>::reference
        -: 2942:vector<bool, _Allocator>::at(size_type __n)
        -: 2943:{
        -: 2944:    if (__n >= size())
        -: 2945:        this->__throw_out_of_range();
        -: 2946:    return (*this)[__n];
        -: 2947:}
        -: 2948:
        -: 2949:template <class _Allocator>
        -: 2950:typename vector<bool, _Allocator>::const_reference
        -: 2951:vector<bool, _Allocator>::at(size_type __n) const
        -: 2952:{
        -: 2953:    if (__n >= size())
        -: 2954:        this->__throw_out_of_range();
        -: 2955:    return (*this)[__n];
        -: 2956:}
        -: 2957:
        -: 2958:template <class _Allocator>
        -: 2959:_LIBCPP_CONSTEXPR_SINCE_CXX20 void
        -: 2960:vector<bool, _Allocator>::push_back(const value_type& __x)
        -: 2961:{
        -: 2962:    if (this->__size_ == this->capacity())
        -: 2963:        reserve(__recommend(this->__size_ + 1));
        -: 2964:    ++this->__size_;
        -: 2965:    back() = __x;
        -: 2966:}
        -: 2967:
        -: 2968:template <class _Allocator>
        -: 2969:_LIBCPP_CONSTEXPR_SINCE_CXX20 typename vector<bool, _Allocator>::iterator
        -: 2970:vector<bool, _Allocator>::insert(const_iterator __position, const value_type& __x)
        -: 2971:{
        -: 2972:    iterator __r;
        -: 2973:    if (size() < capacity())
        -: 2974:    {
        -: 2975:        const_iterator __old_end = end();
        -: 2976:        ++__size_;
        -: 2977:        std::copy_backward(__position, __old_end, end());
        -: 2978:        __r = __const_iterator_cast(__position);
        -: 2979:    }
        -: 2980:    else
        -: 2981:    {
        -: 2982:        vector __v(get_allocator());
        -: 2983:        __v.reserve(__recommend(__size_ + 1));
        -: 2984:        __v.__size_ = __size_ + 1;
        -: 2985:        __r = std::copy(cbegin(), __position, __v.begin());
        -: 2986:        std::copy_backward(__position, cend(), __v.end());
        -: 2987:        swap(__v);
        -: 2988:    }
        -: 2989:    *__r = __x;
        -: 2990:    return __r;
        -: 2991:}
        -: 2992:
        -: 2993:template <class _Allocator>
        -: 2994:_LIBCPP_CONSTEXPR_SINCE_CXX20 typename vector<bool, _Allocator>::iterator
        -: 2995:vector<bool, _Allocator>::insert(const_iterator __position, size_type __n, const value_type& __x)
        -: 2996:{
        -: 2997:    iterator __r;
        -: 2998:    size_type __c = capacity();
        -: 2999:    if (__n <= __c && size() <= __c - __n)
        -: 3000:    {
        -: 3001:        const_iterator __old_end = end();
        -: 3002:        __size_ += __n;
        -: 3003:        std::copy_backward(__position, __old_end, end());
        -: 3004:        __r = __const_iterator_cast(__position);
        -: 3005:    }
        -: 3006:    else
        -: 3007:    {
        -: 3008:        vector __v(get_allocator());
        -: 3009:        __v.reserve(__recommend(__size_ + __n));
        -: 3010:        __v.__size_ = __size_ + __n;
        -: 3011:        __r = std::copy(cbegin(), __position, __v.begin());
        -: 3012:        std::copy_backward(__position, cend(), __v.end());
        -: 3013:        swap(__v);
        -: 3014:    }
        -: 3015:    std::fill_n(__r, __n, __x);
        -: 3016:    return __r;
        -: 3017:}
        -: 3018:
        -: 3019:template <class _Allocator>
        -: 3020:template <class _InputIterator>
        -: 3021:_LIBCPP_CONSTEXPR_SINCE_CXX20 typename enable_if <__is_exactly_cpp17_input_iterator<_InputIterator>::value,
        -: 3022:    typename vector<bool, _Allocator>::iterator
        -: 3023:>::type
        -: 3024:vector<bool, _Allocator>::insert(const_iterator __position, _InputIterator __first, _InputIterator __last)
        -: 3025:{
        -: 3026:    difference_type __off = __position - begin();
        -: 3027:    iterator __p = __const_iterator_cast(__position);
        -: 3028:    iterator __old_end = end();
        -: 3029:    for (; size() != capacity() && __first != __last; ++__first)
        -: 3030:    {
        -: 3031:        ++this->__size_;
        -: 3032:        back() = *__first;
        -: 3033:    }
        -: 3034:    vector __v(get_allocator());
        -: 3035:    if (__first != __last)
        -: 3036:    {
        -: 3037:#ifndef _LIBCPP_NO_EXCEPTIONS
        -: 3038:        try
        -: 3039:        {
        -: 3040:#endif // _LIBCPP_NO_EXCEPTIONS
        -: 3041:            __v.assign(__first, __last);
        -: 3042:            difference_type __old_size = static_cast<difference_type>(__old_end - begin());
        -: 3043:            difference_type __old_p = __p - begin();
        -: 3044:            reserve(__recommend(size() + __v.size()));
        -: 3045:            __p = begin() + __old_p;
        -: 3046:            __old_end = begin() + __old_size;
        -: 3047:#ifndef _LIBCPP_NO_EXCEPTIONS
        -: 3048:        }
        -: 3049:        catch (...)
        -: 3050:        {
        -: 3051:            erase(__old_end, end());
        -: 3052:            throw;
        -: 3053:        }
        -: 3054:#endif // _LIBCPP_NO_EXCEPTIONS
        -: 3055:    }
        -: 3056:    __p = std::rotate(__p, __old_end, end());
        -: 3057:    insert(__p, __v.begin(), __v.end());
        -: 3058:    return begin() + __off;
        -: 3059:}
        -: 3060:
        -: 3061:template <class _Allocator>
        -: 3062:template <class _ForwardIterator>
        -: 3063:_LIBCPP_CONSTEXPR_SINCE_CXX20
        -: 3064:typename enable_if
        -: 3065:<
        -: 3066:    __is_cpp17_forward_iterator<_ForwardIterator>::value,
        -: 3067:    typename vector<bool, _Allocator>::iterator
        -: 3068:>::type
        -: 3069:vector<bool, _Allocator>::insert(const_iterator __position, _ForwardIterator __first, _ForwardIterator __last)
        -: 3070:{
        -: 3071:    const difference_type __n_signed = std::distance(__first, __last);
        -: 3072:    _LIBCPP_ASSERT(__n_signed >= 0, "invalid range specified");
        -: 3073:    const size_type __n = static_cast<size_type>(__n_signed);
        -: 3074:    iterator __r;
        -: 3075:    size_type __c = capacity();
        -: 3076:    if (__n <= __c && size() <= __c - __n)
        -: 3077:    {
        -: 3078:        const_iterator __old_end = end();
        -: 3079:        __size_ += __n;
        -: 3080:        std::copy_backward(__position, __old_end, end());
        -: 3081:        __r = __const_iterator_cast(__position);
        -: 3082:    }
        -: 3083:    else
        -: 3084:    {
        -: 3085:        vector __v(get_allocator());
        -: 3086:        __v.reserve(__recommend(__size_ + __n));
        -: 3087:        __v.__size_ = __size_ + __n;
        -: 3088:        __r = std::copy(cbegin(), __position, __v.begin());
        -: 3089:        std::copy_backward(__position, cend(), __v.end());
        -: 3090:        swap(__v);
        -: 3091:    }
        -: 3092:    std::copy(__first, __last, __r);
        -: 3093:    return __r;
        -: 3094:}
        -: 3095:
        -: 3096:template <class _Allocator>
        -: 3097:inline _LIBCPP_HIDE_FROM_ABI _LIBCPP_CONSTEXPR_SINCE_CXX20
        -: 3098:typename vector<bool, _Allocator>::iterator
        -: 3099:vector<bool, _Allocator>::erase(const_iterator __position)
        -: 3100:{
        -: 3101:    iterator __r = __const_iterator_cast(__position);
        -: 3102:    std::copy(__position + 1, this->cend(), __r);
        -: 3103:    --__size_;
        -: 3104:    return __r;
        -: 3105:}
        -: 3106:
        -: 3107:template <class _Allocator>
        -: 3108:_LIBCPP_CONSTEXPR_SINCE_CXX20
        -: 3109:typename vector<bool, _Allocator>::iterator
        -: 3110:vector<bool, _Allocator>::erase(const_iterator __first, const_iterator __last)
        -: 3111:{
        -: 3112:    iterator __r = __const_iterator_cast(__first);
        -: 3113:    difference_type __d = __last - __first;
        -: 3114:    std::copy(__last, this->cend(), __r);
        -: 3115:    __size_ -= __d;
        -: 3116:    return __r;
        -: 3117:}
        -: 3118:
        -: 3119:template <class _Allocator>
        -: 3120:_LIBCPP_CONSTEXPR_SINCE_CXX20 void
        -: 3121:vector<bool, _Allocator>::swap(vector& __x)
        -: 3122:#if _LIBCPP_STD_VER >= 14
        -: 3123:    _NOEXCEPT
        -: 3124:#else
        -: 3125:    _NOEXCEPT_(!__alloc_traits::propagate_on_container_swap::value ||
        -: 3126:                __is_nothrow_swappable<allocator_type>::value)
        -: 3127:#endif
        -: 3128:{
        -: 3129:    std::swap(this->__begin_, __x.__begin_);
        -: 3130:    std::swap(this->__size_, __x.__size_);
        -: 3131:    std::swap(this->__cap(), __x.__cap());
        -: 3132:    std::__swap_allocator(this->__alloc(), __x.__alloc(),
        -: 3133:        integral_constant<bool, __alloc_traits::propagate_on_container_swap::value>());
        -: 3134:}
        -: 3135:
        -: 3136:template <class _Allocator>
        -: 3137:_LIBCPP_CONSTEXPR_SINCE_CXX20 void
        -: 3138:vector<bool, _Allocator>::resize(size_type __sz, value_type __x)
        -: 3139:{
        -: 3140:    size_type __cs = size();
        -: 3141:    if (__cs < __sz)
        -: 3142:    {
        -: 3143:        iterator __r;
        -: 3144:        size_type __c = capacity();
        -: 3145:        size_type __n = __sz - __cs;
        -: 3146:        if (__n <= __c && __cs <= __c - __n)
        -: 3147:        {
        -: 3148:            __r = end();
        -: 3149:            __size_ += __n;
        -: 3150:        }
        -: 3151:        else
        -: 3152:        {
        -: 3153:            vector __v(get_allocator());
        -: 3154:            __v.reserve(__recommend(__size_ + __n));
        -: 3155:            __v.__size_ = __size_ + __n;
        -: 3156:            __r = std::copy(cbegin(), cend(), __v.begin());
        -: 3157:            swap(__v);
        -: 3158:        }
        -: 3159:        std::fill_n(__r, __n, __x);
        -: 3160:    }
        -: 3161:    else
        -: 3162:        __size_ = __sz;
        -: 3163:}
        -: 3164:
        -: 3165:template <class _Allocator>
        -: 3166:_LIBCPP_CONSTEXPR_SINCE_CXX20 void
        -: 3167:vector<bool, _Allocator>::flip() _NOEXCEPT
        -: 3168:{
        -: 3169:    // do middle whole words
        -: 3170:    size_type __n = __size_;
        -: 3171:    __storage_pointer __p = __begin_;
        -: 3172:    for (; __n >= __bits_per_word; ++__p, __n -= __bits_per_word)
        -: 3173:        *__p = ~*__p;
        -: 3174:    // do last partial word
        -: 3175:    if (__n > 0)
        -: 3176:    {
        -: 3177:        __storage_type __m = ~__storage_type(0) >> (__bits_per_word - __n);
        -: 3178:        __storage_type __b = *__p & __m;
        -: 3179:        *__p &= ~__m;
        -: 3180:        *__p |= ~__b & __m;
        -: 3181:    }
        -: 3182:}
        -: 3183:
        -: 3184:template <class _Allocator>
        -: 3185:_LIBCPP_CONSTEXPR_SINCE_CXX20 bool
        -: 3186:vector<bool, _Allocator>::__invariants() const
        -: 3187:{
        -: 3188:    if (this->__begin_ == nullptr)
        -: 3189:    {
        -: 3190:        if (this->__size_ != 0 || this->__cap() != 0)
        -: 3191:            return false;
        -: 3192:    }
        -: 3193:    else
        -: 3194:    {
        -: 3195:        if (this->__cap() == 0)
        -: 3196:            return false;
        -: 3197:        if (this->__size_ > this->capacity())
        -: 3198:            return false;
        -: 3199:    }
        -: 3200:    return true;
        -: 3201:}
        -: 3202:
        -: 3203:template <class _Allocator>
        -: 3204:_LIBCPP_CONSTEXPR_SINCE_CXX20 size_t
        -: 3205:vector<bool, _Allocator>::__hash_code() const _NOEXCEPT
        -: 3206:{
        -: 3207:    size_t __h = 0;
        -: 3208:    // do middle whole words
        -: 3209:    size_type __n = __size_;
        -: 3210:    __storage_pointer __p = __begin_;
        -: 3211:    for (; __n >= __bits_per_word; ++__p, __n -= __bits_per_word)
        -: 3212:        __h ^= *__p;
        -: 3213:    // do last partial word
        -: 3214:    if (__n > 0)
        -: 3215:    {
        -: 3216:        const __storage_type __m = ~__storage_type(0) >> (__bits_per_word - __n);
        -: 3217:        __h ^= *__p & __m;
        -: 3218:    }
        -: 3219:    return __h;
        -: 3220:}
        -: 3221:
        -: 3222:template <class _Allocator>
        -: 3223:struct _LIBCPP_TEMPLATE_VIS hash<vector<bool, _Allocator> >
        -: 3224:    : public __unary_function<vector<bool, _Allocator>, size_t>
        -: 3225:{
        -: 3226:    _LIBCPP_HIDE_FROM_ABI _LIBCPP_CONSTEXPR_SINCE_CXX20
        -: 3227:    size_t operator()(const vector<bool, _Allocator>& __vec) const _NOEXCEPT
        -: 3228:        {return __vec.__hash_code();}
        -: 3229:};
        -: 3230:
        -: 3231:template <class _Tp, class _Allocator>
        -: 3232:_LIBCPP_CONSTEXPR_SINCE_CXX20
        -: 3233:inline _LIBCPP_HIDE_FROM_ABI
        -: 3234:bool
        -: 3235:operator==(const vector<_Tp, _Allocator>& __x, const vector<_Tp, _Allocator>& __y)
        -: 3236:{
        -: 3237:    const typename vector<_Tp, _Allocator>::size_type __sz = __x.size();
        -: 3238:    return __sz == __y.size() && std::equal(__x.begin(), __x.end(), __y.begin());
        -: 3239:}
        -: 3240:
        -: 3241:template <class _Tp, class _Allocator>
        -: 3242:_LIBCPP_CONSTEXPR_SINCE_CXX20
        -: 3243:inline _LIBCPP_HIDE_FROM_ABI
        -: 3244:bool
        -: 3245:operator!=(const vector<_Tp, _Allocator>& __x, const vector<_Tp, _Allocator>& __y)
        -: 3246:{
        -: 3247:    return !(__x == __y);
        -: 3248:}
        -: 3249:
        -: 3250:template <class _Tp, class _Allocator>
        -: 3251:_LIBCPP_CONSTEXPR_SINCE_CXX20
        -: 3252:inline _LIBCPP_HIDE_FROM_ABI
        -: 3253:bool
        -: 3254:operator< (const vector<_Tp, _Allocator>& __x, const vector<_Tp, _Allocator>& __y)
        -: 3255:{
        -: 3256:    return std::lexicographical_compare(__x.begin(), __x.end(), __y.begin(), __y.end());
        -: 3257:}
        -: 3258:
        -: 3259:template <class _Tp, class _Allocator>
        -: 3260:_LIBCPP_CONSTEXPR_SINCE_CXX20
        -: 3261:inline _LIBCPP_HIDE_FROM_ABI
        -: 3262:bool
        -: 3263:operator> (const vector<_Tp, _Allocator>& __x, const vector<_Tp, _Allocator>& __y)
        -: 3264:{
        -: 3265:    return __y < __x;
        -: 3266:}
        -: 3267:
        -: 3268:template <class _Tp, class _Allocator>
        -: 3269:_LIBCPP_CONSTEXPR_SINCE_CXX20
        -: 3270:inline _LIBCPP_HIDE_FROM_ABI
        -: 3271:bool
        -: 3272:operator>=(const vector<_Tp, _Allocator>& __x, const vector<_Tp, _Allocator>& __y)
        -: 3273:{
        -: 3274:    return !(__x < __y);
        -: 3275:}
        -: 3276:
        -: 3277:template <class _Tp, class _Allocator>
        -: 3278:_LIBCPP_CONSTEXPR_SINCE_CXX20
        -: 3279:inline _LIBCPP_HIDE_FROM_ABI
        -: 3280:bool
        -: 3281:operator<=(const vector<_Tp, _Allocator>& __x, const vector<_Tp, _Allocator>& __y)
        -: 3282:{
        -: 3283:    return !(__y < __x);
        -: 3284:}
        -: 3285:
        -: 3286:template <class _Tp, class _Allocator>
        -: 3287:_LIBCPP_CONSTEXPR_SINCE_CXX20
        -: 3288:inline _LIBCPP_HIDE_FROM_ABI
        -: 3289:void
        -: 3290:swap(vector<_Tp, _Allocator>& __x, vector<_Tp, _Allocator>& __y)
        -: 3291:    _NOEXCEPT_(_NOEXCEPT_(__x.swap(__y)))
        -: 3292:{
        -: 3293:    __x.swap(__y);
        -: 3294:}
        -: 3295:
        -: 3296:#if _LIBCPP_STD_VER > 17
        -: 3297:template <class _Tp, class _Allocator, class _Up>
        -: 3298:_LIBCPP_CONSTEXPR_SINCE_CXX20
        -: 3299:inline _LIBCPP_HIDE_FROM_ABI typename vector<_Tp, _Allocator>::size_type
        -: 3300:erase(vector<_Tp, _Allocator>& __c, const _Up& __v) {
        -: 3301:  auto __old_size = __c.size();
        -: 3302:  __c.erase(std::remove(__c.begin(), __c.end(), __v), __c.end());
        -: 3303:  return __old_size - __c.size();
        -: 3304:}
        -: 3305:
        -: 3306:template <class _Tp, class _Allocator, class _Predicate>
        -: 3307:_LIBCPP_CONSTEXPR_SINCE_CXX20
        -: 3308:inline _LIBCPP_HIDE_FROM_ABI typename vector<_Tp, _Allocator>::size_type
        -: 3309:erase_if(vector<_Tp, _Allocator>& __c, _Predicate __pred) {
        -: 3310:  auto __old_size = __c.size();
        -: 3311:  __c.erase(std::remove_if(__c.begin(), __c.end(), __pred), __c.end());
        -: 3312:  return __old_size - __c.size();
        -: 3313:}
        -: 3314:
        -: 3315:template <>
        -: 3316:inline constexpr bool __format::__enable_insertable<vector<char>> = true;
        -: 3317:#ifndef _LIBCPP_HAS_NO_WIDE_CHARACTERS
        -: 3318:template <>
        -: 3319:inline constexpr bool __format::__enable_insertable<vector<wchar_t>> = true;
        -: 3320:#endif
        -: 3321:
        -: 3322:#endif // _LIBCPP_STD_VER > 17
        -: 3323:
        -: 3324:#if _LIBCPP_STD_VER > 20
        -: 3325:template <class _Tp, class CharT>
        -: 3326:// Since is-vector-bool-reference is only used once it's inlined here.
        -: 3327:  requires same_as<typename _Tp::__container, vector<bool, typename _Tp::__container::allocator_type>>
        -: 3328:struct _LIBCPP_TEMPLATE_VIS _LIBCPP_AVAILABILITY_FORMAT formatter<_Tp, CharT> {
        -: 3329:private:
        -: 3330:  formatter<bool, CharT> __underlying_;
        -: 3331:
        -: 3332:public:
        -: 3333:  template <class _ParseContext>
        -: 3334:  _LIBCPP_HIDE_FROM_ABI constexpr typename _ParseContext::iterator parse(_ParseContext& __ctx) {
        -: 3335:        return __underlying_.parse(__ctx);
        -: 3336:  }
        -: 3337:
        -: 3338:  template <class _FormatContext>
        -: 3339:  _LIBCPP_HIDE_FROM_ABI typename _FormatContext::iterator format(const _Tp& __ref, _FormatContext& __ctx) const {
        -: 3340:        return __underlying_.format(__ref, __ctx);
        -: 3341:  }
        -: 3342:};
        -: 3343:#endif // _LIBCPP_STD_VER > 20
        -: 3344:
        -: 3345:_LIBCPP_END_NAMESPACE_STD
        -: 3346:
        -: 3347:#if _LIBCPP_STD_VER > 14
        -: 3348:_LIBCPP_BEGIN_NAMESPACE_STD
        -: 3349:namespace pmr {
        -: 3350:template <class _ValueT>
        -: 3351:using vector = std::vector<_ValueT, polymorphic_allocator<_ValueT>>;
        -: 3352:} // namespace pmr
        -: 3353:_LIBCPP_END_NAMESPACE_STD
        -: 3354:#endif
        -: 3355:
        -: 3356:_LIBCPP_POP_MACROS
        -: 3357:
        -: 3358:#if !defined(_LIBCPP_REMOVE_TRANSITIVE_INCLUDES) && _LIBCPP_STD_VER <= 20
        -: 3359:#  include <algorithm>
        -: 3360:#  include <atomic>
        -: 3361:#  include <concepts>
        -: 3362:#  include <typeinfo>
        -: 3363:#  include <utility>
        -: 3364:#endif
        -: 3365:
        -: 3366:#endif // _LIBCPP_VECTOR
